#
# There is insufficient memory for the Java Runtime Environment to continue.
# Native memory allocation (malloc) failed to allocate 1321536 bytes for Chunk::new
# Possible reasons:
#   The system is out of physical RAM or swap space
#   The process is running with CompressedOops enabled, and the Java Heap may be blocking the growth of the native heap
# Possible solutions:
#   Reduce memory load on the system
#   Increase physical memory or swap space
#   Check if swap backing store is full
#   Decrease Java heap size (-Xmx/-Xms)
#   Decrease number of Java threads
#   Decrease Java thread stack sizes (-Xss)
#   Set larger code cache with -XX:ReservedCodeCacheSize=
#   JVM is running with Unscaled Compressed Oops mode in which the Java heap is
#     placed in the first 4GB address space. The Java Heap base address is the
#     maximum limit for the native heap growth. Please use -XX:HeapBaseMinAddress
#     to set the Java Heap base and to place the Java Heap above 4GB virtual address.
# This output file may be truncated or incomplete.
#
#  Out of Memory Error (./src/hotspot/share/memory/arena.cpp:197), pid=6108, tid=6456
#
# JRE version: OpenJDK Runtime Environment (11.0.8+10) (build 11.0.8+10-b944.6842174)
# Java VM: OpenJDK 64-Bit Server VM (11.0.8+10-b944.6842174, mixed mode, tiered, compressed oops, g1 gc, windows-amd64)
# No core dump will be written. Minidumps are not enabled by default on client versions of Windows
#

---------------  S U M M A R Y ------------

Command Line: --add-opens=java.base/java.util=ALL-UNNAMED --add-opens=java.base/java.lang=ALL-UNNAMED --add-opens=java.base/java.lang.invoke=ALL-UNNAMED --add-opens=java.prefs/java.util.prefs=ALL-UNNAMED -Xmx2048m -Dfile.encoding=UTF-8 -Duser.country=US -Duser.language=en -Duser.variant org.gradle.launcher.daemon.bootstrap.GradleDaemon 6.7.1

Host: Intel(R) Core(TM) i7-8565U CPU @ 1.80GHz, 8 cores, 7G,  Windows 10 , 64 bit Build 21390 (10.0.21390.1)
Time: Fri Jun 25 00:38:37 2021 Bangladesh Standard Time elapsed time: 20 seconds (0d 0h 0m 20s)

---------------  T H R E A D  ---------------

Current thread (0x00000288eb8a9000):  JavaThread "C2 CompilerThread0" daemon [_thread_in_native, id=6456, stack(0x00000095fa700000,0x00000095fa800000)]


Current CompileTask:
C2:  20280 6216 %     4       org.gradle.internal.instantiation.generator.AbstractClassGenerator::inspectType @ 207 (560 bytes)

Stack: [0x00000095fa700000,0x00000095fa800000]
Native frames: (J=compiled Java code, j=interpreted, Vv=VM code, C=native code)
V  [jvm.dll+0x5de50a]
V  [jvm.dll+0x7122f5]
V  [jvm.dll+0x71384d]
V  [jvm.dll+0x713f03]
V  [jvm.dll+0x23e728]
V  [jvm.dll+0xb899c]
V  [jvm.dll+0xb8e9c]
V  [jvm.dll+0x2b20e4]
V  [jvm.dll+0x502098]
V  [jvm.dll+0x1ff393]
V  [jvm.dll+0x1f917c]
V  [jvm.dll+0x1f685f]
V  [jvm.dll+0x17f32c]
V  [jvm.dll+0x205047]
V  [jvm.dll+0x203891]
V  [jvm.dll+0x6dad3f]
V  [jvm.dll+0x6d3895]
V  [jvm.dll+0x5dd4a6]
C  [ucrtbase.dll+0x26c0c]
C  [KERNEL32.DLL+0x154e0]
C  [ntdll.dll+0x485b]


---------------  P R O C E S S  ---------------

Threads class SMR info:
_java_thread_list=0x00000288edf4d930, length=136, elements={
0x00000288d15a0000, 0x00000288eb88e000, 0x00000288eb898000, 0x00000288eb8a6800,
0x00000288eb8a7800, 0x00000288eb8a9000, 0x00000288eb8ac800, 0x00000288eb8ae000,
0x00000288ec28a800, 0x00000288ec2a6800, 0x00000288ee978000, 0x00000288ecc67800,
0x00000288ec356000, 0x00000288ee37a000, 0x00000288edcd9800, 0x00000288edd19800,
0x00000288ee393000, 0x00000288ee31b000, 0x00000288ede59000, 0x00000288ee565000,
0x00000288ee2fd000, 0x00000288ee2fc000, 0x00000288ee301000, 0x00000288ee2ff000,
0x00000288ee2fd800, 0x00000288ee2fb000, 0x00000288ee300000, 0x00000288ee301800,
0x00000288ee2fe800, 0x00000288eed68800, 0x00000288eed66000, 0x00000288eed67000,
0x00000288eed64800, 0x00000288eed62800, 0x00000288eed6b000, 0x00000288eed6e000,
0x00000288eed6f000, 0x00000288eed6b800, 0x00000288eed69800, 0x00000288eed6c800,
0x00000288eed6d800, 0x00000288eed70000, 0x00000288eed6a000, 0x00000288eed70800,
0x00000288eed71800, 0x00000288edeca800, 0x00000288edecd800, 0x00000288edecc000,
0x00000288edecf000, 0x00000288eded0000, 0x00000288eded1000, 0x00000288edecb000,
0x00000288eded2800, 0x00000288edece800, 0x00000288eded1800, 0x00000288edecd000,
0x00000288eded9000, 0x00000288eded3800, 0x00000288eded5000, 0x00000288eded6800,
0x00000288eded4000, 0x00000288eded6000, 0x00000288eded7800, 0x00000288eded8000,
0x00000288f06c9000, 0x00000288f06ca800, 0x00000288f06c6000, 0x00000288f06c8800,
0x00000288f06c7800, 0x00000288f06c6800, 0x00000288f06ca000, 0x00000288f06c5000,
0x00000288f06cf800, 0x00000288f06cf000, 0x00000288f06d1800, 0x00000288f06cb800,
0x00000288f06cc800, 0x00000288f06d3000, 0x00000288f06ce000, 0x00000288f06d0800,
0x00000288f06d2000, 0x00000288f06cd000, 0x00000288f06d3800, 0x00000288ede84000,
0x00000288ede86000, 0x00000288ede87800, 0x00000288ede86800, 0x00000288ede88800,
0x00000288ede83800, 0x00000288ede85000, 0x00000288ede89000, 0x00000288ede8b000,
0x00000288ede8f000, 0x00000288ede8f800, 0x00000288ede8e000, 0x00000288ede8c800,
0x00000288ede8d000, 0x00000288ede8a000, 0x00000288ede90800, 0x00000288ede91800,
0x00000288ede8b800, 0x00000288ede92000, 0x00000288eea1a800, 0x00000288eea1b800,
0x00000288eea1d000, 0x00000288eea1c000, 0x00000288eea17800, 0x00000288eea1e000,
0x00000288eea18000, 0x00000288eea1e800, 0x00000288eea19800, 0x00000288eea19000,
0x00000288eea21000, 0x00000288eea22000, 0x00000288eea24800, 0x00000288eea25000,
0x00000288eea22800, 0x00000288eea23800, 0x00000288eea1f800, 0x00000288eea26000,
0x00000288eea20800, 0x00000288f0ac4800, 0x00000288f0ac6800, 0x00000288f0ac5000,
0x00000288f0ac6000, 0x00000288f0acc800, 0x00000288f0ac8800, 0x00000288f0acd800,
0x00000288f0acb800, 0x00000288f0ac9000, 0x00000288f0ac7800, 0x00000288f0acb000,
0x00000288f0acf000, 0x00000288f0acf800, 0x00000288f0ace000, 0x00000288f0ad2000
}

Java Threads: ( => current thread )
  0x00000288d15a0000 JavaThread "main" [_thread_blocked, id=5344, stack(0x00000095f9c00000,0x00000095f9d00000)]
  0x00000288eb88e000 JavaThread "Reference Handler" daemon [_thread_blocked, id=2060, stack(0x00000095fa300000,0x00000095fa400000)]
  0x00000288eb898000 JavaThread "Finalizer" daemon [_thread_blocked, id=13284, stack(0x00000095fa400000,0x00000095fa500000)]
  0x00000288eb8a6800 JavaThread "Signal Dispatcher" daemon [_thread_blocked, id=13468, stack(0x00000095fa500000,0x00000095fa600000)]
  0x00000288eb8a7800 JavaThread "Attach Listener" daemon [_thread_blocked, id=8892, stack(0x00000095fa600000,0x00000095fa700000)]
=>0x00000288eb8a9000 JavaThread "C2 CompilerThread0" daemon [_thread_in_native, id=6456, stack(0x00000095fa700000,0x00000095fa800000)]
  0x00000288eb8ac800 JavaThread "C1 CompilerThread0" daemon [_thread_blocked, id=15892, stack(0x00000095fa800000,0x00000095fa900000)]
  0x00000288eb8ae000 JavaThread "Sweeper thread" daemon [_thread_blocked, id=7312, stack(0x00000095fa900000,0x00000095faa00000)]
  0x00000288ec28a800 JavaThread "Common-Cleaner" daemon [_thread_blocked, id=12656, stack(0x00000095faa00000,0x00000095fab00000)]
  0x00000288ec2a6800 JavaThread "Service Thread" daemon [_thread_blocked, id=12208, stack(0x00000095fab00000,0x00000095fac00000)]
  0x00000288ee978000 JavaThread "Daemon health stats" [_thread_blocked, id=10284, stack(0x00000095fb100000,0x00000095fb200000)]
  0x00000288ecc67800 JavaThread "Incoming local TCP Connector on port 6587" [_thread_in_native, id=11172, stack(0x00000095fb200000,0x00000095fb300000)]
  0x00000288ec356000 JavaThread "Daemon periodic checks" [_thread_blocked, id=8896, stack(0x00000095fb300000,0x00000095fb400000)]
  0x00000288ee37a000 JavaThread "Daemon" [_thread_blocked, id=16760, stack(0x00000095fb400000,0x00000095fb500000)]
  0x00000288edcd9800 JavaThread "Handler for socket connection from /127.0.0.1:6587 to /127.0.0.1:6588" [_thread_in_native, id=10880, stack(0x00000095fb500000,0x00000095fb600000)]
  0x00000288edd19800 JavaThread "Cancel handler" [_thread_blocked, id=16904, stack(0x00000095fb600000,0x00000095fb700000)]
  0x00000288ee393000 JavaThread "Daemon worker" [_thread_in_Java, id=18188, stack(0x00000095fb700000,0x00000095fb800000)]
  0x00000288ee31b000 JavaThread "Asynchronous log dispatcher for DefaultDaemonConnection: socket connection from /127.0.0.1:6587 to /127.0.0.1:6588" [_thread_blocked, id=5992, stack(0x00000095fb800000,0x00000095fb900000)]
  0x00000288ede59000 JavaThread "Stdin handler" [_thread_blocked, id=12812, stack(0x00000095fb900000,0x00000095fba00000)]
  0x00000288ee565000 JavaThread "Thread-8" [_thread_blocked, id=7440, stack(0x00000095fba00000,0x00000095fbb00000)]
  0x00000288ee2fd000 JavaThread "Cache worker for file hash cache (C:\Users\ddroy\.gradle\caches\6.7.1\fileHashes)" [_thread_blocked, id=7960, stack(0x00000095fc000000,0x00000095fc100000)]
  0x00000288ee2fc000 JavaThread "File lock request listener" [_thread_in_native, id=17616, stack(0x00000095fc100000,0x00000095fc200000)]
  0x00000288ee301000 JavaThread "Cache worker for journal cache (C:\Users\ddroy\.gradle\caches\journal-1)" [_thread_blocked, id=12572, stack(0x00000095fc300000,0x00000095fc400000)]
  0x00000288ee2ff000 JavaThread "Cache worker for file hash cache (C:\Users\ddroy\AndroidStudioProjects\CSE2200_offline1\.gradle\6.7.1\fileHashes)" [_thread_blocked, id=4848, stack(0x00000095fc500000,0x00000095fc600000)]
  0x00000288ee2fd800 JavaThread "Cache worker for checksums cache (C:\Users\ddroy\AndroidStudioProjects\CSE2200_offline1\.gradle\checksums)" [_thread_blocked, id=17460, stack(0x00000095fc600000,0x00000095fc700000)]
  0x00000288ee2fb000 JavaThread "Cache worker for cache directory md-supplier (C:\Users\ddroy\.gradle\caches\6.7.1\md-supplier)" [_thread_blocked, id=19076, stack(0x00000095fc700000,0x00000095fc800000)]
  0x00000288ee300000 JavaThread "Cache worker for cache directory md-rule (C:\Users\ddroy\.gradle\caches\6.7.1\md-rule)" [_thread_blocked, id=4308, stack(0x00000095fc800000,0x00000095fc900000)]
  0x00000288ee301800 JavaThread "Cache worker for execution history cache (C:\Users\ddroy\.gradle\caches\6.7.1\executionHistory)" [_thread_blocked, id=12768, stack(0x00000095fc900000,0x00000095fca00000)]
  0x00000288ee2fe800 JavaThread "jar transforms" [_thread_blocked, id=12888, stack(0x00000095fca00000,0x00000095fcb00000)]
  0x00000288eed68800 JavaThread "Cache worker for file content cache (C:\Users\ddroy\.gradle\caches\6.7.1\fileContent)" [_thread_blocked, id=7144, stack(0x00000095fcb00000,0x00000095fcc00000)]
  0x00000288eed66000 JavaThread "Cache worker for Build Output Cleanup Cache (C:\Users\ddroy\AndroidStudioProjects\CSE2200_offline1\.gradle\buildOutputCleanup)" [_thread_blocked, id=10192, stack(0x00000095fcc00000,0x00000095fcd00000)]
  0x00000288eed67000 JavaThread "Build operations" [_thread_blocked, id=18360, stack(0x00000095fcd00000,0x00000095fce00000)]
  0x00000288eed64800 JavaThread "Build operations Thread 2" [_thread_blocked, id=12964, stack(0x00000095fce00000,0x00000095fcf00000)]
  0x00000288eed62800 JavaThread "Build operations Thread 3" [_thread_blocked, id=636, stack(0x00000095fcf00000,0x00000095fd000000)]
  0x00000288eed6b000 JavaThread "Build operations Thread 4" [_thread_blocked, id=16144, stack(0x00000095fd000000,0x00000095fd100000)]
  0x00000288eed6e000 JavaThread "Build operations Thread 5" [_thread_blocked, id=18252, stack(0x00000095fd100000,0x00000095fd200000)]
  0x00000288eed6f000 JavaThread "Build operations Thread 6" [_thread_blocked, id=2136, stack(0x00000095fd200000,0x00000095fd300000)]
  0x00000288eed6b800 JavaThread "Build operations Thread 7" [_thread_blocked, id=12056, stack(0x00000095fd300000,0x00000095fd400000)]
  0x00000288eed69800 JavaThread "Build operations Thread 8" [_thread_blocked, id=12904, stack(0x00000095fd400000,0x00000095fd500000)]
  0x00000288eed6c800 JavaThread "jar transforms Thread 2" [_thread_blocked, id=14064, stack(0x00000095fd500000,0x00000095fd600000)]
  0x00000288eed6d800 JavaThread "jar transforms Thread 3" [_thread_blocked, id=13812, stack(0x00000095fd600000,0x00000095fd700000)]
  0x00000288eed70000 JavaThread "jar transforms Thread 4" [_thread_blocked, id=3460, stack(0x00000095fd700000,0x00000095fd800000)]
  0x00000288eed6a000 JavaThread "jar transforms Thread 5" [_thread_blocked, id=3452, stack(0x00000095fd800000,0x00000095fd900000)]
  0x00000288eed70800 JavaThread "jar transforms Thread 6" [_thread_blocked, id=11972, stack(0x00000095fd900000,0x00000095fda00000)]
  0x00000288eed71800 JavaThread "jar transforms Thread 7" [_thread_blocked, id=14776, stack(0x00000095fda00000,0x00000095fdb00000)]
  0x00000288edeca800 JavaThread "jar transforms Thread 8" [_thread_blocked, id=516, stack(0x00000095fdb00000,0x00000095fdc00000)]
  0x00000288edecd800 JavaThread "jar transforms Thread 9" [_thread_blocked, id=5920, stack(0x00000095fdc00000,0x00000095fdd00000)]
  0x00000288edecc000 JavaThread "jar transforms Thread 10" [_thread_blocked, id=660, stack(0x00000095fdd00000,0x00000095fde00000)]
  0x00000288edecf000 JavaThread "jar transforms Thread 11" [_thread_blocked, id=13732, stack(0x00000095fde00000,0x00000095fdf00000)]
  0x00000288eded0000 JavaThread "jar transforms Thread 12" [_thread_blocked, id=8680, stack(0x00000095fdf00000,0x00000095fe000000)]
  0x00000288eded1000 JavaThread "jar transforms Thread 13" [_thread_blocked, id=14496, stack(0x00000095fe000000,0x00000095fe100000)]
  0x00000288edecb000 JavaThread "jar transforms Thread 14" [_thread_blocked, id=10292, stack(0x00000095fe100000,0x00000095fe200000)]
  0x00000288eded2800 JavaThread "jar transforms Thread 15" [_thread_blocked, id=13736, stack(0x00000095fe200000,0x00000095fe300000)]
  0x00000288edece800 JavaThread "jar transforms Thread 16" [_thread_blocked, id=4760, stack(0x00000095fe300000,0x00000095fe400000)]
  0x00000288eded1800 JavaThread "jar transforms Thread 17" [_thread_blocked, id=15932, stack(0x00000095fe400000,0x00000095fe500000)]
  0x00000288edecd000 JavaThread "jar transforms Thread 18" [_thread_blocked, id=2384, stack(0x00000095fe500000,0x00000095fe600000)]
  0x00000288eded9000 JavaThread "jar transforms Thread 19" [_thread_blocked, id=10948, stack(0x00000095fe600000,0x00000095fe700000)]
  0x00000288eded3800 JavaThread "jar transforms Thread 20" [_thread_blocked, id=600, stack(0x00000095fe700000,0x00000095fe800000)]
  0x00000288eded5000 JavaThread "jar transforms Thread 21" [_thread_blocked, id=12600, stack(0x00000095fe800000,0x00000095fe900000)]
  0x00000288eded6800 JavaThread "jar transforms Thread 22" [_thread_blocked, id=6684, stack(0x00000095fe900000,0x00000095fea00000)]
  0x00000288eded4000 JavaThread "jar transforms Thread 23" [_thread_blocked, id=16016, stack(0x00000095fea00000,0x00000095feb00000)]
  0x00000288eded6000 JavaThread "jar transforms Thread 24" [_thread_blocked, id=11812, stack(0x00000095feb00000,0x00000095fec00000)]
  0x00000288eded7800 JavaThread "jar transforms Thread 25" [_thread_blocked, id=4780, stack(0x00000095fec00000,0x00000095fed00000)]
  0x00000288eded8000 JavaThread "jar transforms Thread 26" [_thread_blocked, id=1848, stack(0x00000095fed00000,0x00000095fee00000)]
  0x00000288f06c9000 JavaThread "jar transforms Thread 27" [_thread_blocked, id=13500, stack(0x00000095fee00000,0x00000095fef00000)]
  0x00000288f06ca800 JavaThread "jar transforms Thread 28" [_thread_blocked, id=17376, stack(0x00000095fef00000,0x00000095ff000000)]
  0x00000288f06c6000 JavaThread "jar transforms Thread 29" [_thread_blocked, id=12960, stack(0x00000095ff000000,0x00000095ff100000)]
  0x00000288f06c8800 JavaThread "jar transforms Thread 30" [_thread_blocked, id=15228, stack(0x00000095ff100000,0x00000095ff200000)]
  0x00000288f06c7800 JavaThread "jar transforms Thread 31" [_thread_blocked, id=7652, stack(0x00000095ff200000,0x00000095ff300000)]
  0x00000288f06c6800 JavaThread "jar transforms Thread 32" [_thread_blocked, id=18324, stack(0x00000095ff300000,0x00000095ff400000)]
  0x00000288f06ca000 JavaThread "jar transforms Thread 33" [_thread_blocked, id=8744, stack(0x00000095ff400000,0x00000095ff500000)]
  0x00000288f06c5000 JavaThread "jar transforms Thread 34" [_thread_blocked, id=19268, stack(0x00000095ff500000,0x00000095ff600000)]
  0x00000288f06cf800 JavaThread "jar transforms Thread 35" [_thread_blocked, id=12464, stack(0x00000095ff600000,0x00000095ff700000)]
  0x00000288f06cf000 JavaThread "jar transforms Thread 36" [_thread_blocked, id=12404, stack(0x00000095ff700000,0x00000095ff800000)]
  0x00000288f06d1800 JavaThread "jar transforms Thread 37" [_thread_blocked, id=8108, stack(0x00000095ff800000,0x00000095ff900000)]
  0x00000288f06cb800 JavaThread "jar transforms Thread 38" [_thread_blocked, id=8368, stack(0x00000095ff900000,0x00000095ffa00000)]
  0x00000288f06cc800 JavaThread "jar transforms Thread 39" [_thread_blocked, id=2244, stack(0x00000095ffa00000,0x00000095ffb00000)]
  0x00000288f06d3000 JavaThread "jar transforms Thread 40" [_thread_blocked, id=4032, stack(0x00000095ffb00000,0x00000095ffc00000)]
  0x00000288f06ce000 JavaThread "jar transforms Thread 41" [_thread_blocked, id=6960, stack(0x00000095ffc00000,0x00000095ffd00000)]
  0x00000288f06d0800 JavaThread "jar transforms Thread 42" [_thread_blocked, id=14380, stack(0x00000095ffd00000,0x00000095ffe00000)]
  0x00000288f06d2000 JavaThread "jar transforms Thread 43" [_thread_blocked, id=8104, stack(0x00000095ffe00000,0x00000095fff00000)]
  0x00000288f06cd000 JavaThread "jar transforms Thread 44" [_thread_blocked, id=8872, stack(0x00000095fff00000,0x0000009600000000)]
  0x00000288f06d3800 JavaThread "jar transforms Thread 45" [_thread_blocked, id=17928, stack(0x0000009580000000,0x0000009580100000)]
  0x00000288ede84000 JavaThread "jar transforms Thread 46" [_thread_blocked, id=14036, stack(0x0000009580100000,0x0000009580200000)]
  0x00000288ede86000 JavaThread "jar transforms Thread 47" [_thread_blocked, id=840, stack(0x0000009580200000,0x0000009580300000)]
  0x00000288ede87800 JavaThread "jar transforms Thread 48" [_thread_blocked, id=19124, stack(0x0000009580300000,0x0000009580400000)]
  0x00000288ede86800 JavaThread "jar transforms Thread 49" [_thread_blocked, id=2304, stack(0x0000009580400000,0x0000009580500000)]
  0x00000288ede88800 JavaThread "jar transforms Thread 50" [_thread_blocked, id=13788, stack(0x0000009580500000,0x0000009580600000)]
  0x00000288ede83800 JavaThread "jar transforms Thread 51" [_thread_blocked, id=5072, stack(0x0000009580600000,0x0000009580700000)]
  0x00000288ede85000 JavaThread "jar transforms Thread 52" [_thread_blocked, id=19340, stack(0x0000009580700000,0x0000009580800000)]
  0x00000288ede89000 JavaThread "jar transforms Thread 53" [_thread_blocked, id=15192, stack(0x0000009580800000,0x0000009580900000)]
  0x00000288ede8b000 JavaThread "jar transforms Thread 54" [_thread_blocked, id=17880, stack(0x0000009580900000,0x0000009580a00000)]
  0x00000288ede8f000 JavaThread "jar transforms Thread 55" [_thread_blocked, id=3268, stack(0x0000009580a00000,0x0000009580b00000)]
  0x00000288ede8f800 JavaThread "jar transforms Thread 56" [_thread_blocked, id=17900, stack(0x0000009580b00000,0x0000009580c00000)]
  0x00000288ede8e000 JavaThread "jar transforms Thread 57" [_thread_blocked, id=17896, stack(0x0000009580c00000,0x0000009580d00000)]
  0x00000288ede8c800 JavaThread "jar transforms Thread 58" [_thread_blocked, id=13032, stack(0x0000009580d00000,0x0000009580e00000)]
  0x00000288ede8d000 JavaThread "jar transforms Thread 59" [_thread_blocked, id=15868, stack(0x0000009580e00000,0x0000009580f00000)]
  0x00000288ede8a000 JavaThread "jar transforms Thread 60" [_thread_blocked, id=16980, stack(0x0000009580f00000,0x0000009581000000)]
  0x00000288ede90800 JavaThread "jar transforms Thread 61" [_thread_blocked, id=6628, stack(0x0000009581000000,0x0000009581100000)]
  0x00000288ede91800 JavaThread "jar transforms Thread 62" [_thread_blocked, id=9532, stack(0x0000009581100000,0x0000009581200000)]
  0x00000288ede8b800 JavaThread "jar transforms Thread 63" [_thread_blocked, id=14596, stack(0x0000009581200000,0x0000009581300000)]
  0x00000288ede92000 JavaThread "jar transforms Thread 64" [_thread_blocked, id=18112, stack(0x0000009581300000,0x0000009581400000)]
  0x00000288eea1a800 JavaThread "jar transforms Thread 65" [_thread_blocked, id=12728, stack(0x0000009581400000,0x0000009581500000)]
  0x00000288eea1b800 JavaThread "jar transforms Thread 66" [_thread_blocked, id=8048, stack(0x0000009581500000,0x0000009581600000)]
  0x00000288eea1d000 JavaThread "jar transforms Thread 67" [_thread_blocked, id=11920, stack(0x0000009581600000,0x0000009581700000)]
  0x00000288eea1c000 JavaThread "jar transforms Thread 68" [_thread_blocked, id=9804, stack(0x0000009581700000,0x0000009581800000)]
  0x00000288eea17800 JavaThread "jar transforms Thread 69" [_thread_blocked, id=3816, stack(0x0000009581800000,0x0000009581900000)]
  0x00000288eea1e000 JavaThread "jar transforms Thread 70" [_thread_blocked, id=15896, stack(0x0000009581900000,0x0000009581a00000)]
  0x00000288eea18000 JavaThread "jar transforms Thread 71" [_thread_blocked, id=13948, stack(0x0000009581a00000,0x0000009581b00000)]
  0x00000288eea1e800 JavaThread "jar transforms Thread 72" [_thread_blocked, id=15260, stack(0x0000009581b00000,0x0000009581c00000)]
  0x00000288eea19800 JavaThread "jar transforms Thread 73" [_thread_blocked, id=10964, stack(0x0000009581c00000,0x0000009581d00000)]
  0x00000288eea19000 JavaThread "jar transforms Thread 74" [_thread_blocked, id=468, stack(0x0000009581d00000,0x0000009581e00000)]
  0x00000288eea21000 JavaThread "jar transforms Thread 75" [_thread_blocked, id=7676, stack(0x0000009581e00000,0x0000009581f00000)]
  0x00000288eea22000 JavaThread "jar transforms Thread 76" [_thread_blocked, id=14436, stack(0x0000009581f00000,0x0000009582000000)]
  0x00000288eea24800 JavaThread "jar transforms Thread 77" [_thread_blocked, id=8360, stack(0x0000009582000000,0x0000009582100000)]
  0x00000288eea25000 JavaThread "jar transforms Thread 78" [_thread_blocked, id=7768, stack(0x0000009582100000,0x0000009582200000)]
  0x00000288eea22800 JavaThread "jar transforms Thread 79" [_thread_blocked, id=14356, stack(0x0000009582200000,0x0000009582300000)]
  0x00000288eea23800 JavaThread "jar transforms Thread 80" [_thread_blocked, id=5800, stack(0x0000009582300000,0x0000009582400000)]
  0x00000288eea1f800 JavaThread "jar transforms Thread 81" [_thread_blocked, id=10308, stack(0x0000009582400000,0x0000009582500000)]
  0x00000288eea26000 JavaThread "jar transforms Thread 82" [_thread_blocked, id=11324, stack(0x0000009582500000,0x0000009582600000)]
  0x00000288eea20800 JavaThread "jar transforms Thread 83" [_thread_blocked, id=17740, stack(0x0000009582600000,0x0000009582700000)]
  0x00000288f0ac4800 JavaThread "jar transforms Thread 84" [_thread_blocked, id=14988, stack(0x0000009582700000,0x0000009582800000)]
  0x00000288f0ac6800 JavaThread "jar transforms Thread 85" [_thread_blocked, id=19356, stack(0x0000009582800000,0x0000009582900000)]
  0x00000288f0ac5000 JavaThread "jar transforms Thread 86" [_thread_blocked, id=18340, stack(0x0000009582900000,0x0000009582a00000)]
  0x00000288f0ac6000 JavaThread "jar transforms Thread 87" [_thread_blocked, id=7560, stack(0x0000009582a00000,0x0000009582b00000)]
  0x00000288f0acc800 JavaThread "jar transforms Thread 88" [_thread_blocked, id=8196, stack(0x0000009582b00000,0x0000009582c00000)]
  0x00000288f0ac8800 JavaThread "jar transforms Thread 89" [_thread_blocked, id=11564, stack(0x0000009582c00000,0x0000009582d00000)]
  0x00000288f0acd800 JavaThread "jar transforms Thread 90" [_thread_blocked, id=9416, stack(0x0000009582d00000,0x0000009582e00000)]
  0x00000288f0acb800 JavaThread "jar transforms Thread 91" [_thread_blocked, id=19172, stack(0x0000009582e00000,0x0000009582f00000)]
  0x00000288f0ac9000 JavaThread "jar transforms Thread 92" [_thread_blocked, id=11248, stack(0x0000009582f00000,0x0000009583000000)]
  0x00000288f0ac7800 JavaThread "jar transforms Thread 93" [_thread_blocked, id=13892, stack(0x0000009583000000,0x0000009583100000)]
  0x00000288f0acb000 JavaThread "jar transforms Thread 94" [_thread_blocked, id=7504, stack(0x0000009583100000,0x0000009583200000)]
  0x00000288f0acf000 JavaThread "jar transforms Thread 95" [_thread_blocked, id=11884, stack(0x0000009583200000,0x0000009583300000)]
  0x00000288f0acf800 JavaThread "jar transforms Thread 96" [_thread_blocked, id=15076, stack(0x0000009583300000,0x0000009583400000)]
  0x00000288f0ace000 JavaThread "jar transforms Thread 97" [_thread_blocked, id=7764, stack(0x0000009583400000,0x0000009583500000)]
  0x00000288f0ad2000 JavaThread "Memory manager" [_thread_blocked, id=5404, stack(0x0000009583600000,0x0000009583700000)]

Other Threads:
  0x00000288ec0d1800 VMThread "VM Thread" [stack: 0x00000095fa200000,0x00000095fa300000] [id=5968]
  0x00000288ec2b0800 WatcherThread [stack: 0x00000095fac00000,0x00000095fad00000] [id=18420]
  0x00000288d15b6000 GCTaskThread "GC Thread#0" [stack: 0x00000095f9d00000,0x00000095f9e00000] [id=14664]
  0x00000288ecce1800 GCTaskThread "GC Thread#1" [stack: 0x00000095faf00000,0x00000095fb000000] [id=11896]
  0x00000288ecce2800 GCTaskThread "GC Thread#2" [stack: 0x00000095fb000000,0x00000095fb100000] [id=13832]
  0x00000288ee20b000 GCTaskThread "GC Thread#3" [stack: 0x00000095fbb00000,0x00000095fbc00000] [id=6612]
  0x00000288ee40c000 GCTaskThread "GC Thread#4" [stack: 0x00000095fbc00000,0x00000095fbd00000] [id=5832]
  0x00000288ee7f7000 GCTaskThread "GC Thread#5" [stack: 0x00000095fbd00000,0x00000095fbe00000] [id=12016]
  0x00000288ee2b1800 GCTaskThread "GC Thread#6" [stack: 0x00000095fbe00000,0x00000095fbf00000] [id=2584]
  0x00000288ee76f000 GCTaskThread "GC Thread#7" [stack: 0x00000095fbf00000,0x00000095fc000000] [id=19100]
  0x00000288d15e6800 ConcurrentGCThread "G1 Main Marker" [stack: 0x00000095f9e00000,0x00000095f9f00000] [id=15384]
  0x00000288d15ea000 ConcurrentGCThread "G1 Conc#0" [stack: 0x00000095f9f00000,0x00000095fa000000] [id=3080]
  0x00000288ee701800 ConcurrentGCThread "G1 Conc#1" [stack: 0x00000095fc200000,0x00000095fc300000] [id=10600]
  0x00000288eb6f8800 ConcurrentGCThread "G1 Refine#0" [stack: 0x00000095fa000000,0x00000095fa100000] [id=17188]
  0x00000288eb6f9800 ConcurrentGCThread "G1 Young RemSet Sampling" [stack: 0x00000095fa100000,0x00000095fa200000] [id=2388]

Threads with active compile tasks:
C2 CompilerThread0  20539 6216 %     4       org.gradle.internal.instantiation.generator.AbstractClassGenerator::inspectType @ 207 (560 bytes)

VM state:not at safepoint (normal execution)

VM Mutex/Monitor currently owned by a thread: None

Heap address: 0x0000000080000000, size: 2048 MB, Compressed Oops mode: 32-bit
Narrow klass base: 0x0000000000000000, Narrow klass shift: 3
Compressed class space size: 1073741824 Address: 0x0000000100000000

Heap:
 garbage-first heap   total 187392K, used 112368K [0x0000000080000000, 0x0000000100000000)
  region size 1024K, 74 young (75776K), 9 survivors (9216K)
 Metaspace       used 71463K, capacity 73107K, committed 73164K, reserved 1112064K
  class space    used 9380K, capacity 9965K, committed 9984K, reserved 1048576K
Heap Regions: E=young(eden), S=young(survivor), O=old, HS=humongous(starts), HC=humongous(continues), CS=collection set, F=free, A=archive, TAMS=top-at-mark-start (previous, next)
|   0|0x0000000080000000, 0x0000000080100000, 0x0000000080100000|100%| O|  |TAMS 0x0000000080100000, 0x0000000080000000| Untracked 
|   1|0x0000000080100000, 0x0000000080200000, 0x0000000080200000|100%| O|  |TAMS 0x0000000080200000, 0x0000000080100000| Untracked 
|   2|0x0000000080200000, 0x0000000080300000, 0x0000000080300000|100%| O|  |TAMS 0x0000000080300000, 0x0000000080200000| Untracked 
|   3|0x0000000080300000, 0x0000000080400000, 0x0000000080400000|100%|HS|  |TAMS 0x0000000080400000, 0x0000000080300000| Complete 
|   4|0x0000000080400000, 0x0000000080500000, 0x0000000080500000|100%|HC|  |TAMS 0x0000000080500000, 0x0000000080400000| Complete 
|   5|0x0000000080500000, 0x0000000080600000, 0x0000000080600000|100%|HC|  |TAMS 0x0000000080600000, 0x0000000080500000| Complete 
|   6|0x0000000080600000, 0x0000000080700000, 0x0000000080700000|100%| O|  |TAMS 0x0000000080700000, 0x0000000080600000| Untracked 
|   7|0x0000000080700000, 0x0000000080800000, 0x0000000080800000|100%| O|  |TAMS 0x0000000080800000, 0x0000000080700000| Untracked 
|   8|0x0000000080800000, 0x0000000080900000, 0x0000000080900000|100%| O|  |TAMS 0x0000000080900000, 0x0000000080800000| Untracked 
|   9|0x0000000080900000, 0x0000000080a00000, 0x0000000080a00000|100%| O|  |TAMS 0x0000000080a00000, 0x0000000080900000| Untracked 
|  10|0x0000000080a00000, 0x0000000080b00000, 0x0000000080b00000|100%| O|  |TAMS 0x0000000080b00000, 0x0000000080a00000| Untracked 
|  11|0x0000000080b00000, 0x0000000080c00000, 0x0000000080c00000|100%| O|  |TAMS 0x0000000080c00000, 0x0000000080b00000| Untracked 
|  12|0x0000000080c00000, 0x0000000080d00000, 0x0000000080d00000|100%| O|  |TAMS 0x0000000080d00000, 0x0000000080c00000| Untracked 
|  13|0x0000000080d00000, 0x0000000080e00000, 0x0000000080e00000|100%| O|  |TAMS 0x0000000080e00000, 0x0000000080d00000| Untracked 
|  14|0x0000000080e00000, 0x0000000080f00000, 0x0000000080f00000|100%| O|  |TAMS 0x0000000080f00000, 0x0000000080e00000| Untracked 
|  15|0x0000000080f00000, 0x0000000081000000, 0x0000000081000000|100%| O|  |TAMS 0x0000000081000000, 0x0000000080f00000| Untracked 
|  16|0x0000000081000000, 0x0000000081100000, 0x0000000081100000|100%|HS|  |TAMS 0x0000000081100000, 0x0000000081000000| Complete 
|  17|0x0000000081100000, 0x0000000081200000, 0x0000000081200000|100%| O|  |TAMS 0x0000000081200000, 0x0000000081100000| Untracked 
|  18|0x0000000081200000, 0x0000000081300000, 0x0000000081300000|100%| O|  |TAMS 0x0000000081300000, 0x0000000081200000| Untracked 
|  19|0x0000000081300000, 0x0000000081400000, 0x0000000081400000|100%| O|  |TAMS 0x0000000081400000, 0x0000000081300000| Untracked 
|  20|0x0000000081400000, 0x0000000081500000, 0x0000000081500000|100%| O|  |TAMS 0x0000000081500000, 0x0000000081400000| Untracked 
|  21|0x0000000081500000, 0x0000000081600000, 0x0000000081600000|100%| O|  |TAMS 0x0000000081600000, 0x0000000081500000| Untracked 
|  22|0x0000000081600000, 0x0000000081700000, 0x0000000081700000|100%|HS|  |TAMS 0x0000000081700000, 0x0000000081600000| Complete 
|  23|0x0000000081700000, 0x0000000081800000, 0x0000000081800000|100%|HC|  |TAMS 0x0000000081800000, 0x0000000081700000| Complete 
|  24|0x0000000081800000, 0x0000000081900000, 0x0000000081900000|100%| O|  |TAMS 0x0000000081900000, 0x0000000081800000| Untracked 
|  25|0x0000000081900000, 0x0000000081a00000, 0x0000000081a00000|100%| O|  |TAMS 0x0000000081a00000, 0x0000000081900000| Untracked 
|  26|0x0000000081a00000, 0x0000000081b00000, 0x0000000081b00000|100%| O|  |TAMS 0x0000000081b00000, 0x0000000081a00000| Untracked 
|  27|0x0000000081b00000, 0x0000000081c00000, 0x0000000081c00000|100%| O|  |TAMS 0x0000000081c00000, 0x0000000081b00000| Untracked 
|  28|0x0000000081c00000, 0x0000000081d00000, 0x0000000081d00000|100%| O|  |TAMS 0x0000000081d00000, 0x0000000081c00000| Untracked 
|  29|0x0000000081d00000, 0x0000000081e00000, 0x0000000081e00000|100%| O|  |TAMS 0x0000000081e00000, 0x0000000081d00000| Untracked 
|  30|0x0000000081e00000, 0x0000000081f00000, 0x0000000081f00000|100%| O|  |TAMS 0x0000000081f00000, 0x0000000081e00000| Untracked 
|  31|0x0000000081f00000, 0x0000000082000000, 0x0000000082000000|100%| O|  |TAMS 0x0000000082000000, 0x0000000081f00000| Untracked 
|  32|0x0000000082000000, 0x0000000082100000, 0x0000000082100000|100%| O|  |TAMS 0x0000000082100000, 0x0000000082000000| Untracked 
|  33|0x0000000082100000, 0x0000000082200000, 0x0000000082200000|100%| O|  |TAMS 0x0000000082200000, 0x0000000082100000| Untracked 
|  34|0x0000000082200000, 0x0000000082300000, 0x0000000082300000|100%| O|  |TAMS 0x0000000082300000, 0x0000000082200000| Untracked 
|  35|0x0000000082300000, 0x0000000082400000, 0x0000000082400000|100%| O|  |TAMS 0x0000000082400000, 0x0000000082300000| Untracked 
|  36|0x0000000082400000, 0x00000000824bec00, 0x0000000082500000| 74%| O|  |TAMS 0x00000000824bec00, 0x0000000082400000| Untracked 
|  37|0x0000000082500000, 0x0000000082500000, 0x0000000082600000|  0%| F|  |TAMS 0x0000000082500000, 0x0000000082500000| Untracked 
|  38|0x0000000082600000, 0x0000000082600000, 0x0000000082700000|  0%| F|  |TAMS 0x0000000082600000, 0x0000000082600000| Untracked 
|  39|0x0000000082700000, 0x0000000082700000, 0x0000000082800000|  0%| F|  |TAMS 0x0000000082700000, 0x0000000082700000| Untracked 
|  40|0x0000000082800000, 0x0000000082800000, 0x0000000082900000|  0%| F|  |TAMS 0x0000000082800000, 0x0000000082800000| Untracked 
|  41|0x0000000082900000, 0x0000000082900000, 0x0000000082a00000|  0%| F|  |TAMS 0x0000000082900000, 0x0000000082900000| Untracked 
|  42|0x0000000082a00000, 0x0000000082a00000, 0x0000000082b00000|  0%| F|  |TAMS 0x0000000082a00000, 0x0000000082a00000| Untracked 
|  43|0x0000000082b00000, 0x0000000082b00000, 0x0000000082c00000|  0%| F|  |TAMS 0x0000000082b00000, 0x0000000082b00000| Untracked 
|  44|0x0000000082c00000, 0x0000000082c00000, 0x0000000082d00000|  0%| F|  |TAMS 0x0000000082c00000, 0x0000000082c00000| Untracked 
|  45|0x0000000082d00000, 0x0000000082d00000, 0x0000000082e00000|  0%| F|  |TAMS 0x0000000082d00000, 0x0000000082d00000| Untracked 
|  46|0x0000000082e00000, 0x0000000082e00000, 0x0000000082f00000|  0%| F|  |TAMS 0x0000000082e00000, 0x0000000082e00000| Untracked 
|  47|0x0000000082f00000, 0x0000000082f00000, 0x0000000083000000|  0%| F|  |TAMS 0x0000000082f00000, 0x0000000082f00000| Untracked 
|  48|0x0000000083000000, 0x0000000083000000, 0x0000000083100000|  0%| F|  |TAMS 0x0000000083000000, 0x0000000083000000| Untracked 
|  49|0x0000000083100000, 0x0000000083100000, 0x0000000083200000|  0%| F|  |TAMS 0x0000000083100000, 0x0000000083100000| Untracked 
|  50|0x0000000083200000, 0x0000000083200000, 0x0000000083300000|  0%| F|  |TAMS 0x0000000083200000, 0x0000000083200000| Untracked 
|  51|0x0000000083300000, 0x0000000083300000, 0x0000000083400000|  0%| F|  |TAMS 0x0000000083300000, 0x0000000083300000| Untracked 
|  52|0x0000000083400000, 0x0000000083400000, 0x0000000083500000|  0%| F|  |TAMS 0x0000000083400000, 0x0000000083400000| Untracked 
|  53|0x0000000083500000, 0x0000000083500000, 0x0000000083600000|  0%| F|  |TAMS 0x0000000083500000, 0x0000000083500000| Untracked 
|  54|0x0000000083600000, 0x0000000083600000, 0x0000000083700000|  0%| F|  |TAMS 0x0000000083600000, 0x0000000083600000| Untracked 
|  55|0x0000000083700000, 0x0000000083700000, 0x0000000083800000|  0%| F|  |TAMS 0x0000000083700000, 0x0000000083700000| Untracked 
|  56|0x0000000083800000, 0x0000000083800000, 0x0000000083900000|  0%| F|  |TAMS 0x0000000083800000, 0x0000000083800000| Untracked 
|  57|0x0000000083900000, 0x0000000083900000, 0x0000000083a00000|  0%| F|  |TAMS 0x0000000083900000, 0x0000000083900000| Untracked 
|  58|0x0000000083a00000, 0x0000000083a00000, 0x0000000083b00000|  0%| F|  |TAMS 0x0000000083a00000, 0x0000000083a00000| Untracked 
|  59|0x0000000083b00000, 0x0000000083b00000, 0x0000000083c00000|  0%| F|  |TAMS 0x0000000083b00000, 0x0000000083b00000| Untracked 
|  60|0x0000000083c00000, 0x0000000083c00000, 0x0000000083d00000|  0%| F|  |TAMS 0x0000000083c00000, 0x0000000083c00000| Untracked 
|  61|0x0000000083d00000, 0x0000000083d00000, 0x0000000083e00000|  0%| F|  |TAMS 0x0000000083d00000, 0x0000000083d00000| Untracked 
|  62|0x0000000083e00000, 0x0000000083e00000, 0x0000000083f00000|  0%| F|  |TAMS 0x0000000083e00000, 0x0000000083e00000| Untracked 
|  63|0x0000000083f00000, 0x0000000083f00000, 0x0000000084000000|  0%| F|  |TAMS 0x0000000083f00000, 0x0000000083f00000| Untracked 
|  64|0x0000000084000000, 0x0000000084000000, 0x0000000084100000|  0%| F|  |TAMS 0x0000000084000000, 0x0000000084000000| Untracked 
|  65|0x0000000084100000, 0x0000000084100000, 0x0000000084200000|  0%| F|  |TAMS 0x0000000084100000, 0x0000000084100000| Untracked 
|  66|0x0000000084200000, 0x0000000084200000, 0x0000000084300000|  0%| F|  |TAMS 0x0000000084200000, 0x0000000084200000| Untracked 
|  67|0x0000000084300000, 0x00000000843fd7a0, 0x0000000084400000| 99%| S|CS|TAMS 0x0000000084300000, 0x0000000084300000| Complete 
|  68|0x0000000084400000, 0x0000000084500000, 0x0000000084500000|100%| S|CS|TAMS 0x0000000084400000, 0x0000000084400000| Complete 
|  69|0x0000000084500000, 0x0000000084600000, 0x0000000084600000|100%| S|CS|TAMS 0x0000000084500000, 0x0000000084500000| Complete 
|  70|0x0000000084600000, 0x0000000084700000, 0x0000000084700000|100%| S|CS|TAMS 0x0000000084600000, 0x0000000084600000| Complete 
|  71|0x0000000084700000, 0x0000000084800000, 0x0000000084800000|100%| S|CS|TAMS 0x0000000084700000, 0x0000000084700000| Complete 
|  72|0x0000000084800000, 0x0000000084900000, 0x0000000084900000|100%| S|CS|TAMS 0x0000000084800000, 0x0000000084800000| Complete 
|  73|0x0000000084900000, 0x0000000084a00000, 0x0000000084a00000|100%| S|CS|TAMS 0x0000000084900000, 0x0000000084900000| Complete 
|  74|0x0000000084a00000, 0x0000000084b00000, 0x0000000084b00000|100%| S|CS|TAMS 0x0000000084a00000, 0x0000000084a00000| Complete 
|  75|0x0000000084b00000, 0x0000000084c00000, 0x0000000084c00000|100%| S|CS|TAMS 0x0000000084b00000, 0x0000000084b00000| Complete 
|  76|0x0000000084c00000, 0x0000000084c00000, 0x0000000084d00000|  0%| F|  |TAMS 0x0000000084c00000, 0x0000000084c00000| Untracked 
|  77|0x0000000084d00000, 0x0000000084d00000, 0x0000000084e00000|  0%| F|  |TAMS 0x0000000084d00000, 0x0000000084d00000| Untracked 
|  78|0x0000000084e00000, 0x0000000084e00000, 0x0000000084f00000|  0%| F|  |TAMS 0x0000000084e00000, 0x0000000084e00000| Untracked 
|  79|0x0000000084f00000, 0x0000000084f00000, 0x0000000085000000|  0%| F|  |TAMS 0x0000000084f00000, 0x0000000084f00000| Untracked 
|  80|0x0000000085000000, 0x0000000085000000, 0x0000000085100000|  0%| F|  |TAMS 0x0000000085000000, 0x0000000085000000| Untracked 
|  81|0x0000000085100000, 0x0000000085100000, 0x0000000085200000|  0%| F|  |TAMS 0x0000000085100000, 0x0000000085100000| Untracked 
|  82|0x0000000085200000, 0x0000000085200000, 0x0000000085300000|  0%| F|  |TAMS 0x0000000085200000, 0x0000000085200000| Untracked 
|  83|0x0000000085300000, 0x0000000085300000, 0x0000000085400000|  0%| F|  |TAMS 0x0000000085300000, 0x0000000085300000| Untracked 
|  84|0x0000000085400000, 0x0000000085400000, 0x0000000085500000|  0%| F|  |TAMS 0x0000000085400000, 0x0000000085400000| Untracked 
|  85|0x0000000085500000, 0x0000000085500000, 0x0000000085600000|  0%| F|  |TAMS 0x0000000085500000, 0x0000000085500000| Untracked 
|  86|0x0000000085600000, 0x0000000085600000, 0x0000000085700000|  0%| F|  |TAMS 0x0000000085600000, 0x0000000085600000| Untracked 
|  87|0x0000000085700000, 0x0000000085700000, 0x0000000085800000|  0%| F|  |TAMS 0x0000000085700000, 0x0000000085700000| Untracked 
|  88|0x0000000085800000, 0x0000000085800000, 0x0000000085900000|  0%| F|  |TAMS 0x0000000085800000, 0x0000000085800000| Untracked 
|  89|0x0000000085900000, 0x0000000085900000, 0x0000000085a00000|  0%| F|  |TAMS 0x0000000085900000, 0x0000000085900000| Untracked 
|  90|0x0000000085a00000, 0x0000000085a00000, 0x0000000085b00000|  0%| F|  |TAMS 0x0000000085a00000, 0x0000000085a00000| Untracked 
|  91|0x0000000085b00000, 0x0000000085b00000, 0x0000000085c00000|  0%| F|  |TAMS 0x0000000085b00000, 0x0000000085b00000| Untracked 
|  92|0x0000000085c00000, 0x0000000085c00000, 0x0000000085d00000|  0%| F|  |TAMS 0x0000000085c00000, 0x0000000085c00000| Untracked 
|  93|0x0000000085d00000, 0x0000000085d00000, 0x0000000085e00000|  0%| F|  |TAMS 0x0000000085d00000, 0x0000000085d00000| Untracked 
|  94|0x0000000085e00000, 0x0000000085e00000, 0x0000000085f00000|  0%| F|  |TAMS 0x0000000085e00000, 0x0000000085e00000| Untracked 
|  95|0x0000000085f00000, 0x0000000085f00000, 0x0000000086000000|  0%| F|  |TAMS 0x0000000085f00000, 0x0000000085f00000| Untracked 
|  96|0x0000000086000000, 0x0000000086000000, 0x0000000086100000|  0%| F|  |TAMS 0x0000000086000000, 0x0000000086000000| Untracked 
|  97|0x0000000086100000, 0x0000000086100000, 0x0000000086200000|  0%| F|  |TAMS 0x0000000086100000, 0x0000000086100000| Untracked 
|  98|0x0000000086200000, 0x0000000086200000, 0x0000000086300000|  0%| F|  |TAMS 0x0000000086200000, 0x0000000086200000| Untracked 
|  99|0x0000000086300000, 0x0000000086300000, 0x0000000086400000|  0%| F|  |TAMS 0x0000000086300000, 0x0000000086300000| Untracked 
| 100|0x0000000086400000, 0x0000000086400000, 0x0000000086500000|  0%| F|  |TAMS 0x0000000086400000, 0x0000000086400000| Untracked 
| 101|0x0000000086500000, 0x0000000086500000, 0x0000000086600000|  0%| F|  |TAMS 0x0000000086500000, 0x0000000086500000| Untracked 
| 102|0x0000000086600000, 0x0000000086600000, 0x0000000086700000|  0%| F|  |TAMS 0x0000000086600000, 0x0000000086600000| Untracked 
| 103|0x0000000086700000, 0x0000000086700000, 0x0000000086800000|  0%| F|  |TAMS 0x0000000086700000, 0x0000000086700000| Untracked 
| 104|0x0000000086800000, 0x0000000086800000, 0x0000000086900000|  0%| F|  |TAMS 0x0000000086800000, 0x0000000086800000| Untracked 
| 105|0x0000000086900000, 0x0000000086900000, 0x0000000086a00000|  0%| F|  |TAMS 0x0000000086900000, 0x0000000086900000| Untracked 
| 106|0x0000000086a00000, 0x0000000086a00000, 0x0000000086b00000|  0%| F|  |TAMS 0x0000000086a00000, 0x0000000086a00000| Untracked 
| 107|0x0000000086b00000, 0x0000000086b00000, 0x0000000086c00000|  0%| F|  |TAMS 0x0000000086b00000, 0x0000000086b00000| Untracked 
| 108|0x0000000086c00000, 0x0000000086c00000, 0x0000000086d00000|  0%| F|  |TAMS 0x0000000086c00000, 0x0000000086c00000| Untracked 
| 109|0x0000000086d00000, 0x0000000086d00000, 0x0000000086e00000|  0%| F|  |TAMS 0x0000000086d00000, 0x0000000086d00000| Untracked 
| 110|0x0000000086e00000, 0x0000000086e00000, 0x0000000086f00000|  0%| F|  |TAMS 0x0000000086e00000, 0x0000000086e00000| Untracked 
| 111|0x0000000086f00000, 0x0000000086f00000, 0x0000000087000000|  0%| F|  |TAMS 0x0000000086f00000, 0x0000000086f00000| Untracked 
| 112|0x0000000087000000, 0x0000000087000000, 0x0000000087100000|  0%| F|  |TAMS 0x0000000087000000, 0x0000000087000000| Untracked 
| 113|0x0000000087100000, 0x0000000087100000, 0x0000000087200000|  0%| F|  |TAMS 0x0000000087100000, 0x0000000087100000| Untracked 
| 114|0x0000000087200000, 0x0000000087200000, 0x0000000087300000|  0%| F|  |TAMS 0x0000000087200000, 0x0000000087200000| Untracked 
| 115|0x0000000087300000, 0x0000000087300000, 0x0000000087400000|  0%| F|  |TAMS 0x0000000087300000, 0x0000000087300000| Untracked 
| 116|0x0000000087400000, 0x0000000087400000, 0x0000000087500000|  0%| F|  |TAMS 0x0000000087400000, 0x0000000087400000| Untracked 
| 117|0x0000000087500000, 0x0000000087580800, 0x0000000087600000| 50%| E|  |TAMS 0x0000000087500000, 0x0000000087500000| Complete 
| 118|0x0000000087600000, 0x0000000087700000, 0x0000000087700000|100%| E|CS|TAMS 0x0000000087600000, 0x0000000087600000| Complete 
| 119|0x0000000087700000, 0x0000000087800000, 0x0000000087800000|100%| E|CS|TAMS 0x0000000087700000, 0x0000000087700000| Complete 
| 120|0x0000000087800000, 0x0000000087900000, 0x0000000087900000|100%| E|CS|TAMS 0x0000000087800000, 0x0000000087800000| Complete 
| 121|0x0000000087900000, 0x0000000087a00000, 0x0000000087a00000|100%| E|CS|TAMS 0x0000000087900000, 0x0000000087900000| Complete 
| 122|0x0000000087a00000, 0x0000000087b00000, 0x0000000087b00000|100%| E|CS|TAMS 0x0000000087a00000, 0x0000000087a00000| Complete 
| 123|0x0000000087b00000, 0x0000000087c00000, 0x0000000087c00000|100%| E|CS|TAMS 0x0000000087b00000, 0x0000000087b00000| Complete 
| 124|0x0000000087c00000, 0x0000000087d00000, 0x0000000087d00000|100%| E|CS|TAMS 0x0000000087c00000, 0x0000000087c00000| Complete 
| 125|0x0000000087d00000, 0x0000000087e00000, 0x0000000087e00000|100%| E|CS|TAMS 0x0000000087d00000, 0x0000000087d00000| Complete 
| 126|0x0000000087e00000, 0x0000000087f00000, 0x0000000087f00000|100%| E|CS|TAMS 0x0000000087e00000, 0x0000000087e00000| Complete 
| 127|0x0000000087f00000, 0x0000000088000000, 0x0000000088000000|100%| E|CS|TAMS 0x0000000087f00000, 0x0000000087f00000| Complete 
| 128|0x0000000088000000, 0x0000000088100000, 0x0000000088100000|100%| E|CS|TAMS 0x0000000088000000, 0x0000000088000000| Complete 
| 129|0x0000000088100000, 0x0000000088200000, 0x0000000088200000|100%| E|CS|TAMS 0x0000000088100000, 0x0000000088100000| Complete 
| 130|0x0000000088200000, 0x0000000088300000, 0x0000000088300000|100%| E|CS|TAMS 0x0000000088200000, 0x0000000088200000| Complete 
| 131|0x0000000088300000, 0x0000000088400000, 0x0000000088400000|100%| E|CS|TAMS 0x0000000088300000, 0x0000000088300000| Complete 
| 132|0x0000000088400000, 0x0000000088500000, 0x0000000088500000|100%| E|CS|TAMS 0x0000000088400000, 0x0000000088400000| Complete 
| 133|0x0000000088500000, 0x0000000088600000, 0x0000000088600000|100%| E|CS|TAMS 0x0000000088500000, 0x0000000088500000| Complete 
| 134|0x0000000088600000, 0x0000000088700000, 0x0000000088700000|100%| E|CS|TAMS 0x0000000088600000, 0x0000000088600000| Complete 
| 135|0x0000000088700000, 0x0000000088800000, 0x0000000088800000|100%| E|CS|TAMS 0x0000000088700000, 0x0000000088700000| Complete 
| 136|0x0000000088800000, 0x0000000088900000, 0x0000000088900000|100%| E|CS|TAMS 0x0000000088800000, 0x0000000088800000| Complete 
| 137|0x0000000088900000, 0x0000000088a00000, 0x0000000088a00000|100%| E|CS|TAMS 0x0000000088900000, 0x0000000088900000| Complete 
| 138|0x0000000088a00000, 0x0000000088b00000, 0x0000000088b00000|100%| E|CS|TAMS 0x0000000088a00000, 0x0000000088a00000| Complete 
| 139|0x0000000088b00000, 0x0000000088c00000, 0x0000000088c00000|100%| E|CS|TAMS 0x0000000088b00000, 0x0000000088b00000| Complete 
| 140|0x0000000088c00000, 0x0000000088d00000, 0x0000000088d00000|100%| E|CS|TAMS 0x0000000088c00000, 0x0000000088c00000| Complete 
| 141|0x0000000088d00000, 0x0000000088e00000, 0x0000000088e00000|100%| E|CS|TAMS 0x0000000088d00000, 0x0000000088d00000| Complete 
| 142|0x0000000088e00000, 0x0000000088f00000, 0x0000000088f00000|100%| E|CS|TAMS 0x0000000088e00000, 0x0000000088e00000| Complete 
| 143|0x0000000088f00000, 0x0000000089000000, 0x0000000089000000|100%| E|CS|TAMS 0x0000000088f00000, 0x0000000088f00000| Complete 
| 144|0x0000000089000000, 0x0000000089100000, 0x0000000089100000|100%| E|CS|TAMS 0x0000000089000000, 0x0000000089000000| Complete 
| 145|0x0000000089100000, 0x0000000089200000, 0x0000000089200000|100%| E|CS|TAMS 0x0000000089100000, 0x0000000089100000| Complete 
| 146|0x0000000089200000, 0x0000000089300000, 0x0000000089300000|100%| E|CS|TAMS 0x0000000089200000, 0x0000000089200000| Complete 
| 147|0x0000000089300000, 0x0000000089400000, 0x0000000089400000|100%| E|CS|TAMS 0x0000000089300000, 0x0000000089300000| Complete 
| 148|0x0000000089400000, 0x0000000089500000, 0x0000000089500000|100%| E|CS|TAMS 0x0000000089400000, 0x0000000089400000| Complete 
| 149|0x0000000089500000, 0x0000000089600000, 0x0000000089600000|100%| E|CS|TAMS 0x0000000089500000, 0x0000000089500000| Complete 
| 150|0x0000000089600000, 0x0000000089700000, 0x0000000089700000|100%| E|CS|TAMS 0x0000000089600000, 0x0000000089600000| Complete 
| 151|0x0000000089700000, 0x0000000089800000, 0x0000000089800000|100%| E|CS|TAMS 0x0000000089700000, 0x0000000089700000| Complete 
| 152|0x0000000089800000, 0x0000000089900000, 0x0000000089900000|100%| E|CS|TAMS 0x0000000089800000, 0x0000000089800000| Complete 
| 153|0x0000000089900000, 0x0000000089a00000, 0x0000000089a00000|100%| E|CS|TAMS 0x0000000089900000, 0x0000000089900000| Complete 
| 154|0x0000000089a00000, 0x0000000089b00000, 0x0000000089b00000|100%| E|CS|TAMS 0x0000000089a00000, 0x0000000089a00000| Complete 
| 155|0x0000000089b00000, 0x0000000089c00000, 0x0000000089c00000|100%| E|CS|TAMS 0x0000000089b00000, 0x0000000089b00000| Complete 
| 156|0x0000000089c00000, 0x0000000089d00000, 0x0000000089d00000|100%| E|CS|TAMS 0x0000000089c00000, 0x0000000089c00000| Complete 
| 157|0x0000000089d00000, 0x0000000089e00000, 0x0000000089e00000|100%| E|CS|TAMS 0x0000000089d00000, 0x0000000089d00000| Complete 
| 158|0x0000000089e00000, 0x0000000089f00000, 0x0000000089f00000|100%| E|CS|TAMS 0x0000000089e00000, 0x0000000089e00000| Complete 
| 159|0x0000000089f00000, 0x000000008a000000, 0x000000008a000000|100%| E|CS|TAMS 0x0000000089f00000, 0x0000000089f00000| Complete 
| 160|0x000000008a000000, 0x000000008a100000, 0x000000008a100000|100%| E|CS|TAMS 0x000000008a000000, 0x000000008a000000| Complete 
| 161|0x000000008a100000, 0x000000008a200000, 0x000000008a200000|100%| E|CS|TAMS 0x000000008a100000, 0x000000008a100000| Complete 
| 162|0x000000008a200000, 0x000000008a300000, 0x000000008a300000|100%| E|CS|TAMS 0x000000008a200000, 0x000000008a200000| Complete 
| 163|0x000000008a300000, 0x000000008a400000, 0x000000008a400000|100%| E|CS|TAMS 0x000000008a300000, 0x000000008a300000| Complete 
| 164|0x000000008a400000, 0x000000008a500000, 0x000000008a500000|100%| E|CS|TAMS 0x000000008a400000, 0x000000008a400000| Complete 
| 165|0x000000008a500000, 0x000000008a600000, 0x000000008a600000|100%| E|CS|TAMS 0x000000008a500000, 0x000000008a500000| Complete 
| 166|0x000000008a600000, 0x000000008a700000, 0x000000008a700000|100%| E|CS|TAMS 0x000000008a600000, 0x000000008a600000| Complete 
| 167|0x000000008a700000, 0x000000008a800000, 0x000000008a800000|100%| E|CS|TAMS 0x000000008a700000, 0x000000008a700000| Complete 
| 168|0x000000008a800000, 0x000000008a900000, 0x000000008a900000|100%| E|CS|TAMS 0x000000008a800000, 0x000000008a800000| Complete 
| 169|0x000000008a900000, 0x000000008aa00000, 0x000000008aa00000|100%| E|CS|TAMS 0x000000008a900000, 0x000000008a900000| Complete 
| 170|0x000000008aa00000, 0x000000008ab00000, 0x000000008ab00000|100%| E|CS|TAMS 0x000000008aa00000, 0x000000008aa00000| Complete 
| 171|0x000000008ab00000, 0x000000008ac00000, 0x000000008ac00000|100%| E|CS|TAMS 0x000000008ab00000, 0x000000008ab00000| Complete 
| 172|0x000000008ac00000, 0x000000008ad00000, 0x000000008ad00000|100%| E|CS|TAMS 0x000000008ac00000, 0x000000008ac00000| Complete 
| 173|0x000000008ad00000, 0x000000008ae00000, 0x000000008ae00000|100%| E|CS|TAMS 0x000000008ad00000, 0x000000008ad00000| Complete 
| 174|0x000000008ae00000, 0x000000008af00000, 0x000000008af00000|100%| E|CS|TAMS 0x000000008ae00000, 0x000000008ae00000| Complete 
| 175|0x000000008af00000, 0x000000008b000000, 0x000000008b000000|100%| E|CS|TAMS 0x000000008af00000, 0x000000008af00000| Complete 
| 176|0x000000008b000000, 0x000000008b100000, 0x000000008b100000|100%| E|CS|TAMS 0x000000008b000000, 0x000000008b000000| Complete 
| 177|0x000000008b100000, 0x000000008b200000, 0x000000008b200000|100%| E|CS|TAMS 0x000000008b100000, 0x000000008b100000| Complete 
| 178|0x000000008b200000, 0x000000008b300000, 0x000000008b300000|100%| E|CS|TAMS 0x000000008b200000, 0x000000008b200000| Complete 
| 179|0x000000008b300000, 0x000000008b400000, 0x000000008b400000|100%| E|CS|TAMS 0x000000008b300000, 0x000000008b300000| Complete 
| 180|0x000000008b400000, 0x000000008b500000, 0x000000008b500000|100%| E|CS|TAMS 0x000000008b400000, 0x000000008b400000| Complete 
| 181|0x000000008b500000, 0x000000008b600000, 0x000000008b600000|100%| E|CS|TAMS 0x000000008b500000, 0x000000008b500000| Complete 
| 182|0x000000008b600000, 0x000000008b700000, 0x000000008b700000|100%| E|CS|TAMS 0x000000008b600000, 0x000000008b600000| Complete 

Card table byte_map: [0x00000288e4630000,0x00000288e4a30000] _byte_map_base: 0x00000288e4230000

Marking Bits (Prev, Next): (CMBitMap*) 0x00000288d15dde98, (CMBitMap*) 0x00000288d15dded0
 Prev Bits: [0x00000288e4e30000, 0x00000288e6e30000)
 Next Bits: [0x00000288e6e30000, 0x00000288e8e30000)

Polling page: 0x00000288d0d60000

Metaspace:

Usage:
  Non-class:     61.66 MB capacity,    60.63 MB ( 98%) used,   893.55 KB (  1%) free+waste,   160.38 KB ( <1%) overhead. 
      Class:      9.73 MB capacity,     9.16 MB ( 94%) used,   508.82 KB (  5%) free+waste,    74.81 KB ( <1%) overhead. 
       Both:     71.39 MB capacity,    69.79 MB ( 98%) used,     1.37 MB (  2%) free+waste,   235.19 KB ( <1%) overhead. 

Virtual space:
  Non-class space:       62.00 MB reserved,      61.70 MB (>99%) committed 
      Class space:        1.00 GB reserved,       9.75 MB ( <1%) committed 
             Both:        1.06 GB reserved,      71.45 MB (  7%) committed 

Chunk freelists:
   Non-Class:  38.00 KB
       Class:  19.00 KB
        Both:  57.00 KB

MaxMetaspaceSize: 17179869184.00 GB
CompressedClassSpaceSize: 1.00 GB

CodeHeap 'non-profiled nmethods': size=120000Kb used=3348Kb max_used=3348Kb free=116652Kb
 bounds [0x00000288dc9d0000, 0x00000288dcd20000, 0x00000288e3f00000]
CodeHeap 'profiled nmethods': size=120000Kb used=13317Kb max_used=13317Kb free=106682Kb
 bounds [0x00000288d54a0000, 0x00000288d61b0000, 0x00000288dc9d0000]
CodeHeap 'non-nmethods': size=5760Kb used=2240Kb max_used=2298Kb free=3519Kb
 bounds [0x00000288d4f00000, 0x00000288d5170000, 0x00000288d54a0000]
 total_blobs=6999 nmethods=6176 adapters=734
 compilation: enabled
              stopped_count=0, restarted_count=0
 full_count=0

Compilation events (20 events):
Event: 20.055 Thread 0x00000288eb8ac800 6444       3       com.google.common.base.Suppliers::memoize (43 bytes)
Event: 20.056 Thread 0x00000288eb8ac800 nmethod 6444 0x00000288d618ea10 code [0x00000288d618ec40, 0x00000288d618f558]
Event: 20.056 Thread 0x00000288eb8ac800 6445       3       com.google.common.base.Suppliers$NonSerializableMemoizingSupplier::<init> (16 bytes)
Event: 20.056 Thread 0x00000288eb8ac800 nmethod 6445 0x00000288d618f790 code [0x00000288d618f980, 0x00000288d618fd88]
Event: 20.056 Thread 0x00000288eb8ac800 6446       3       org.gradle.api.internal.tasks.properties.bean.AbstractNestedRuntimeBeanNode$BeanPropertyValue::<init> (35 bytes)
Event: 20.058 Thread 0x00000288eb8ac800 nmethod 6446 0x00000288d618ff10 code [0x00000288d6190160, 0x00000288d6190a18]
Event: 20.069 Thread 0x00000288eb8ac800 6447   !   3       com.sun.proxy.$Proxy74::annotationType (29 bytes)
Event: 20.070 Thread 0x00000288eb8ac800 nmethod 6447 0x00000288d6190d10 code [0x00000288d6190f00, 0x00000288d61912d8]
Event: 20.121 Thread 0x00000288eb8ac800 6449       3       org.objectweb.asm.SymbolTable::putBootstrapMethods (56 bytes)
Event: 20.122 Thread 0x00000288eb8ac800 nmethod 6449 0x00000288d6191490 code [0x00000288d61916a0, 0x00000288d6191988]
Event: 20.125 Thread 0x00000288eb8ac800 6450       3       org.gradle.internal.instantiation.generator.AbstractClassGenerator$GeneratedClassImpl$GeneratedConstructorImpl::<init> (27 bytes)
Event: 20.126 Thread 0x00000288eb8ac800 nmethod 6450 0x00000288d6191b90 code [0x00000288d6191d60, 0x00000288d61920a8]
Event: 20.126 Thread 0x00000288eb8ac800 6451       3       org.gradle.internal.instantiation.generator.AsmBackedClassGenerator::createUsingConstructor (13 bytes)
Event: 20.126 Thread 0x00000288eb8ac800 nmethod 6451 0x00000288d6192210 code [0x00000288d61923e0, 0x00000288d6192738]
Event: 20.137 Thread 0x00000288eb8ac800 6452       3       com.google.common.base.Joiner::toString (24 bytes)
Event: 20.138 Thread 0x00000288eb8ac800 nmethod 6452 0x00000288d6192890 code [0x00000288d6192a80, 0x00000288d6192ff8]
Event: 20.138 Thread 0x00000288eb8ac800 6453       3       org.gradle.internal.graph.CachingDirectedGraphWalker$GraphWithEmptyEdges::getEdgeValues (1 bytes)
Event: 20.139 Thread 0x00000288eb8ac800 nmethod 6453 0x00000288d6193190 code [0x00000288d6193340, 0x00000288d6193438]
Event: 20.168 Thread 0x00000288eb8ac800 6454       3       java.lang.reflect.Constructor::getTypeParameters (20 bytes)
Event: 20.171 Thread 0x00000288eb8ac800 nmethod 6454 0x00000288d6193510 code [0x00000288d61937e0, 0x00000288d6194a38]

GC Heap History (20 events):
Event: 0.708 GC heap before
{Heap before GC invocations=0 (full 0):
 garbage-first heap   total 129024K, used 29696K [0x0000000080000000, 0x0000000100000000)
  region size 1024K, 24 young (24576K), 0 survivors (0K)
 Metaspace       used 10377K, capacity 10580K, committed 10752K, reserved 1058816K
  class space    used 1098K, capacity 1164K, committed 1280K, reserved 1048576K
}
Event: 0.716 GC heap after
{Heap after GC invocations=1 (full 0):
 garbage-first heap   total 129024K, used 8373K [0x0000000080000000, 0x0000000100000000)
  region size 1024K, 3 young (3072K), 3 survivors (3072K)
 Metaspace       used 10377K, capacity 10580K, committed 10752K, reserved 1058816K
  class space    used 1098K, capacity 1164K, committed 1280K, reserved 1048576K
}
Event: 2.927 GC heap before
{Heap before GC invocations=1 (full 0):
 garbage-first heap   total 129024K, used 81077K [0x0000000080000000, 0x0000000100000000)
  region size 1024K, 75 young (76800K), 3 survivors (3072K)
 Metaspace       used 18908K, capacity 19340K, committed 19456K, reserved 1067008K
  class space    used 2295K, capacity 2456K, committed 2560K, reserved 1048576K
}
Event: 2.938 GC heap after
{Heap after GC invocations=2 (full 0):
 garbage-first heap   total 129024K, used 15440K [0x0000000080000000, 0x0000000100000000)
  region size 1024K, 10 young (10240K), 10 survivors (10240K)
 Metaspace       used 18908K, capacity 19340K, committed 19456K, reserved 1067008K
  class space    used 2295K, capacity 2456K, committed 2560K, reserved 1048576K
}
Event: 3.257 GC heap before
{Heap before GC invocations=2 (full 0):
 garbage-first heap   total 129024K, used 27728K [0x0000000080000000, 0x0000000100000000)
  region size 1024K, 23 young (23552K), 10 survivors (10240K)
 Metaspace       used 20675K, capacity 21109K, committed 21248K, reserved 1067008K
  class space    used 2544K, capacity 2710K, committed 2816K, reserved 1048576K
}
Event: 3.268 GC heap after
{Heap after GC invocations=3 (full 0):
 garbage-first heap   total 129024K, used 16254K [0x0000000080000000, 0x0000000100000000)
  region size 1024K, 1 young (1024K), 1 survivors (1024K)
 Metaspace       used 20675K, capacity 21109K, committed 21248K, reserved 1067008K
  class space    used 2544K, capacity 2710K, committed 2816K, reserved 1048576K
}
Event: 4.318 GC heap before
{Heap before GC invocations=4 (full 0):
 garbage-first heap   total 129024K, used 63358K [0x0000000080000000, 0x0000000100000000)
  region size 1024K, 47 young (48128K), 1 survivors (1024K)
 Metaspace       used 26015K, capacity 26611K, committed 26752K, reserved 1073152K
  class space    used 3402K, capacity 3632K, committed 3712K, reserved 1048576K
}
Event: 4.324 GC heap after
{Heap after GC invocations=5 (full 0):
 garbage-first heap   total 129024K, used 17830K [0x0000000080000000, 0x0000000100000000)
  region size 1024K, 3 young (3072K), 3 survivors (3072K)
 Metaspace       used 26015K, capacity 26611K, committed 26752K, reserved 1073152K
  class space    used 3402K, capacity 3632K, committed 3712K, reserved 1048576K
}
Event: 6.039 GC heap before
{Heap before GC invocations=5 (full 0):
 garbage-first heap   total 129024K, used 66982K [0x0000000080000000, 0x0000000100000000)
  region size 1024K, 53 young (54272K), 3 survivors (3072K)
 Metaspace       used 35014K, capacity 35797K, committed 35840K, reserved 1081344K
  class space    used 4558K, capacity 4824K, committed 4864K, reserved 1048576K
}
Event: 6.058 GC heap after
{Heap after GC invocations=6 (full 0):
 garbage-first heap   total 129024K, used 21102K [0x0000000080000000, 0x0000000100000000)
  region size 1024K, 6 young (6144K), 6 survivors (6144K)
 Metaspace       used 35014K, capacity 35797K, committed 35840K, reserved 1081344K
  class space    used 4558K, capacity 4824K, committed 4864K, reserved 1048576K
}
Event: 7.651 GC heap before
{Heap before GC invocations=7 (full 0):
 garbage-first heap   total 129024K, used 80494K [0x0000000080000000, 0x0000000100000000)
  region size 1024K, 61 young (62464K), 6 survivors (6144K)
 Metaspace       used 40628K, capacity 41502K, committed 41600K, reserved 1085440K
  class space    used 5192K, capacity 5501K, committed 5504K, reserved 1048576K
}
Event: 7.669 GC heap after
{Heap after GC invocations=8 (full 0):
 garbage-first heap   total 155648K, used 24363K [0x0000000080000000, 0x0000000100000000)
  region size 1024K, 7 young (7168K), 7 survivors (7168K)
 Metaspace       used 40628K, capacity 41502K, committed 41600K, reserved 1085440K
  class space    used 5192K, capacity 5501K, committed 5504K, reserved 1048576K
}
Event: 9.313 GC heap before
{Heap before GC invocations=8 (full 0):
 garbage-first heap   total 155648K, used 95019K [0x0000000080000000, 0x0000000100000000)
  region size 1024K, 76 young (77824K), 7 survivors (7168K)
 Metaspace       used 44311K, capacity 45333K, committed 45568K, reserved 1089536K
  class space    used 5679K, capacity 6033K, committed 6144K, reserved 1048576K
}
Event: 9.328 GC heap after
{Heap after GC invocations=9 (full 0):
 garbage-first heap   total 155648K, used 31369K [0x0000000080000000, 0x0000000100000000)
  region size 1024K, 10 young (10240K), 10 survivors (10240K)
 Metaspace       used 44311K, capacity 45333K, committed 45568K, reserved 1089536K
  class space    used 5679K, capacity 6033K, committed 6144K, reserved 1048576K
}
Event: 11.486 GC heap before
{Heap before GC invocations=9 (full 0):
 garbage-first heap   total 155648K, used 103049K [0x0000000080000000, 0x0000000100000000)
  region size 1024K, 78 young (79872K), 10 survivors (10240K)
 Metaspace       used 53298K, capacity 54513K, committed 54656K, reserved 1097728K
  class space    used 6782K, capacity 7202K, committed 7296K, reserved 1048576K
}
Event: 11.502 GC heap after
{Heap after GC invocations=10 (full 0):
 garbage-first heap   total 155648K, used 38482K [0x0000000080000000, 0x0000000100000000)
  region size 1024K, 6 young (6144K), 6 survivors (6144K)
 Metaspace       used 53298K, capacity 54513K, committed 54656K, reserved 1097728K
  class space    used 6782K, capacity 7202K, committed 7296K, reserved 1048576K
}
Event: 12.911 GC heap before
{Heap before GC invocations=10 (full 0):
 garbage-first heap   total 155648K, used 84562K [0x0000000080000000, 0x0000000100000000)
  region size 1024K, 52 young (53248K), 6 survivors (6144K)
 Metaspace       used 58696K, capacity 60031K, committed 60160K, reserved 1101824K
  class space    used 7438K, capacity 7922K, committed 7936K, reserved 1048576K
}
Event: 12.939 GC heap after
{Heap after GC invocations=11 (full 0):
 garbage-first heap   total 155648K, used 42806K [0x0000000080000000, 0x0000000100000000)
  region size 1024K, 10 young (10240K), 10 survivors (10240K)
 Metaspace       used 58696K, capacity 60031K, committed 60160K, reserved 1101824K
  class space    used 7438K, capacity 7922K, committed 7936K, reserved 1048576K
}
Event: 15.706 GC heap before
{Heap before GC invocations=12 (full 0):
 garbage-first heap   total 155648K, used 110390K [0x0000000080000000, 0x0000000100000000)
  region size 1024K, 76 young (77824K), 10 survivors (10240K)
 Metaspace       used 64499K, capacity 66011K, committed 66252K, reserved 1105920K
  class space    used 8377K, capacity 8924K, committed 8960K, reserved 1048576K
}
Event: 15.727 GC heap after
{Heap after GC invocations=13 (full 0):
 garbage-first heap   total 187392K, used 46832K [0x0000000080000000, 0x0000000100000000)
  region size 1024K, 9 young (9216K), 9 survivors (9216K)
 Metaspace       used 64499K, capacity 66011K, committed 66252K, reserved 1105920K
  class space    used 8377K, capacity 8924K, committed 8960K, reserved 1048576K
}

Deoptimization events (20 events):
Event: 16.142 Thread 0x00000288ee393000 Uncommon trap: trap_request=0xffffff4d fr.pc=0x00000288dcaccae0 relative=0x00000000000001a0
Event: 16.142 Thread 0x00000288ee393000 Uncommon trap: reason=unstable_if action=reinterpret pc=0x00000288dcaccae0 method=java.util.HashMap.getNode(ILjava/lang/Object;)Ljava/util/HashMap$Node; @ 84 c2
Event: 16.142 Thread 0x00000288ee393000 DEOPT PACKING pc=0x00000288dcaccae0 sp=0x00000095fb7f9680
Event: 16.142 Thread 0x00000288ee393000 DEOPT UNPACKING pc=0x00000288d4f274af sp=0x00000095fb7f9608 mode 2
Event: 16.300 Thread 0x00000288ee393000 Uncommon trap: trap_request=0xffffff4d fr.pc=0x00000288dcb28f1c relative=0x0000000000000c7c
Event: 16.300 Thread 0x00000288ee393000 Uncommon trap: reason=unstable_if action=reinterpret pc=0x00000288dcb28f1c method=java.util.Properties$LineReader.readLine()I @ 25 c2
Event: 16.300 Thread 0x00000288ee393000 DEOPT PACKING pc=0x00000288dcb28f1c sp=0x00000095fb7fa040
Event: 16.300 Thread 0x00000288ee393000 DEOPT UNPACKING pc=0x00000288d4f274af sp=0x00000095fb7f9fe8 mode 2
Event: 16.717 Thread 0x00000288ee393000 Uncommon trap: trap_request=0xffffff4d fr.pc=0x00000288dccb3588 relative=0x00000000000001a8
Event: 16.717 Thread 0x00000288ee393000 Uncommon trap: reason=unstable_if action=reinterpret pc=0x00000288dccb3588 method=java.util.StringTokenizer.scanToken(I)I @ 42 c2
Event: 16.717 Thread 0x00000288ee393000 DEOPT PACKING pc=0x00000288dccb3588 sp=0x00000095fb7f94d0
Event: 16.717 Thread 0x00000288ee393000 DEOPT UNPACKING pc=0x00000288d4f274af sp=0x00000095fb7f9460 mode 2
Event: 19.112 Thread 0x00000288ee393000 Uncommon trap: trap_request=0xffffff4d fr.pc=0x00000288dcb7cffc relative=0x00000000000006fc
Event: 19.112 Thread 0x00000288ee393000 Uncommon trap: reason=unstable_if action=reinterpret pc=0x00000288dcb7cffc method=java.util.HashMap.putVal(ILjava/lang/Object;Ljava/lang/Object;ZZ)Ljava/lang/Object; @ 109 c2
Event: 19.112 Thread 0x00000288ee393000 DEOPT PACKING pc=0x00000288dcb7cffc sp=0x00000095fb7f80c0
Event: 19.112 Thread 0x00000288ee393000 DEOPT UNPACKING pc=0x00000288d4f274af sp=0x00000095fb7f7fd8 mode 2
Event: 19.112 Thread 0x00000288ee393000 Uncommon trap: trap_request=0xffffff4d fr.pc=0x00000288dcb67100 relative=0x0000000000000680
Event: 19.112 Thread 0x00000288ee393000 Uncommon trap: reason=unstable_if action=reinterpret pc=0x00000288dcb67100 method=java.util.HashMap.putVal(ILjava/lang/Object;Ljava/lang/Object;ZZ)Ljava/lang/Object; @ 109 c2
Event: 19.112 Thread 0x00000288ee393000 DEOPT PACKING pc=0x00000288dcb67100 sp=0x00000095fb7f8010
Event: 19.112 Thread 0x00000288ee393000 DEOPT UNPACKING pc=0x00000288d4f274af sp=0x00000095fb7f7fc8 mode 2

Classes redefined (0 events):
No events

Internal exceptions (20 events):
Event: 13.611 Thread 0x00000288ee393000 Exception <a 'java/lang/ClassNotFoundException'{0x00000000881a0340}: java/lang/EnumBeanInfo> (0x00000000881a0340) thrown at [./src/hotspot/share/classfile/systemDictionary.cpp, line 231]
Event: 13.611 Thread 0x00000288ee393000 Exception <a 'java/lang/ClassNotFoundException'{0x00000000881ab868}: java/lang/EnumCustomizer> (0x00000000881ab868) thrown at [./src/hotspot/share/classfile/systemDictionary.cpp, line 231]
Event: 13.615 Thread 0x00000288ee393000 Exception <a 'java/lang/ClassNotFoundException'{0x00000000881d6a48}: org/gradle/api/JavaVersionCustomizer> (0x00000000881d6a48) thrown at [./src/hotspot/share/classfile/systemDictionary.cpp, line 231]
Event: 13.623 Thread 0x00000288ee393000 Exception <a 'java/lang/ClassNotFoundException'{0x0000000088026190}: com/android/build/gradle/internal/CompileOptions_DecoratedBeanInfo> (0x0000000088026190) thrown at [./src/hotspot/share/classfile/systemDictionary.cpp, line 231]
Event: 13.624 Thread 0x00000288ee393000 Exception <a 'java/lang/ClassNotFoundException'{0x000000008803c838}: com/android/build/gradle/internal/CompileOptionsBeanInfo> (0x000000008803c838) thrown at [./src/hotspot/share/classfile/systemDictionary.cpp, line 231]
Event: 13.625 Thread 0x00000288ee393000 Exception <a 'java/lang/ClassNotFoundException'{0x0000000088053520}: com/android/build/gradle/internal/CompileOptionsCustomizer> (0x0000000088053520) thrown at [./src/hotspot/share/classfile/systemDictionary.cpp, line 231]
Event: 13.627 Thread 0x00000288ee393000 Exception <a 'java/lang/ClassNotFoundException'{0x00000000880768f0}: com/android/build/gradle/internal/CompileOptions_DecoratedCustomizer> (0x00000000880768f0) thrown at [./src/hotspot/share/classfile/systemDictionary.cpp, line 231]
Event: 15.639 Thread 0x00000288ee393000 Exception <a 'java/lang/ClassNotFoundException'{0x0000000084e32e98}: com/android/build/gradle/internal/api/ApkVariantOutputImpl_DecoratedBeanInfo> (0x0000000084e32e98) thrown at [./src/hotspot/share/classfile/systemDictionary.cpp, line 231]
Event: 15.640 Thread 0x00000288ee393000 Exception <a 'java/lang/ClassNotFoundException'{0x0000000084e490e0}: com/android/build/gradle/internal/api/ApkVariantOutputImplBeanInfo> (0x0000000084e490e0) thrown at [./src/hotspot/share/classfile/systemDictionary.cpp, line 231]
Event: 15.641 Thread 0x00000288ee393000 Exception <a 'java/lang/ClassNotFoundException'{0x0000000084e5f960}: com/android/build/gradle/internal/api/BaseVariantOutputImplBeanInfo> (0x0000000084e5f960) thrown at [./src/hotspot/share/classfile/systemDictionary.cpp, line 231]
Event: 15.642 Thread 0x00000288ee393000 Exception <a 'java/lang/ClassNotFoundException'{0x0000000084e76208}: com/android/build/gradle/internal/api/BaseVariantOutputImplCustomizer> (0x0000000084e76208) thrown at [./src/hotspot/share/classfile/systemDictionary.cpp, line 231]
Event: 15.644 Thread 0x00000288ee393000 Exception <a 'java/lang/ClassNotFoundException'{0x0000000084e9f3d0}: com/android/build/gradle/internal/api/ApkVariantOutputImplCustomizer> (0x0000000084e9f3d0) thrown at [./src/hotspot/share/classfile/systemDictionary.cpp, line 231]
Event: 15.646 Thread 0x00000288ee393000 Exception <a 'java/lang/ClassNotFoundException'{0x0000000084ec4330}: com/android/build/gradle/internal/api/ApkVariantOutputImpl_DecoratedCustomizer> (0x0000000084ec4330) thrown at [./src/hotspot/share/classfile/systemDictionary.cpp, line 231]
Event: 16.357 Thread 0x00000288ee393000 Exception <a 'sun/nio/fs/WindowsException'{0x000000008a914248}> (0x000000008a914248) thrown at [./src/hotspot/share/prims/jni.cpp, line 615]
Event: 16.781 Thread 0x00000288f0ad2000 Exception <a 'java/lang/NoSuchMethodError'{0x000000008a3165a0}: 'int java.lang.invoke.DirectMethodHandle$Holder.invokeVirtual(java.lang.Object, java.lang.Object)'> (0x000000008a3165a0) thrown at [./src/hotspot/share/interpreter/linkResolver.cpp, line 773]
Event: 16.907 Thread 0x00000288ee393000 Exception <a 'java/lang/NullPointerException'{0x000000008a1a5e10}> (0x000000008a1a5e10) thrown at [./src/hotspot/share/interpreter/linkResolver.cpp, line 1440]
Event: 18.119 Thread 0x00000288ee393000 Exception <a 'java/lang/NoSuchMethodError'{0x00000000892810b0}: 'int java.lang.invoke.DirectMethodHandle$Holder.invokeStatic(java.lang.Object, java.lang.Object, int, java.lang.Object)'> (0x00000000892810b0) thrown at [./src/hotspot/share/interpreter/linkResolver.cpp, line 773]
Event: 18.121 Thread 0x00000288ee393000 Exception <a 'java/lang/NoSuchMethodError'{0x0000000089287f58}: 'java.lang.Object java.lang.invoke.Invokers$Holder.linkToTargetMethod(java.lang.Object, int, java.lang.Object)'> (0x0000000089287f58) thrown at [./src/hotspot/share/interpreter/linkResolver.cpp, line 773]
Event: 19.811 Thread 0x00000288ee393000 Exception <a 'java/lang/NoSuchMethodError'{0x000000008802bd00}: 'void java.lang.invoke.DirectMethodHandle$Holder.invokeStatic(java.lang.Object, java.lang.Object, java.lang.Object, java.lang.Object, java.lang.Object, java.lang.Object, java.lang.Object)'> (0x000000008802bd00) thrown at [./src/hotspot/share/interpreter/linkResolver.cpp, line 773]
Event: 19.914 Thread 0x00000288ee393000 Exception <a 'java/lang/NoSuchMethodError'{0x0000000087e0c340}: 'java.lang.Object java.lang.invoke.Invokers$Holder.linkToTargetMethod(java.lang.Object, int, int, java.lang.Object)'> (0x0000000087e0c340) thrown at [./src/hotspot/share/interpreter/linkResolver.cpp, line 773]

Events (20 events):
Event: 20.036 loading class com/android/build/gradle/internal/core/VariantDslInfoImpl$getResValues$1
Event: 20.036 loading class com/android/build/gradle/internal/core/VariantDslInfoImpl$getResValues$1 done
Event: 20.059 loading class com/android/build/gradle/internal/signing/SigningConfigProviderParams
Event: 20.059 loading class com/android/build/gradle/internal/signing/SigningConfigProviderParams done
Event: 20.079 loading class com/android/ide/common/resources/AssetSet
Event: 20.079 loading class com/android/ide/common/resources/AssetSet done
Event: 20.093 loading class com/android/build/gradle/tasks/MergeSourceSetFolders$MergeAssetBaseCreationAction$configure$assetDirFunction$1
Event: 20.093 loading class com/android/build/gradle/tasks/MergeSourceSetFolders$MergeAssetBaseCreationAction$configure$assetDirFunction$1 done
Event: 20.095 loading class com/android/build/gradle/tasks/MergeSourceSetFolders$MergeAssetBaseCreationAction$configure$1
Event: 20.095 loading class com/android/build/gradle/tasks/MergeSourceSetFolders$MergeAssetBaseCreationAction$configure$1 done
Event: 20.099 loading class com/android/build/gradle/tasks/MergeSourceSetFolders$MergeAssetBaseCreationAction$configure$2
Event: 20.099 loading class com/android/build/gradle/tasks/MergeSourceSetFolders$MergeAssetBaseCreationAction$configure$2 done
Event: 20.126 loading class com/android/build/gradle/internal/tasks/ValidateSigningTask$CreationAction$configure$1
Event: 20.126 loading class com/android/build/gradle/internal/tasks/ValidateSigningTask$CreationAction$configure$1 done
Event: 20.134 loading class org/gradle/api/internal/tasks/DefaultTaskOutputs$2
Event: 20.134 loading class org/gradle/api/internal/tasks/DefaultTaskOutputs$2 done
Event: 20.175 loading class com/android/build/gradle/internal/tasks/MergeJavaResourceTask$Companion
Event: 20.175 loading class com/android/build/gradle/internal/tasks/MergeJavaResourceTask$Companion done
Event: 20.192 loading class com/android/build/gradle/internal/tasks/MergeJavaResourceTask$Companion$predicate$1
Event: 20.192 loading class com/android/build/gradle/internal/tasks/MergeJavaResourceTask$Companion$predicate$1 done


Dynamic libraries:
0x00007ff7d4d30000 - 0x00007ff7d4d3a000 	C:\Program Files\Android\Android Studio\jre\bin\java.exe
0x00007ffcd1ea0000 - 0x00007ffcd20a7000 	C:\WINDOWS\SYSTEM32\ntdll.dll
0x00007ffcd0010000 - 0x00007ffcd00cd000 	C:\WINDOWS\System32\KERNEL32.DLL
0x00007ffccf540000 - 0x00007ffccf8b2000 	C:\WINDOWS\System32\KERNELBASE.dll
0x00007ffcc88b0000 - 0x00007ffcc8942000 	C:\WINDOWS\SYSTEM32\apphelp.dll
0x00007ffccfa80000 - 0x00007ffccfb91000 	C:\WINDOWS\System32\ucrtbase.dll
0x00007ffcaef10000 - 0x00007ffcaef29000 	C:\Program Files\Android\Android Studio\jre\bin\jli.dll
0x00007ffcd0990000 - 0x00007ffcd0b3c000 	C:\WINDOWS\System32\USER32.dll
0x00007ffcb2080000 - 0x00007ffcb2325000 	C:\WINDOWS\WinSxS\amd64_microsoft.windows.common-controls_6595b64144ccf1df_6.0.21390.1_none_71fe35e189dc7366\COMCTL32.dll
0x00007ffccf3d0000 - 0x00007ffccf3f6000 	C:\WINDOWS\System32\win32u.dll
0x00007ffcd13d0000 - 0x00007ffcd1473000 	C:\WINDOWS\System32\msvcrt.dll
0x00007ffcd0fb0000 - 0x00007ffcd0fd9000 	C:\WINDOWS\System32\GDI32.dll
0x00007ffccf960000 - 0x00007ffccfa72000 	C:\WINDOWS\System32\gdi32full.dll
0x00007ffccf8c0000 - 0x00007ffccf95d000 	C:\WINDOWS\System32\msvcp_win.dll
0x00007ffcae960000 - 0x00007ffcae977000 	C:\Program Files\Android\Android Studio\jre\bin\VCRUNTIME140.dll
0x00007ffcd1e10000 - 0x00007ffcd1e41000 	C:\WINDOWS\System32\IMM32.DLL
0x00007ffc95630000 - 0x00007ffc956cd000 	C:\Program Files\Android\Android Studio\jre\bin\msvcp140.dll
0x00007ffc8bf60000 - 0x00007ffc8ca1c000 	C:\Program Files\Android\Android Studio\jre\bin\server\jvm.dll
0x00007ffcd0fe0000 - 0x00007ffcd108c000 	C:\WINDOWS\System32\ADVAPI32.dll
0x00007ffcd12d0000 - 0x00007ffcd136d000 	C:\WINDOWS\System32\sechost.dll
0x00007ffcd1130000 - 0x00007ffcd1251000 	C:\WINDOWS\System32\RPCRT4.dll
0x00007ffccff50000 - 0x00007ffccff58000 	C:\WINDOWS\System32\PSAPI.DLL
0x00007ffcc6d40000 - 0x00007ffcc6d71000 	C:\WINDOWS\SYSTEM32\WINMM.dll
0x00007ffcbbf60000 - 0x00007ffcbbf69000 	C:\WINDOWS\SYSTEM32\WSOCK32.dll
0x00007ffcc6720000 - 0x00007ffcc672a000 	C:\WINDOWS\SYSTEM32\VERSION.dll
0x00007ffcd1260000 - 0x00007ffcd12cf000 	C:\WINDOWS\System32\WS2_32.dll
0x00007ffcce5f0000 - 0x00007ffcce607000 	C:\WINDOWS\SYSTEM32\kernel.appcore.dll
0x00007ffcbb4b0000 - 0x00007ffcbb4c1000 	C:\Program Files\Android\Android Studio\jre\bin\verify.dll
0x00007ffccce40000 - 0x00007ffccd061000 	C:\WINDOWS\SYSTEM32\DBGHELP.DLL
0x00007ffcb4980000 - 0x00007ffcb49b1000 	C:\WINDOWS\SYSTEM32\dbgcore.DLL
0x00007ffccf400000 - 0x00007ffccf480000 	C:\WINDOWS\System32\bcryptPrimitives.dll
0x00007ffcba600000 - 0x00007ffcba629000 	C:\Program Files\Android\Android Studio\jre\bin\java.dll
0x00007ffcbbf50000 - 0x00007ffcbbf5b000 	C:\Program Files\Android\Android Studio\jre\bin\jimage.dll
0x00007ffcbb490000 - 0x00007ffcbb4a8000 	C:\Program Files\Android\Android Studio\jre\bin\zip.dll
0x00007ffcd1640000 - 0x00007ffcd1d92000 	C:\WINDOWS\System32\SHELL32.dll
0x00007ffccd510000 - 0x00007ffccdd68000 	C:\WINDOWS\SYSTEM32\windows.storage.dll
0x00007ffcd0520000 - 0x00007ffcd0895000 	C:\WINDOWS\System32\combase.dll
0x00007ffccd3a0000 - 0x00007ffccd506000 	C:\WINDOWS\SYSTEM32\wintypes.dll
0x00007ffcd08a0000 - 0x00007ffcd098a000 	C:\WINDOWS\System32\SHCORE.dll
0x00007ffcd04c0000 - 0x00007ffcd051d000 	C:\WINDOWS\System32\shlwapi.dll
0x00007ffccf300000 - 0x00007ffccf321000 	C:\WINDOWS\SYSTEM32\profapi.dll
0x00007ffcbaed0000 - 0x00007ffcbaeea000 	C:\Program Files\Android\Android Studio\jre\bin\net.dll
0x00007ffcc6290000 - 0x00007ffcc639c000 	C:\WINDOWS\SYSTEM32\WINHTTP.dll
0x00007ffccea00000 - 0x00007ffccea67000 	C:\WINDOWS\system32\mswsock.dll
0x00007ffcba6c0000 - 0x00007ffcba6d4000 	C:\Program Files\Android\Android Studio\jre\bin\nio.dll
0x00007ffcbb280000 - 0x00007ffcbb2a6000 	C:\Users\ddroy\.gradle\native\fdc75f09e3144964f2cf3f50f0aa648679c211496f362492102eb8c894070792\windows-amd64\native-platform.dll
0x00007ffc8d8d0000 - 0x00007ffc8da61000 	C:\Users\ddroy\.gradle\native\12488b8bf47d2d4c9fbf2f6322a914ad602e24e48041cd04a747c6da556b65c4\windows-amd64\native-platform-file-events.dll
0x00007ffcbb460000 - 0x00007ffcbb46a000 	C:\Program Files\Android\Android Studio\jre\bin\management.dll
0x00007ffcbb2b0000 - 0x00007ffcbb2bc000 	C:\Program Files\Android\Android Studio\jre\bin\management_ext.dll
0x00007ffccec40000 - 0x00007ffccec58000 	C:\WINDOWS\SYSTEM32\CRYPTSP.dll
0x00007ffcce550000 - 0x00007ffcce585000 	C:\WINDOWS\system32\rsaenh.dll
0x00007ffcceaf0000 - 0x00007ffcceb19000 	C:\WINDOWS\SYSTEM32\USERENV.dll
0x00007ffccedc0000 - 0x00007ffccede7000 	C:\WINDOWS\SYSTEM32\bcrypt.dll
0x00007ffccec60000 - 0x00007ffccec6c000 	C:\WINDOWS\SYSTEM32\CRYPTBASE.dll
0x00007ffcce130000 - 0x00007ffcce15d000 	C:\WINDOWS\SYSTEM32\IPHLPAPI.DLL
0x00007ffcd1090000 - 0x00007ffcd1099000 	C:\WINDOWS\System32\NSI.dll
0x00007ffcc6540000 - 0x00007ffcc6559000 	C:\WINDOWS\SYSTEM32\dhcpcsvc6.DLL
0x00007ffcc6960000 - 0x00007ffcc697e000 	C:\WINDOWS\SYSTEM32\dhcpcsvc.DLL
0x00007ffcce160000 - 0x00007ffcce245000 	C:\WINDOWS\SYSTEM32\DNSAPI.dll
0x00007ffcc6530000 - 0x00007ffcc653c000 	C:\WINDOWS\SYSTEM32\WINNSI.DLL

dbghelp: loaded successfully - version: 4.0.5 - missing functions: none
symbol engine: initialized successfully - sym options: 0x614 - pdb path: .;C:\Program Files\Android\Android Studio\jre\bin;C:\WINDOWS\SYSTEM32;C:\WINDOWS\WinSxS\amd64_microsoft.windows.common-controls_6595b64144ccf1df_6.0.21390.1_none_71fe35e189dc7366;C:\Program Files\Android\Android Studio\jre\bin\server;C:\Users\ddroy\.gradle\native\fdc75f09e3144964f2cf3f50f0aa648679c211496f362492102eb8c894070792\windows-amd64;C:\Users\ddroy\.gradle\native\12488b8bf47d2d4c9fbf2f6322a914ad602e24e48041cd04a747c6da556b65c4\windows-amd64

VM Arguments:
jvm_args: --add-opens=java.base/java.util=ALL-UNNAMED --add-opens=java.base/java.lang=ALL-UNNAMED --add-opens=java.base/java.lang.invoke=ALL-UNNAMED --add-opens=java.prefs/java.util.prefs=ALL-UNNAMED -Xmx2048m -Dfile.encoding=UTF-8 -Duser.country=US -Duser.language=en -Duser.variant 
java_command: org.gradle.launcher.daemon.bootstrap.GradleDaemon 6.7.1
java_class_path (initial): C:\Users\ddroy\.gradle\wrapper\dists\gradle-6.7.1-bin\bwlcbys1h7rz3272sye1xwiv6\gradle-6.7.1\lib\gradle-launcher-6.7.1.jar
Launcher Type: SUN_STANDARD

[Global flags]
     intx CICompilerCount                          = 4                                         {product} {ergonomic}
     uint ConcGCThreads                            = 2                                         {product} {ergonomic}
     uint G1ConcRefinementThreads                  = 8                                         {product} {ergonomic}
   size_t G1HeapRegionSize                         = 1048576                                   {product} {ergonomic}
    uintx GCDrainStackTargetSize                   = 64                                        {product} {ergonomic}
   size_t InitialHeapSize                          = 132120576                                 {product} {ergonomic}
   size_t MarkStackSize                            = 4194304                                   {product} {ergonomic}
   size_t MaxHeapSize                              = 2147483648                                {product} {command line}
   size_t MaxNewSize                               = 1287651328                                {product} {ergonomic}
   size_t MinHeapDeltaBytes                        = 1048576                                   {product} {ergonomic}
    uintx NonNMethodCodeHeapSize                   = 5836300                                {pd product} {ergonomic}
    uintx NonProfiledCodeHeapSize                  = 122910970                              {pd product} {ergonomic}
    uintx ProfiledCodeHeapSize                     = 122910970                              {pd product} {ergonomic}
    uintx ReservedCodeCacheSize                    = 251658240                              {pd product} {ergonomic}
     bool SegmentedCodeCache                       = true                                      {product} {ergonomic}
     bool UseCompressedClassPointers               = true                                 {lp64_product} {ergonomic}
     bool UseCompressedOops                        = true                                 {lp64_product} {ergonomic}
     bool UseG1GC                                  = true                                      {product} {ergonomic}
     bool UseLargePagesIndividualAllocation        = false                                  {pd product} {ergonomic}

Logging:
Log output configuration:
 #0: stdout all=warning uptime,level,tags
 #1: stderr all=off uptime,level,tags

Environment Variables:
PATH=C:\Program Files (x86)\Common Files\Oracle\Java\javapath;C:\Program Files\Common Files\Oracle\Java\javapath;C:\Windows\system32;C:\Windows;C:\Windows\System32\Wbem;C:\Windows\System32\WindowsPowerShell\v1.0\;C:\Windows\System32\OpenSSH\;C:\Program Files (x86)\NVIDIA Corporation\PhysX\Common;C:\Program Files\Intel\WiFi\bin\;C:\Program Files\Common Files\Intel\WirelessCommon\;C:\WINDOWS\system32;C:\WINDOWS;C:\WINDOWS\System32\Wbem;C:\WINDOWS\System32\WindowsPowerShell\v1.0\;C:\Program Files\Microsoft VS Code\bin;C:\MinGW\bin;C:\Program Files\Git\cmd;C:\Program Files (x86)\Microsoft SQL Server\100\Tools\Binn\;C:\Program Files\Microsoft SQL Server\100\Tools\Binn\;C:\Program Files\Microsoft SQL Server\100\DTS\Binn\;C:\Program Files\dotnet\;C:\WINDOWS\System32\OpenSSH\;C:\Users\ddroy\AppData\Local\Programs\Python\Python37-32\Scripts\;C:\Users\ddroy\AppData\Local\Programs\Python\Python37-32\;C:\Users\ddroy\AppData\Local\Microsoft\WindowsApps;;C:\Program Files\JetBrains\IntelliJ IDEA 2020.3.1\bin;
USERNAME=ddroy
OS=Windows_NT
PROCESSOR_IDENTIFIER=Intel64 Family 6 Model 142 Stepping 11, GenuineIntel



---------------  S Y S T E M  ---------------

OS: Windows 10 , 64 bit Build 21390 (10.0.21390.1)
OS uptime: 6 days 3:49 hours

CPU:total 8 (initial active 8) (4 cores per cpu, 2 threads per core) family 6 model 142 stepping 11, cmov, cx8, fxsr, mmx, sse, sse2, sse3, ssse3, sse4.1, sse4.2, popcnt, avx, avx2, aes, clmul, erms, 3dnowpref, lzcnt, ht, tsc, tscinvbit, bmi1, bmi2, adx, fma

Memory: 4k page, system-wide physical 8043M (134M free)
TotalPageFile size 24129M (AvailPageFile size 0M)
current process WorkingSet (physical memory assigned to process): 385M, peak: 407M
current process commit charge ("private bytes"): 448M, peak: 450M

vm_info: OpenJDK 64-Bit Server VM (11.0.8+10-b944.6842174) for windows-amd64 JRE (11.0.8+10-b944.6842174), built on Sep 19 2020 01:11:42 by "builder" with MS VC++ 14.0 (VS2015)

END.
