#
# There is insufficient memory for the Java Runtime Environment to continue.
# Native memory allocation (malloc) failed to allocate 1790896 bytes for Chunk::new
# Possible reasons:
#   The system is out of physical RAM or swap space
#   The process is running with CompressedOops enabled, and the Java Heap may be blocking the growth of the native heap
# Possible solutions:
#   Reduce memory load on the system
#   Increase physical memory or swap space
#   Check if swap backing store is full
#   Decrease Java heap size (-Xmx/-Xms)
#   Decrease number of Java threads
#   Decrease Java thread stack sizes (-Xss)
#   Set larger code cache with -XX:ReservedCodeCacheSize=
#   JVM is running with Unscaled Compressed Oops mode in which the Java heap is
#     placed in the first 4GB address space. The Java Heap base address is the
#     maximum limit for the native heap growth. Please use -XX:HeapBaseMinAddress
#     to set the Java Heap base and to place the Java Heap above 4GB virtual address.
# This output file may be truncated or incomplete.
#
#  Out of Memory Error (./src/hotspot/share/memory/arena.cpp:197), pid=15264, tid=17448
#
# JRE version: OpenJDK Runtime Environment (11.0.8+10) (build 11.0.8+10-b944.6842174)
# Java VM: OpenJDK 64-Bit Server VM (11.0.8+10-b944.6842174, mixed mode, tiered, compressed oops, g1 gc, windows-amd64)
# No core dump will be written. Minidumps are not enabled by default on client versions of Windows
#

---------------  S U M M A R Y ------------

Command Line: --add-opens=java.base/java.util=ALL-UNNAMED --add-opens=java.base/java.lang=ALL-UNNAMED --add-opens=java.base/java.lang.invoke=ALL-UNNAMED --add-opens=java.prefs/java.util.prefs=ALL-UNNAMED -Xmx2048m -Dfile.encoding=UTF-8 -Duser.country=US -Duser.language=en -Duser.variant org.gradle.launcher.daemon.bootstrap.GradleDaemon 6.7.1

Host: Intel(R) Core(TM) i7-8565U CPU @ 1.80GHz, 8 cores, 7G,  Windows 10 , 64 bit Build 21390 (10.0.21390.1)
Time: Fri Jun 25 00:39:49 2021 Bangladesh Standard Time elapsed time: 13 seconds (0d 0h 0m 13s)

---------------  T H R E A D  ---------------

Current thread (0x0000017058c56800):  JavaThread "C2 CompilerThread0" daemon [_thread_in_native, id=17448, stack(0x0000004e0fe00000,0x0000004e0ff00000)]


Current CompileTask:
C2:  13793 5035 % !   4       java.util.jar.Attributes::read @ 185 (388 bytes)

Stack: [0x0000004e0fe00000,0x0000004e0ff00000]
Native frames: (J=compiled Java code, j=interpreted, Vv=VM code, C=native code)
V  [jvm.dll+0x5de50a]
V  [jvm.dll+0x7122f5]
V  [jvm.dll+0x71384d]
V  [jvm.dll+0x713f03]
V  [jvm.dll+0x23e728]
V  [jvm.dll+0xb899c]
V  [jvm.dll+0xb8e9c]
V  [jvm.dll+0x35020b]
V  [jvm.dll+0x31dea3]
V  [jvm.dll+0x31d39a]
V  [jvm.dll+0x1f7702]
V  [jvm.dll+0x1f68d4]
V  [jvm.dll+0x17f32c]
V  [jvm.dll+0x205047]
V  [jvm.dll+0x203891]
V  [jvm.dll+0x6dad3f]
V  [jvm.dll+0x6d3895]
V  [jvm.dll+0x5dd4a6]
C  [ucrtbase.dll+0x26c0c]
C  [KERNEL32.DLL+0x154e0]
C  [ntdll.dll+0x485b]


---------------  P R O C E S S  ---------------

Threads class SMR info:
_java_thread_list=0x000001705cb458c0, length=136, elements={
0x000001703dff0000, 0x00000170582e5000, 0x00000170582ee000, 0x0000017058c54800,
0x0000017058c55800, 0x0000017058c56800, 0x00000170582fc000, 0x0000017058301000,
0x0000017058dc0000, 0x0000017058dd4800, 0x000001705a1d1000, 0x000001705c385000,
0x0000017059aff000, 0x0000017059782000, 0x000001705a3cf800, 0x000001705a6ac800,
0x000001705a441800, 0x000001705a444800, 0x000001705af53800, 0x000001705b777800,
0x000001705b2ad000, 0x000001705b2b1000, 0x000001705b2b3000, 0x000001705b2af800,
0x000001705b2b0800, 0x000001705b2b2000, 0x000001705b2ae800, 0x000001705b2ae000,
0x000001705b453800, 0x000001705b458000, 0x000001705b453000, 0x000001705b458800,
0x000001705b456000, 0x000001705b652800, 0x000001705b653800, 0x000001705b652000,
0x000001705b654800, 0x000001705b657000, 0x000001705b655000, 0x000001705b656000,
0x000001705b651000, 0x000001705b657800, 0x000001705cf3e000, 0x000001705cf3f000,
0x000001705cf40000, 0x000001705cf40800, 0x000001705cf3b800, 0x000001705cf3c800,
0x000001705cf3b000, 0x000001705cf41800, 0x000001705cf42800, 0x000001705cf3d800,
0x000001705cf48000, 0x000001705cf43000, 0x000001705cf46800, 0x000001705cf49000,
0x000001705cf49800, 0x000001705cf44000, 0x000001705cf44800, 0x000001705cf45800,
0x000001705cf47000, 0x000001705fdfd800, 0x000001705fe01000, 0x000001705fe00000,
0x000001705fe01800, 0x000001705fe02800, 0x000001705fdfe800, 0x000001705fe04000,
0x000001705fe05000, 0x000001705fe03000, 0x000001705fdff000, 0x000001705fe07800,
0x000001705fe0a000, 0x000001705fe0a800, 0x000001705fe08000, 0x000001705fe0b800,
0x000001705fe09000, 0x000001705fe05800, 0x000001705fe0c000, 0x000001705fe06800,
0x000001705cb0d000, 0x000001705cb0d800, 0x000001705cb0e800, 0x000001705cb0f800,
0x000001705cb10000, 0x000001705cb11000, 0x000001705cb0b000, 0x000001705cb11800,
0x000001705cb0c000, 0x000001705cb12800, 0x000001705cb14000, 0x000001705cb16800,
0x000001705cb16000, 0x000001705cb17800, 0x000001705cb15000, 0x000001705cb18000,
0x000001705cb19000, 0x000001705cb13800, 0x000001705cb1a000, 0x000001705b6ad000,
0x000001705b6ae000, 0x000001705b6ae800, 0x000001705b6a9000, 0x000001705b6a9800,
0x000001705b6af800, 0x000001705b6ab800, 0x000001705b6ac000, 0x000001705b6aa800,
0x000001705b6b5000, 0x000001705b6b3800, 0x000001705b6b0000, 0x000001705b6b1000,
0x000001705b6b7800, 0x000001705b6b2800, 0x000001705b6b4800, 0x000001705b6b6000,
0x000001705b6b7000, 0x000001705b6b2000, 0x000001705b6dd000, 0x000001705b6db000,
0x000001705b6dc000, 0x000001705b6e0000, 0x000001705b6df800, 0x000001705b6da800,
0x000001705b6dd800, 0x000001705b6e4000, 0x000001705b6de800, 0x000001705b6e5000,
0x000001705b6e6000, 0x000001705b6e6800, 0x000001705b6e1000, 0x000001705b6e1800,
0x000001705b6e7800, 0x000001705b6e8000, 0x000001705b6e2800, 0x000001705b6e9000
}

Java Threads: ( => current thread )
  0x000001703dff0000 JavaThread "main" [_thread_blocked, id=12708, stack(0x0000004e0f300000,0x0000004e0f400000)]
  0x00000170582e5000 JavaThread "Reference Handler" daemon [_thread_blocked, id=3372, stack(0x0000004e0fa00000,0x0000004e0fb00000)]
  0x00000170582ee000 JavaThread "Finalizer" daemon [_thread_blocked, id=10836, stack(0x0000004e0fb00000,0x0000004e0fc00000)]
  0x0000017058c54800 JavaThread "Signal Dispatcher" daemon [_thread_blocked, id=19208, stack(0x0000004e0fc00000,0x0000004e0fd00000)]
  0x0000017058c55800 JavaThread "Attach Listener" daemon [_thread_blocked, id=13328, stack(0x0000004e0fd00000,0x0000004e0fe00000)]
=>0x0000017058c56800 JavaThread "C2 CompilerThread0" daemon [_thread_in_native, id=17448, stack(0x0000004e0fe00000,0x0000004e0ff00000)]
  0x00000170582fc000 JavaThread "C1 CompilerThread0" daemon [_thread_in_vm, id=11224, stack(0x0000004e0ff00000,0x0000004e10000000)]
  0x0000017058301000 JavaThread "Sweeper thread" daemon [_thread_blocked, id=10360, stack(0x0000004e10000000,0x0000004e10100000)]
  0x0000017058dc0000 JavaThread "Common-Cleaner" daemon [_thread_blocked, id=308, stack(0x0000004e10100000,0x0000004e10200000)]
  0x0000017058dd4800 JavaThread "Service Thread" daemon [_thread_blocked, id=1260, stack(0x0000004e10200000,0x0000004e10300000)]
  0x000001705a1d1000 JavaThread "Daemon health stats" [_thread_blocked, id=15116, stack(0x0000004e10800000,0x0000004e10900000)]
  0x000001705c385000 JavaThread "Incoming local TCP Connector on port 9348" [_thread_in_native, id=14232, stack(0x0000004e10900000,0x0000004e10a00000)]
  0x0000017059aff000 JavaThread "Daemon periodic checks" [_thread_blocked, id=14460, stack(0x0000004e10a00000,0x0000004e10b00000)]
  0x0000017059782000 JavaThread "Daemon" [_thread_blocked, id=6788, stack(0x0000004e10b00000,0x0000004e10c00000)]
  0x000001705a3cf800 JavaThread "Handler for socket connection from /127.0.0.1:9348 to /127.0.0.1:9349" [_thread_in_native, id=4436, stack(0x0000004e10c00000,0x0000004e10d00000)]
  0x000001705a6ac800 JavaThread "Cancel handler" [_thread_blocked, id=7368, stack(0x0000004e10d00000,0x0000004e10e00000)]
  0x000001705a441800 JavaThread "Daemon worker" [_thread_blocked, id=10072, stack(0x0000004e10e00000,0x0000004e10f00000)]
  0x000001705a444800 JavaThread "Asynchronous log dispatcher for DefaultDaemonConnection: socket connection from /127.0.0.1:9348 to /127.0.0.1:9349" [_thread_blocked, id=9892, stack(0x0000004e10f00000,0x0000004e11000000)]
  0x000001705af53800 JavaThread "Stdin handler" [_thread_blocked, id=15768, stack(0x0000004e11000000,0x0000004e11100000)]
  0x000001705b777800 JavaThread "Thread-8" [_thread_blocked, id=11032, stack(0x0000004e11100000,0x0000004e11200000)]
  0x000001705b2ad000 JavaThread "Cache worker for file hash cache (C:\Users\ddroy\.gradle\caches\6.7.1\fileHashes)" [_thread_blocked, id=16128, stack(0x0000004e11700000,0x0000004e11800000)]
  0x000001705b2b1000 JavaThread "File lock request listener" [_thread_in_native, id=2644, stack(0x0000004e11800000,0x0000004e11900000)]
  0x000001705b2b3000 JavaThread "Cache worker for journal cache (C:\Users\ddroy\.gradle\caches\journal-1)" [_thread_blocked, id=7908, stack(0x0000004e11a00000,0x0000004e11b00000)]
  0x000001705b2af800 JavaThread "Cache worker for file hash cache (C:\Users\ddroy\AndroidStudioProjects\CSE2200_offline1\.gradle\6.7.1\fileHashes)" [_thread_blocked, id=3480, stack(0x0000004e11c00000,0x0000004e11d00000)]
  0x000001705b2b0800 JavaThread "Cache worker for checksums cache (C:\Users\ddroy\AndroidStudioProjects\CSE2200_offline1\.gradle\checksums)" [_thread_blocked, id=11136, stack(0x0000004e11d00000,0x0000004e11e00000)]
  0x000001705b2b2000 JavaThread "Cache worker for cache directory md-supplier (C:\Users\ddroy\.gradle\caches\6.7.1\md-supplier)" [_thread_blocked, id=9228, stack(0x0000004e11e00000,0x0000004e11f00000)]
  0x000001705b2ae800 JavaThread "Cache worker for cache directory md-rule (C:\Users\ddroy\.gradle\caches\6.7.1\md-rule)" [_thread_blocked, id=3988, stack(0x0000004e11f00000,0x0000004e12000000)]
  0x000001705b2ae000 JavaThread "Cache worker for execution history cache (C:\Users\ddroy\.gradle\caches\6.7.1\executionHistory)" [_thread_blocked, id=7328, stack(0x0000004e12100000,0x0000004e12200000)]
  0x000001705b453800 JavaThread "jar transforms" [_thread_blocked, id=8232, stack(0x0000004e12200000,0x0000004e12300000)]
  0x000001705b458000 JavaThread "Cache worker for file content cache (C:\Users\ddroy\.gradle\caches\6.7.1\fileContent)" [_thread_blocked, id=16792, stack(0x0000004e12300000,0x0000004e12400000)]
  0x000001705b453000 JavaThread "Cache worker for Build Output Cleanup Cache (C:\Users\ddroy\AndroidStudioProjects\CSE2200_offline1\.gradle\buildOutputCleanup)" [_thread_blocked, id=17532, stack(0x0000004e12400000,0x0000004e12500000)]
  0x000001705b458800 JavaThread "Build operations" [_thread_blocked, id=11612, stack(0x0000004e12500000,0x0000004e12600000)]
  0x000001705b456000 JavaThread "Build operations Thread 2" [_thread_blocked, id=8344, stack(0x0000004e12600000,0x0000004e12700000)]
  0x000001705b652800 JavaThread "Build operations Thread 3" [_thread_blocked, id=16884, stack(0x0000004e12700000,0x0000004e12800000)]
  0x000001705b653800 JavaThread "Build operations Thread 4" [_thread_blocked, id=8356, stack(0x0000004e12800000,0x0000004e12900000)]
  0x000001705b652000 JavaThread "Build operations Thread 5" [_thread_blocked, id=14260, stack(0x0000004e12900000,0x0000004e12a00000)]
  0x000001705b654800 JavaThread "Build operations Thread 6" [_thread_blocked, id=1288, stack(0x0000004e12a00000,0x0000004e12b00000)]
  0x000001705b657000 JavaThread "Build operations Thread 7" [_thread_blocked, id=3140, stack(0x0000004e12b00000,0x0000004e12c00000)]
  0x000001705b655000 JavaThread "Build operations Thread 8" [_thread_blocked, id=11072, stack(0x0000004e12c00000,0x0000004e12d00000)]
  0x000001705b656000 JavaThread "jar transforms Thread 2" [_thread_blocked, id=1092, stack(0x0000004e12d00000,0x0000004e12e00000)]
  0x000001705b651000 JavaThread "jar transforms Thread 3" [_thread_blocked, id=8536, stack(0x0000004e12e00000,0x0000004e12f00000)]
  0x000001705b657800 JavaThread "jar transforms Thread 4" [_thread_blocked, id=17552, stack(0x0000004e12f00000,0x0000004e13000000)]
  0x000001705cf3e000 JavaThread "jar transforms Thread 5" [_thread_blocked, id=11240, stack(0x0000004e13000000,0x0000004e13100000)]
  0x000001705cf3f000 JavaThread "jar transforms Thread 6" [_thread_blocked, id=9904, stack(0x0000004e13100000,0x0000004e13200000)]
  0x000001705cf40000 JavaThread "jar transforms Thread 7" [_thread_blocked, id=12556, stack(0x0000004e13200000,0x0000004e13300000)]
  0x000001705cf40800 JavaThread "jar transforms Thread 8" [_thread_blocked, id=10076, stack(0x0000004e13300000,0x0000004e13400000)]
  0x000001705cf3b800 JavaThread "jar transforms Thread 9" [_thread_blocked, id=12412, stack(0x0000004e13400000,0x0000004e13500000)]
  0x000001705cf3c800 JavaThread "jar transforms Thread 10" [_thread_blocked, id=5620, stack(0x0000004e13500000,0x0000004e13600000)]
  0x000001705cf3b000 JavaThread "jar transforms Thread 11" [_thread_blocked, id=4504, stack(0x0000004e13600000,0x0000004e13700000)]
  0x000001705cf41800 JavaThread "jar transforms Thread 12" [_thread_blocked, id=19264, stack(0x0000004e13700000,0x0000004e13800000)]
  0x000001705cf42800 JavaThread "jar transforms Thread 13" [_thread_blocked, id=8880, stack(0x0000004e13800000,0x0000004e13900000)]
  0x000001705cf3d800 JavaThread "jar transforms Thread 14" [_thread_blocked, id=18536, stack(0x0000004e13900000,0x0000004e13a00000)]
  0x000001705cf48000 JavaThread "jar transforms Thread 15" [_thread_blocked, id=14928, stack(0x0000004e13a00000,0x0000004e13b00000)]
  0x000001705cf43000 JavaThread "jar transforms Thread 16" [_thread_blocked, id=14316, stack(0x0000004e13b00000,0x0000004e13c00000)]
  0x000001705cf46800 JavaThread "jar transforms Thread 17" [_thread_blocked, id=9688, stack(0x0000004e13c00000,0x0000004e13d00000)]
  0x000001705cf49000 JavaThread "jar transforms Thread 18" [_thread_blocked, id=528, stack(0x0000004e13d00000,0x0000004e13e00000)]
  0x000001705cf49800 JavaThread "jar transforms Thread 19" [_thread_blocked, id=1356, stack(0x0000004e13e00000,0x0000004e13f00000)]
  0x000001705cf44000 JavaThread "jar transforms Thread 20" [_thread_blocked, id=4912, stack(0x0000004e13f00000,0x0000004e14000000)]
  0x000001705cf44800 JavaThread "jar transforms Thread 21" [_thread_blocked, id=19372, stack(0x0000004e14000000,0x0000004e14100000)]
  0x000001705cf45800 JavaThread "jar transforms Thread 22" [_thread_blocked, id=17076, stack(0x0000004e14100000,0x0000004e14200000)]
  0x000001705cf47000 JavaThread "jar transforms Thread 23" [_thread_blocked, id=15496, stack(0x0000004e14200000,0x0000004e14300000)]
  0x000001705fdfd800 JavaThread "jar transforms Thread 24" [_thread_blocked, id=10800, stack(0x0000004e14300000,0x0000004e14400000)]
  0x000001705fe01000 JavaThread "jar transforms Thread 25" [_thread_blocked, id=12896, stack(0x0000004e14400000,0x0000004e14500000)]
  0x000001705fe00000 JavaThread "jar transforms Thread 26" [_thread_blocked, id=608, stack(0x0000004e14500000,0x0000004e14600000)]
  0x000001705fe01800 JavaThread "jar transforms Thread 27" [_thread_blocked, id=13212, stack(0x0000004e14600000,0x0000004e14700000)]
  0x000001705fe02800 JavaThread "jar transforms Thread 28" [_thread_blocked, id=18976, stack(0x0000004e14700000,0x0000004e14800000)]
  0x000001705fdfe800 JavaThread "jar transforms Thread 29" [_thread_blocked, id=10552, stack(0x0000004e14800000,0x0000004e14900000)]
  0x000001705fe04000 JavaThread "jar transforms Thread 30" [_thread_blocked, id=16260, stack(0x0000004e14900000,0x0000004e14a00000)]
  0x000001705fe05000 JavaThread "jar transforms Thread 31" [_thread_blocked, id=14696, stack(0x0000004e14a00000,0x0000004e14b00000)]
  0x000001705fe03000 JavaThread "jar transforms Thread 32" [_thread_blocked, id=4708, stack(0x0000004e14b00000,0x0000004e14c00000)]
  0x000001705fdff000 JavaThread "jar transforms Thread 33" [_thread_blocked, id=15960, stack(0x0000004e14c00000,0x0000004e14d00000)]
  0x000001705fe07800 JavaThread "jar transforms Thread 34" [_thread_blocked, id=16612, stack(0x0000004e14d00000,0x0000004e14e00000)]
  0x000001705fe0a000 JavaThread "jar transforms Thread 35" [_thread_blocked, id=9864, stack(0x0000004e14e00000,0x0000004e14f00000)]
  0x000001705fe0a800 JavaThread "jar transforms Thread 36" [_thread_blocked, id=17224, stack(0x0000004e14f00000,0x0000004e15000000)]
  0x000001705fe08000 JavaThread "jar transforms Thread 37" [_thread_blocked, id=2196, stack(0x0000004e15000000,0x0000004e15100000)]
  0x000001705fe0b800 JavaThread "jar transforms Thread 38" [_thread_blocked, id=5672, stack(0x0000004e15100000,0x0000004e15200000)]
  0x000001705fe09000 JavaThread "jar transforms Thread 39" [_thread_blocked, id=15688, stack(0x0000004e15200000,0x0000004e15300000)]
  0x000001705fe05800 JavaThread "jar transforms Thread 40" [_thread_blocked, id=1224, stack(0x0000004e15300000,0x0000004e15400000)]
  0x000001705fe0c000 JavaThread "jar transforms Thread 41" [_thread_blocked, id=14228, stack(0x0000004e15400000,0x0000004e15500000)]
  0x000001705fe06800 JavaThread "jar transforms Thread 42" [_thread_blocked, id=9136, stack(0x0000004e15500000,0x0000004e15600000)]
  0x000001705cb0d000 JavaThread "jar transforms Thread 43" [_thread_blocked, id=13744, stack(0x0000004e15600000,0x0000004e15700000)]
  0x000001705cb0d800 JavaThread "jar transforms Thread 44" [_thread_blocked, id=7452, stack(0x0000004e15700000,0x0000004e15800000)]
  0x000001705cb0e800 JavaThread "jar transforms Thread 45" [_thread_blocked, id=15212, stack(0x0000004e15800000,0x0000004e15900000)]
  0x000001705cb0f800 JavaThread "jar transforms Thread 46" [_thread_blocked, id=10660, stack(0x0000004e15900000,0x0000004e15a00000)]
  0x000001705cb10000 JavaThread "jar transforms Thread 47" [_thread_blocked, id=14164, stack(0x0000004e15a00000,0x0000004e15b00000)]
  0x000001705cb11000 JavaThread "jar transforms Thread 48" [_thread_blocked, id=8028, stack(0x0000004e15b00000,0x0000004e15c00000)]
  0x000001705cb0b000 JavaThread "jar transforms Thread 49" [_thread_blocked, id=10740, stack(0x0000004e15c00000,0x0000004e15d00000)]
  0x000001705cb11800 JavaThread "jar transforms Thread 50" [_thread_blocked, id=15480, stack(0x0000004e15d00000,0x0000004e15e00000)]
  0x000001705cb0c000 JavaThread "jar transforms Thread 51" [_thread_blocked, id=14432, stack(0x0000004e15e00000,0x0000004e15f00000)]
  0x000001705cb12800 JavaThread "jar transforms Thread 52" [_thread_blocked, id=6520, stack(0x0000004e15f00000,0x0000004e16000000)]
  0x000001705cb14000 JavaThread "jar transforms Thread 53" [_thread_blocked, id=17020, stack(0x0000004e16000000,0x0000004e16100000)]
  0x000001705cb16800 JavaThread "jar transforms Thread 54" [_thread_blocked, id=17772, stack(0x0000004e16100000,0x0000004e16200000)]
  0x000001705cb16000 JavaThread "jar transforms Thread 55" [_thread_blocked, id=16400, stack(0x0000004e16200000,0x0000004e16300000)]
  0x000001705cb17800 JavaThread "jar transforms Thread 56" [_thread_blocked, id=13664, stack(0x0000004e16300000,0x0000004e16400000)]
  0x000001705cb15000 JavaThread "jar transforms Thread 57" [_thread_blocked, id=18904, stack(0x0000004e16400000,0x0000004e16500000)]
  0x000001705cb18000 JavaThread "jar transforms Thread 58" [_thread_blocked, id=12396, stack(0x0000004e16500000,0x0000004e16600000)]
  0x000001705cb19000 JavaThread "jar transforms Thread 59" [_thread_blocked, id=15948, stack(0x0000004e16600000,0x0000004e16700000)]
  0x000001705cb13800 JavaThread "jar transforms Thread 60" [_thread_blocked, id=3752, stack(0x0000004e16700000,0x0000004e16800000)]
  0x000001705cb1a000 JavaThread "jar transforms Thread 61" [_thread_blocked, id=1060, stack(0x0000004e16800000,0x0000004e16900000)]
  0x000001705b6ad000 JavaThread "jar transforms Thread 62" [_thread_blocked, id=1672, stack(0x0000004e16900000,0x0000004e16a00000)]
  0x000001705b6ae000 JavaThread "jar transforms Thread 63" [_thread_blocked, id=1180, stack(0x0000004e16a00000,0x0000004e16b00000)]
  0x000001705b6ae800 JavaThread "jar transforms Thread 64" [_thread_blocked, id=18748, stack(0x0000004e16b00000,0x0000004e16c00000)]
  0x000001705b6a9000 JavaThread "jar transforms Thread 65" [_thread_blocked, id=12496, stack(0x0000004e16c00000,0x0000004e16d00000)]
  0x000001705b6a9800 JavaThread "jar transforms Thread 66" [_thread_blocked, id=8956, stack(0x0000004e16d00000,0x0000004e16e00000)]
  0x000001705b6af800 JavaThread "jar transforms Thread 67" [_thread_blocked, id=10596, stack(0x0000004e16e00000,0x0000004e16f00000)]
  0x000001705b6ab800 JavaThread "jar transforms Thread 68" [_thread_blocked, id=2300, stack(0x0000004e16f00000,0x0000004e17000000)]
  0x000001705b6ac000 JavaThread "jar transforms Thread 69" [_thread_blocked, id=8992, stack(0x0000004e17000000,0x0000004e17100000)]
  0x000001705b6aa800 JavaThread "jar transforms Thread 70" [_thread_blocked, id=16444, stack(0x0000004e17100000,0x0000004e17200000)]
  0x000001705b6b5000 JavaThread "jar transforms Thread 71" [_thread_blocked, id=17244, stack(0x0000004e17200000,0x0000004e17300000)]
  0x000001705b6b3800 JavaThread "jar transforms Thread 72" [_thread_blocked, id=14020, stack(0x0000004e17300000,0x0000004e17400000)]
  0x000001705b6b0000 JavaThread "jar transforms Thread 73" [_thread_blocked, id=16812, stack(0x0000004e17400000,0x0000004e17500000)]
  0x000001705b6b1000 JavaThread "jar transforms Thread 74" [_thread_blocked, id=15712, stack(0x0000004e17500000,0x0000004e17600000)]
  0x000001705b6b7800 JavaThread "jar transforms Thread 75" [_thread_blocked, id=16256, stack(0x0000004e17600000,0x0000004e17700000)]
  0x000001705b6b2800 JavaThread "jar transforms Thread 76" [_thread_blocked, id=712, stack(0x0000004e17700000,0x0000004e17800000)]
  0x000001705b6b4800 JavaThread "jar transforms Thread 77" [_thread_blocked, id=4484, stack(0x0000004e17800000,0x0000004e17900000)]
  0x000001705b6b6000 JavaThread "jar transforms Thread 78" [_thread_blocked, id=4980, stack(0x0000004e17900000,0x0000004e17a00000)]
  0x000001705b6b7000 JavaThread "jar transforms Thread 79" [_thread_blocked, id=18228, stack(0x0000004e17a00000,0x0000004e17b00000)]
  0x000001705b6b2000 JavaThread "jar transforms Thread 80" [_thread_blocked, id=18348, stack(0x0000004e17b00000,0x0000004e17c00000)]
  0x000001705b6dd000 JavaThread "jar transforms Thread 81" [_thread_blocked, id=6600, stack(0x0000004e17c00000,0x0000004e17d00000)]
  0x000001705b6db000 JavaThread "jar transforms Thread 82" [_thread_blocked, id=13576, stack(0x0000004e17d00000,0x0000004e17e00000)]
  0x000001705b6dc000 JavaThread "jar transforms Thread 83" [_thread_blocked, id=16740, stack(0x0000004e17e00000,0x0000004e17f00000)]
  0x000001705b6e0000 JavaThread "jar transforms Thread 84" [_thread_blocked, id=8408, stack(0x0000004e17f00000,0x0000004e18000000)]
  0x000001705b6df800 JavaThread "jar transforms Thread 85" [_thread_blocked, id=6572, stack(0x0000004e18000000,0x0000004e18100000)]
  0x000001705b6da800 JavaThread "jar transforms Thread 86" [_thread_blocked, id=8916, stack(0x0000004e18100000,0x0000004e18200000)]
  0x000001705b6dd800 JavaThread "jar transforms Thread 87" [_thread_blocked, id=9460, stack(0x0000004e18200000,0x0000004e18300000)]
  0x000001705b6e4000 JavaThread "jar transforms Thread 88" [_thread_blocked, id=4712, stack(0x0000004e18300000,0x0000004e18400000)]
  0x000001705b6de800 JavaThread "jar transforms Thread 89" [_thread_blocked, id=8540, stack(0x0000004e18400000,0x0000004e18500000)]
  0x000001705b6e5000 JavaThread "jar transforms Thread 90" [_thread_blocked, id=5996, stack(0x0000004e18500000,0x0000004e18600000)]
  0x000001705b6e6000 JavaThread "jar transforms Thread 91" [_thread_blocked, id=19116, stack(0x0000004e18600000,0x0000004e18700000)]
  0x000001705b6e6800 JavaThread "jar transforms Thread 92" [_thread_blocked, id=14664, stack(0x0000004e18700000,0x0000004e18800000)]
  0x000001705b6e1000 JavaThread "jar transforms Thread 93" [_thread_blocked, id=15384, stack(0x0000004e18800000,0x0000004e18900000)]
  0x000001705b6e1800 JavaThread "jar transforms Thread 94" [_thread_blocked, id=3080, stack(0x0000004e18900000,0x0000004e18a00000)]
  0x000001705b6e7800 JavaThread "jar transforms Thread 95" [_thread_blocked, id=17188, stack(0x0000004e18a00000,0x0000004e18b00000)]
  0x000001705b6e8000 JavaThread "jar transforms Thread 96" [_thread_blocked, id=2388, stack(0x0000004e18b00000,0x0000004e18c00000)]
  0x000001705b6e2800 JavaThread "jar transforms Thread 97" [_thread_blocked, id=5968, stack(0x0000004e18c00000,0x0000004e18d00000)]
  0x000001705b6e9000 JavaThread "Memory manager" [_thread_blocked, id=19124, stack(0x0000004e12000000,0x0000004e12100000)]

Other Threads:
  0x00000170582de800 VMThread "VM Thread" [stack: 0x0000004e0f900000,0x0000004e0fa00000] [id=8608]
  0x0000017058dd5800 WatcherThread [stack: 0x0000004e10300000,0x0000004e10400000] [id=3520]
  0x000001703e006000 GCTaskThread "GC Thread#0" [stack: 0x0000004e0f400000,0x0000004e0f500000] [id=13320]
  0x0000017059bd9000 GCTaskThread "GC Thread#1" [stack: 0x0000004e10600000,0x0000004e10700000] [id=10564]
  0x0000017059e68000 GCTaskThread "GC Thread#2" [stack: 0x0000004e10700000,0x0000004e10800000] [id=12220]
  0x0000017059201800 GCTaskThread "GC Thread#3" [stack: 0x0000004e11200000,0x0000004e11300000] [id=3956]
  0x000001705a3e6800 GCTaskThread "GC Thread#4" [stack: 0x0000004e11300000,0x0000004e11400000] [id=13740]
  0x000001705aa06800 GCTaskThread "GC Thread#5" [stack: 0x0000004e11400000,0x0000004e11500000] [id=18416]
  0x000001705a0ef800 GCTaskThread "GC Thread#6" [stack: 0x0000004e11500000,0x0000004e11600000] [id=16188]
  0x000001705a899800 GCTaskThread "GC Thread#7" [stack: 0x0000004e11600000,0x0000004e11700000] [id=2204]
  0x000001703e036800 ConcurrentGCThread "G1 Main Marker" [stack: 0x0000004e0f500000,0x0000004e0f600000] [id=17072]
  0x000001703e038000 ConcurrentGCThread "G1 Conc#0" [stack: 0x0000004e0f600000,0x0000004e0f700000] [id=380]
  0x0000017059e47000 ConcurrentGCThread "G1 Conc#1" [stack: 0x0000004e11900000,0x0000004e11a00000] [id=13168]
  0x000001703e0bc800 ConcurrentGCThread "G1 Refine#0" [stack: 0x0000004e0f700000,0x0000004e0f800000] [id=1616]
  0x0000017058130800 ConcurrentGCThread "G1 Young RemSet Sampling" [stack: 0x0000004e0f800000,0x0000004e0f900000] [id=624]

Threads with active compile tasks:
C2 CompilerThread0  14045 5035 % !   4       java.util.jar.Attributes::read @ 185 (388 bytes)

VM state:not at safepoint (normal execution)

VM Mutex/Monitor currently owned by a thread: None

Heap address: 0x0000000080000000, size: 2048 MB, Compressed Oops mode: 32-bit
Narrow klass base: 0x0000000000000000, Narrow klass shift: 3
Compressed class space size: 1073741824 Address: 0x0000000100000000

Heap:
 garbage-first heap   total 155648K, used 63556K [0x0000000080000000, 0x0000000100000000)
  region size 1024K, 37 young (37888K), 10 survivors (10240K)
 Metaspace       used 56450K, capacity 57783K, committed 57856K, reserved 1099776K
  class space    used 7191K, capacity 7673K, committed 7680K, reserved 1048576K
Heap Regions: E=young(eden), S=young(survivor), O=old, HS=humongous(starts), HC=humongous(continues), CS=collection set, F=free, A=archive, TAMS=top-at-mark-start (previous, next)
|   0|0x0000000080000000, 0x0000000080100000, 0x0000000080100000|100%| O|  |TAMS 0x0000000080100000, 0x0000000080000000| Untracked 
|   1|0x0000000080100000, 0x0000000080200000, 0x0000000080200000|100%| O|  |TAMS 0x0000000080200000, 0x0000000080100000| Untracked 
|   2|0x0000000080200000, 0x0000000080300000, 0x0000000080300000|100%| O|  |TAMS 0x0000000080300000, 0x0000000080200000| Untracked 
|   3|0x0000000080300000, 0x0000000080400000, 0x0000000080400000|100%|HS|  |TAMS 0x0000000080400000, 0x0000000080300000| Complete 
|   4|0x0000000080400000, 0x0000000080500000, 0x0000000080500000|100%|HC|  |TAMS 0x0000000080500000, 0x0000000080400000| Complete 
|   5|0x0000000080500000, 0x0000000080600000, 0x0000000080600000|100%|HC|  |TAMS 0x0000000080600000, 0x0000000080500000| Complete 
|   6|0x0000000080600000, 0x0000000080700000, 0x0000000080700000|100%| O|  |TAMS 0x0000000080700000, 0x0000000080600000| Untracked 
|   7|0x0000000080700000, 0x0000000080800000, 0x0000000080800000|100%| O|  |TAMS 0x0000000080800000, 0x0000000080700000| Untracked 
|   8|0x0000000080800000, 0x0000000080900000, 0x0000000080900000|100%| O|  |TAMS 0x0000000080900000, 0x0000000080800000| Untracked 
|   9|0x0000000080900000, 0x0000000080a00000, 0x0000000080a00000|100%| O|  |TAMS 0x0000000080a00000, 0x0000000080900000| Untracked 
|  10|0x0000000080a00000, 0x0000000080b00000, 0x0000000080b00000|100%| O|  |TAMS 0x0000000080b00000, 0x0000000080a00000| Untracked 
|  11|0x0000000080b00000, 0x0000000080c00000, 0x0000000080c00000|100%| O|  |TAMS 0x0000000080c00000, 0x0000000080b00000| Untracked 
|  12|0x0000000080c00000, 0x0000000080d00000, 0x0000000080d00000|100%| O|  |TAMS 0x0000000080d00000, 0x0000000080c00000| Untracked 
|  13|0x0000000080d00000, 0x0000000080e00000, 0x0000000080e00000|100%| O|  |TAMS 0x0000000080e00000, 0x0000000080d00000| Untracked 
|  14|0x0000000080e00000, 0x0000000080f00000, 0x0000000080f00000|100%| O|  |TAMS 0x0000000080f00000, 0x0000000080e00000| Untracked 
|  15|0x0000000080f00000, 0x0000000081000000, 0x0000000081000000|100%| O|  |TAMS 0x0000000080f3cc00, 0x0000000080f00000| Untracked 
|  16|0x0000000081000000, 0x0000000081100000, 0x0000000081100000|100%| O|  |TAMS 0x0000000081000000, 0x0000000081000000| Untracked 
|  17|0x0000000081100000, 0x0000000081200000, 0x0000000081200000|100%| O|  |TAMS 0x0000000081100000, 0x0000000081100000| Untracked 
|  18|0x0000000081200000, 0x0000000081300000, 0x0000000081300000|100%| O|  |TAMS 0x0000000081200000, 0x0000000081200000| Untracked 
|  19|0x0000000081300000, 0x0000000081400000, 0x0000000081400000|100%|HS|  |TAMS 0x0000000081300000, 0x0000000081300000| Complete 
|  20|0x0000000081400000, 0x0000000081500000, 0x0000000081500000|100%| O|  |TAMS 0x0000000081400000, 0x0000000081400000| Untracked 
|  21|0x0000000081500000, 0x0000000081600000, 0x0000000081600000|100%| O|  |TAMS 0x0000000081500000, 0x0000000081500000| Untracked 
|  22|0x0000000081600000, 0x0000000081700000, 0x0000000081700000|100%|HS|  |TAMS 0x0000000081600000, 0x0000000081600000| Complete 
|  23|0x0000000081700000, 0x0000000081800000, 0x0000000081800000|100%|HC|  |TAMS 0x0000000081700000, 0x0000000081700000| Complete 
|  24|0x0000000081800000, 0x0000000081900000, 0x0000000081900000|100%| O|  |TAMS 0x0000000081800000, 0x0000000081800000| Untracked 
|  25|0x0000000081900000, 0x0000000081a00000, 0x0000000081a00000|100%| O|  |TAMS 0x0000000081900000, 0x0000000081900000| Untracked 
|  26|0x0000000081a00000, 0x0000000081b00000, 0x0000000081b00000|100%| O|  |TAMS 0x0000000081a00000, 0x0000000081a00000| Untracked 
|  27|0x0000000081b00000, 0x0000000081b11200, 0x0000000081c00000|  6%| O|  |TAMS 0x0000000081b00000, 0x0000000081b00000| Untracked 
|  28|0x0000000081c00000, 0x0000000081c00000, 0x0000000081d00000|  0%| F|  |TAMS 0x0000000081c00000, 0x0000000081c00000| Untracked 
|  29|0x0000000081d00000, 0x0000000081d00000, 0x0000000081e00000|  0%| F|  |TAMS 0x0000000081d00000, 0x0000000081d00000| Untracked 
|  30|0x0000000081e00000, 0x0000000081e00000, 0x0000000081f00000|  0%| F|  |TAMS 0x0000000081e00000, 0x0000000081e00000| Untracked 
|  31|0x0000000081f00000, 0x0000000081f00000, 0x0000000082000000|  0%| F|  |TAMS 0x0000000081f00000, 0x0000000081f00000| Untracked 
|  32|0x0000000082000000, 0x0000000082000000, 0x0000000082100000|  0%| F|  |TAMS 0x0000000082000000, 0x0000000082000000| Untracked 
|  33|0x0000000082100000, 0x0000000082100000, 0x0000000082200000|  0%| F|  |TAMS 0x0000000082100000, 0x0000000082100000| Untracked 
|  34|0x0000000082200000, 0x0000000082200000, 0x0000000082300000|  0%| F|  |TAMS 0x0000000082200000, 0x0000000082200000| Untracked 
|  35|0x0000000082300000, 0x0000000082300000, 0x0000000082400000|  0%| F|  |TAMS 0x0000000082300000, 0x0000000082300000| Untracked 
|  36|0x0000000082400000, 0x0000000082400000, 0x0000000082500000|  0%| F|  |TAMS 0x0000000082400000, 0x0000000082400000| Untracked 
|  37|0x0000000082500000, 0x0000000082500000, 0x0000000082600000|  0%| F|  |TAMS 0x0000000082500000, 0x0000000082500000| Untracked 
|  38|0x0000000082600000, 0x0000000082600000, 0x0000000082700000|  0%| F|  |TAMS 0x0000000082600000, 0x0000000082600000| Untracked 
|  39|0x0000000082700000, 0x0000000082700000, 0x0000000082800000|  0%| F|  |TAMS 0x0000000082700000, 0x0000000082700000| Untracked 
|  40|0x0000000082800000, 0x0000000082800000, 0x0000000082900000|  0%| F|  |TAMS 0x0000000082800000, 0x0000000082800000| Untracked 
|  41|0x0000000082900000, 0x0000000082900000, 0x0000000082a00000|  0%| F|  |TAMS 0x0000000082900000, 0x0000000082900000| Untracked 
|  42|0x0000000082a00000, 0x0000000082a00000, 0x0000000082b00000|  0%| F|  |TAMS 0x0000000082a00000, 0x0000000082a00000| Untracked 
|  43|0x0000000082b00000, 0x0000000082b00000, 0x0000000082c00000|  0%| F|  |TAMS 0x0000000082b00000, 0x0000000082b00000| Untracked 
|  44|0x0000000082c00000, 0x0000000082c00000, 0x0000000082d00000|  0%| F|  |TAMS 0x0000000082c00000, 0x0000000082c00000| Untracked 
|  45|0x0000000082d00000, 0x0000000082d00000, 0x0000000082e00000|  0%| F|  |TAMS 0x0000000082d00000, 0x0000000082d00000| Untracked 
|  46|0x0000000082e00000, 0x0000000082e00000, 0x0000000082f00000|  0%| F|  |TAMS 0x0000000082e00000, 0x0000000082e00000| Untracked 
|  47|0x0000000082f00000, 0x0000000082f00000, 0x0000000083000000|  0%| F|  |TAMS 0x0000000082f00000, 0x0000000082f00000| Untracked 
|  48|0x0000000083000000, 0x0000000083000000, 0x0000000083100000|  0%| F|  |TAMS 0x0000000083000000, 0x0000000083000000| Untracked 
|  49|0x0000000083100000, 0x0000000083100000, 0x0000000083200000|  0%| F|  |TAMS 0x0000000083100000, 0x0000000083100000| Untracked 
|  50|0x0000000083200000, 0x0000000083200000, 0x0000000083300000|  0%| F|  |TAMS 0x0000000083200000, 0x0000000083200000| Untracked 
|  51|0x0000000083300000, 0x0000000083300000, 0x0000000083400000|  0%| F|  |TAMS 0x0000000083300000, 0x0000000083300000| Untracked 
|  52|0x0000000083400000, 0x0000000083400000, 0x0000000083500000|  0%| F|  |TAMS 0x0000000083400000, 0x0000000083400000| Untracked 
|  53|0x0000000083500000, 0x0000000083500000, 0x0000000083600000|  0%| F|  |TAMS 0x0000000083500000, 0x0000000083500000| Untracked 
|  54|0x0000000083600000, 0x0000000083600000, 0x0000000083700000|  0%| F|  |TAMS 0x0000000083600000, 0x0000000083600000| Untracked 
|  55|0x0000000083700000, 0x0000000083700000, 0x0000000083800000|  0%| F|  |TAMS 0x0000000083700000, 0x0000000083700000| Untracked 
|  56|0x0000000083800000, 0x0000000083800000, 0x0000000083900000|  0%| F|  |TAMS 0x0000000083800000, 0x0000000083800000| Untracked 
|  57|0x0000000083900000, 0x0000000083900000, 0x0000000083a00000|  0%| F|  |TAMS 0x0000000083900000, 0x0000000083900000| Untracked 
|  58|0x0000000083a00000, 0x0000000083a00000, 0x0000000083b00000|  0%| F|  |TAMS 0x0000000083a00000, 0x0000000083a00000| Untracked 
|  59|0x0000000083b00000, 0x0000000083b00000, 0x0000000083c00000|  0%| F|  |TAMS 0x0000000083b00000, 0x0000000083b00000| Untracked 
|  60|0x0000000083c00000, 0x0000000083c00000, 0x0000000083d00000|  0%| F|  |TAMS 0x0000000083c00000, 0x0000000083c00000| Untracked 
|  61|0x0000000083d00000, 0x0000000083d00000, 0x0000000083e00000|  0%| F|  |TAMS 0x0000000083d00000, 0x0000000083d00000| Untracked 
|  62|0x0000000083e00000, 0x0000000083e00000, 0x0000000083f00000|  0%| F|  |TAMS 0x0000000083e00000, 0x0000000083e00000| Untracked 
|  63|0x0000000083f00000, 0x0000000083f00000, 0x0000000084000000|  0%| F|  |TAMS 0x0000000083f00000, 0x0000000083f00000| Untracked 
|  64|0x0000000084000000, 0x0000000084000000, 0x0000000084100000|  0%| F|  |TAMS 0x0000000084000000, 0x0000000084000000| Untracked 
|  65|0x0000000084100000, 0x0000000084100000, 0x0000000084200000|  0%| F|  |TAMS 0x0000000084100000, 0x0000000084100000| Untracked 
|  66|0x0000000084200000, 0x0000000084200000, 0x0000000084300000|  0%| F|  |TAMS 0x0000000084200000, 0x0000000084200000| Untracked 
|  67|0x0000000084300000, 0x0000000084300000, 0x0000000084400000|  0%| F|  |TAMS 0x0000000084300000, 0x0000000084300000| Untracked 
|  68|0x0000000084400000, 0x0000000084400000, 0x0000000084500000|  0%| F|  |TAMS 0x0000000084400000, 0x0000000084400000| Untracked 
|  69|0x0000000084500000, 0x0000000084600000, 0x0000000084600000|100%| S|CS|TAMS 0x0000000084500000, 0x0000000084500000| Complete 
|  70|0x0000000084600000, 0x0000000084700000, 0x0000000084700000|100%| S|CS|TAMS 0x0000000084600000, 0x0000000084600000| Complete 
|  71|0x0000000084700000, 0x0000000084800000, 0x0000000084800000|100%| S|CS|TAMS 0x0000000084700000, 0x0000000084700000| Complete 
|  72|0x0000000084800000, 0x0000000084900000, 0x0000000084900000|100%| S|CS|TAMS 0x0000000084800000, 0x0000000084800000| Complete 
|  73|0x0000000084900000, 0x0000000084a00000, 0x0000000084a00000|100%| S|CS|TAMS 0x0000000084900000, 0x0000000084900000| Complete 
|  74|0x0000000084a00000, 0x0000000084b00000, 0x0000000084b00000|100%| S|CS|TAMS 0x0000000084a00000, 0x0000000084a00000| Complete 
|  75|0x0000000084b00000, 0x0000000084c00000, 0x0000000084c00000|100%| S|CS|TAMS 0x0000000084b00000, 0x0000000084b00000| Complete 
|  76|0x0000000084c00000, 0x0000000084d00000, 0x0000000084d00000|100%| S|CS|TAMS 0x0000000084c00000, 0x0000000084c00000| Complete 
|  77|0x0000000084d00000, 0x0000000084e00000, 0x0000000084e00000|100%| S|CS|TAMS 0x0000000084d00000, 0x0000000084d00000| Complete 
|  78|0x0000000084e00000, 0x0000000084f00000, 0x0000000084f00000|100%| S|CS|TAMS 0x0000000084e00000, 0x0000000084e00000| Complete 
|  79|0x0000000084f00000, 0x0000000084f00000, 0x0000000085000000|  0%| F|  |TAMS 0x0000000084f00000, 0x0000000084f00000| Untracked 
|  80|0x0000000085000000, 0x0000000085000000, 0x0000000085100000|  0%| F|  |TAMS 0x0000000085000000, 0x0000000085000000| Untracked 
|  81|0x0000000085100000, 0x0000000085100000, 0x0000000085200000|  0%| F|  |TAMS 0x0000000085100000, 0x0000000085100000| Untracked 
|  82|0x0000000085200000, 0x0000000085200000, 0x0000000085300000|  0%| F|  |TAMS 0x0000000085200000, 0x0000000085200000| Untracked 
|  83|0x0000000085300000, 0x0000000085300000, 0x0000000085400000|  0%| F|  |TAMS 0x0000000085300000, 0x0000000085300000| Untracked 
|  84|0x0000000085400000, 0x0000000085400000, 0x0000000085500000|  0%| F|  |TAMS 0x0000000085400000, 0x0000000085400000| Untracked 
|  85|0x0000000085500000, 0x0000000085500000, 0x0000000085600000|  0%| F|  |TAMS 0x0000000085500000, 0x0000000085500000| Untracked 
|  86|0x0000000085600000, 0x0000000085600000, 0x0000000085700000|  0%| F|  |TAMS 0x0000000085600000, 0x0000000085600000| Untracked 
|  87|0x0000000085700000, 0x0000000085700000, 0x0000000085800000|  0%| F|  |TAMS 0x0000000085700000, 0x0000000085700000| Untracked 
|  88|0x0000000085800000, 0x0000000085800000, 0x0000000085900000|  0%| F|  |TAMS 0x0000000085800000, 0x0000000085800000| Untracked 
|  89|0x0000000085900000, 0x0000000085900000, 0x0000000085a00000|  0%| F|  |TAMS 0x0000000085900000, 0x0000000085900000| Untracked 
|  90|0x0000000085a00000, 0x0000000085a00000, 0x0000000085b00000|  0%| F|  |TAMS 0x0000000085a00000, 0x0000000085a00000| Untracked 
|  91|0x0000000085b00000, 0x0000000085b00000, 0x0000000085c00000|  0%| F|  |TAMS 0x0000000085b00000, 0x0000000085b00000| Untracked 
|  92|0x0000000085c00000, 0x0000000085c00000, 0x0000000085d00000|  0%| F|  |TAMS 0x0000000085c00000, 0x0000000085c00000| Untracked 
|  93|0x0000000085d00000, 0x0000000085d00000, 0x0000000085e00000|  0%| F|  |TAMS 0x0000000085d00000, 0x0000000085d00000| Untracked 
|  94|0x0000000085e00000, 0x0000000085e00000, 0x0000000085f00000|  0%| F|  |TAMS 0x0000000085e00000, 0x0000000085e00000| Untracked 
|  95|0x0000000085f00000, 0x0000000085f00000, 0x0000000086000000|  0%| F|  |TAMS 0x0000000085f00000, 0x0000000085f00000| Untracked 
|  96|0x0000000086000000, 0x0000000086000000, 0x0000000086100000|  0%| F|  |TAMS 0x0000000086000000, 0x0000000086000000| Untracked 
|  97|0x0000000086100000, 0x0000000086100000, 0x0000000086200000|  0%| F|  |TAMS 0x0000000086100000, 0x0000000086100000| Untracked 
|  98|0x0000000086200000, 0x0000000086200000, 0x0000000086300000|  0%| F|  |TAMS 0x0000000086200000, 0x0000000086200000| Untracked 
|  99|0x0000000086300000, 0x0000000086300000, 0x0000000086400000|  0%| F|  |TAMS 0x0000000086300000, 0x0000000086300000| Untracked 
| 100|0x0000000086400000, 0x0000000086400000, 0x0000000086500000|  0%| F|  |TAMS 0x0000000086400000, 0x0000000086400000| Untracked 
| 101|0x0000000086500000, 0x0000000086500000, 0x0000000086600000|  0%| F|  |TAMS 0x0000000086500000, 0x0000000086500000| Untracked 
| 102|0x0000000086600000, 0x0000000086600000, 0x0000000086700000|  0%| F|  |TAMS 0x0000000086600000, 0x0000000086600000| Untracked 
| 103|0x0000000086700000, 0x0000000086700000, 0x0000000086800000|  0%| F|  |TAMS 0x0000000086700000, 0x0000000086700000| Untracked 
| 104|0x0000000086800000, 0x0000000086800000, 0x0000000086900000|  0%| F|  |TAMS 0x0000000086800000, 0x0000000086800000| Untracked 
| 105|0x0000000086900000, 0x0000000086900000, 0x0000000086a00000|  0%| F|  |TAMS 0x0000000086900000, 0x0000000086900000| Untracked 
| 106|0x0000000086a00000, 0x0000000086a00000, 0x0000000086b00000|  0%| F|  |TAMS 0x0000000086a00000, 0x0000000086a00000| Untracked 
| 107|0x0000000086b00000, 0x0000000086b00000, 0x0000000086c00000|  0%| F|  |TAMS 0x0000000086b00000, 0x0000000086b00000| Untracked 
| 108|0x0000000086c00000, 0x0000000086c00000, 0x0000000086d00000|  0%| F|  |TAMS 0x0000000086c00000, 0x0000000086c00000| Untracked 
| 109|0x0000000086d00000, 0x0000000086d00000, 0x0000000086e00000|  0%| F|  |TAMS 0x0000000086d00000, 0x0000000086d00000| Untracked 
| 110|0x0000000086e00000, 0x0000000086e00000, 0x0000000086f00000|  0%| F|  |TAMS 0x0000000086e00000, 0x0000000086e00000| Untracked 
| 111|0x0000000086f00000, 0x0000000086f00000, 0x0000000087000000|  0%| F|  |TAMS 0x0000000086f00000, 0x0000000086f00000| Untracked 
| 112|0x0000000087000000, 0x0000000087000000, 0x0000000087100000|  0%| F|  |TAMS 0x0000000087000000, 0x0000000087000000| Untracked 
| 113|0x0000000087100000, 0x0000000087100000, 0x0000000087200000|  0%| F|  |TAMS 0x0000000087100000, 0x0000000087100000| Untracked 
| 114|0x0000000087200000, 0x0000000087200000, 0x0000000087300000|  0%| F|  |TAMS 0x0000000087200000, 0x0000000087200000| Untracked 
| 115|0x0000000087300000, 0x0000000087300000, 0x0000000087400000|  0%| F|  |TAMS 0x0000000087300000, 0x0000000087300000| Untracked 
| 116|0x0000000087400000, 0x0000000087400000, 0x0000000087500000|  0%| F|  |TAMS 0x0000000087400000, 0x0000000087400000| Untracked 
| 117|0x0000000087500000, 0x0000000087500000, 0x0000000087600000|  0%| F|  |TAMS 0x0000000087500000, 0x0000000087500000| Untracked 
| 118|0x0000000087600000, 0x0000000087600000, 0x0000000087700000|  0%| F|  |TAMS 0x0000000087600000, 0x0000000087600000| Untracked 
| 119|0x0000000087700000, 0x0000000087700000, 0x0000000087800000|  0%| F|  |TAMS 0x0000000087700000, 0x0000000087700000| Untracked 
| 120|0x0000000087800000, 0x0000000087800000, 0x0000000087900000|  0%| F|  |TAMS 0x0000000087800000, 0x0000000087800000| Untracked 
| 121|0x0000000087900000, 0x0000000087900000, 0x0000000087a00000|  0%| F|  |TAMS 0x0000000087900000, 0x0000000087900000| Untracked 
| 122|0x0000000087a00000, 0x0000000087a00000, 0x0000000087b00000|  0%| F|  |TAMS 0x0000000087a00000, 0x0000000087a00000| Untracked 
| 123|0x0000000087b00000, 0x0000000087b00000, 0x0000000087c00000|  0%| F|  |TAMS 0x0000000087b00000, 0x0000000087b00000| Untracked 
| 124|0x0000000087c00000, 0x0000000087c00000, 0x0000000087d00000|  0%| F|  |TAMS 0x0000000087c00000, 0x0000000087c00000| Untracked 
| 125|0x0000000087d00000, 0x0000000087d80800, 0x0000000087e00000| 50%| E|  |TAMS 0x0000000087d00000, 0x0000000087d00000| Complete 
| 126|0x0000000087e00000, 0x0000000087f00000, 0x0000000087f00000|100%| E|CS|TAMS 0x0000000087e00000, 0x0000000087e00000| Complete 
| 127|0x0000000087f00000, 0x0000000088000000, 0x0000000088000000|100%| E|CS|TAMS 0x0000000087f00000, 0x0000000087f00000| Complete 
| 128|0x0000000088000000, 0x0000000088100000, 0x0000000088100000|100%| E|CS|TAMS 0x0000000088000000, 0x0000000088000000| Complete 
| 129|0x0000000088100000, 0x0000000088200000, 0x0000000088200000|100%| E|CS|TAMS 0x0000000088100000, 0x0000000088100000| Complete 
| 130|0x0000000088200000, 0x0000000088300000, 0x0000000088300000|100%| E|CS|TAMS 0x0000000088200000, 0x0000000088200000| Complete 
| 131|0x0000000088300000, 0x0000000088400000, 0x0000000088400000|100%| E|CS|TAMS 0x0000000088300000, 0x0000000088300000| Complete 
| 132|0x0000000088400000, 0x0000000088500000, 0x0000000088500000|100%| E|CS|TAMS 0x0000000088400000, 0x0000000088400000| Complete 
| 133|0x0000000088500000, 0x0000000088600000, 0x0000000088600000|100%| E|CS|TAMS 0x0000000088500000, 0x0000000088500000| Complete 
| 134|0x0000000088600000, 0x0000000088700000, 0x0000000088700000|100%| E|CS|TAMS 0x0000000088600000, 0x0000000088600000| Complete 
| 135|0x0000000088700000, 0x0000000088800000, 0x0000000088800000|100%| E|CS|TAMS 0x0000000088700000, 0x0000000088700000| Complete 
| 136|0x0000000088800000, 0x0000000088900000, 0x0000000088900000|100%| E|CS|TAMS 0x0000000088800000, 0x0000000088800000| Complete 
| 137|0x0000000088900000, 0x0000000088a00000, 0x0000000088a00000|100%| E|CS|TAMS 0x0000000088900000, 0x0000000088900000| Complete 
| 138|0x0000000088a00000, 0x0000000088b00000, 0x0000000088b00000|100%| E|  |TAMS 0x0000000088a00000, 0x0000000088a00000| Complete 
| 139|0x0000000088b00000, 0x0000000088c00000, 0x0000000088c00000|100%| E|CS|TAMS 0x0000000088b00000, 0x0000000088b00000| Complete 
| 140|0x0000000088c00000, 0x0000000088d00000, 0x0000000088d00000|100%| E|CS|TAMS 0x0000000088c00000, 0x0000000088c00000| Complete 
| 141|0x0000000088d00000, 0x0000000088e00000, 0x0000000088e00000|100%| E|CS|TAMS 0x0000000088d00000, 0x0000000088d00000| Complete 
| 142|0x0000000088e00000, 0x0000000088f00000, 0x0000000088f00000|100%| E|CS|TAMS 0x0000000088e00000, 0x0000000088e00000| Complete 
| 143|0x0000000088f00000, 0x0000000089000000, 0x0000000089000000|100%| E|CS|TAMS 0x0000000088f00000, 0x0000000088f00000| Complete 
| 144|0x0000000089000000, 0x0000000089100000, 0x0000000089100000|100%| E|CS|TAMS 0x0000000089000000, 0x0000000089000000| Complete 
| 145|0x0000000089100000, 0x0000000089200000, 0x0000000089200000|100%| E|CS|TAMS 0x0000000089100000, 0x0000000089100000| Complete 
| 146|0x0000000089200000, 0x0000000089300000, 0x0000000089300000|100%| E|CS|TAMS 0x0000000089200000, 0x0000000089200000| Complete 
| 147|0x0000000089300000, 0x0000000089400000, 0x0000000089400000|100%| E|CS|TAMS 0x0000000089300000, 0x0000000089300000| Complete 
| 148|0x0000000089400000, 0x0000000089500000, 0x0000000089500000|100%| E|CS|TAMS 0x0000000089400000, 0x0000000089400000| Complete 
| 149|0x0000000089500000, 0x0000000089600000, 0x0000000089600000|100%| E|CS|TAMS 0x0000000089500000, 0x0000000089500000| Complete 
| 150|0x0000000089600000, 0x0000000089700000, 0x0000000089700000|100%| E|CS|TAMS 0x0000000089600000, 0x0000000089600000| Complete 
| 151|0x0000000089700000, 0x0000000089800000, 0x0000000089800000|100%| E|CS|TAMS 0x0000000089700000, 0x0000000089700000| Complete 

Card table byte_map: [0x0000017051090000,0x0000017051490000] _byte_map_base: 0x0000017050c90000

Marking Bits (Prev, Next): (CMBitMap*) 0x000001703e02deb8, (CMBitMap*) 0x000001703e02def0
 Prev Bits: [0x0000017051890000, 0x0000017053890000)
 Next Bits: [0x0000017053890000, 0x0000017055890000)

Polling page: 0x000001703bf20000

Metaspace:

Usage:
  Non-class:     48.94 MB capacity,    48.12 MB ( 98%) used,   702.00 KB (  1%) free+waste,   129.25 KB ( <1%) overhead. 
      Class:      7.49 MB capacity,     7.03 MB ( 94%) used,   412.60 KB (  5%) free+waste,    61.63 KB ( <1%) overhead. 
       Both:     56.43 MB capacity,    55.15 MB ( 98%) used,     1.09 MB (  2%) free+waste,   190.88 KB ( <1%) overhead. 

Virtual space:
  Non-class space:       50.00 MB reserved,      49.00 MB ( 98%) committed 
      Class space:        1.00 GB reserved,       7.50 MB ( <1%) committed 
             Both:        1.05 GB reserved,      56.50 MB (  5%) committed 

Chunk freelists:
   Non-Class:  2.00 KB
       Class:  7.00 KB
        Both:  9.00 KB

MaxMetaspaceSize: 17179869184.00 GB
CompressedClassSpaceSize: 1.00 GB

CodeHeap 'non-profiled nmethods': size=120000Kb used=2741Kb max_used=2741Kb free=117258Kb
 bounds [0x0000017049430000, 0x00000170496e0000, 0x0000017050960000]
CodeHeap 'profiled nmethods': size=120000Kb used=10121Kb max_used=10121Kb free=109878Kb
 bounds [0x0000017041f00000, 0x00000170428f0000, 0x0000017049430000]
CodeHeap 'non-nmethods': size=5760Kb used=2223Kb max_used=2257Kb free=3537Kb
 bounds [0x0000017041960000, 0x0000017041bd0000, 0x0000017041f00000]
 total_blobs=5627 nmethods=4827 adapters=711
 compilation: enabled
              stopped_count=0, restarted_count=0
 full_count=0

Compilation events (20 events):
Event: 13.666 Thread 0x00000170582fc000 5050       3       org.objectweb.asm.Frame::addInitializedType (77 bytes)
Event: 13.667 Thread 0x00000170582fc000 nmethod 5050 0x00000170428c8690 code [0x00000170428c8880, 0x00000170428c8da8]
Event: 13.667 Thread 0x00000170582fc000 5051       3       org.gradle.internal.instantiation.generator.ManagedObjectFactory::attachOwner (24 bytes)
Event: 13.668 Thread 0x00000170582fc000 nmethod 5051 0x00000170428c8f90 code [0x00000170428c9180, 0x00000170428c95b8]
Event: 13.668 Thread 0x00000170582fc000 5052       3       org.gradle.internal.instantiation.generator.ManagedObjectFactory::getObjectFactory (15 bytes)
Event: 13.669 Thread 0x00000170582fc000 nmethod 5052 0x00000170428c9710 code [0x00000170428c98e0, 0x00000170428c9ba8]
Event: 13.669 Thread 0x00000170582fc000 5055       3       org.gradle.api.internal.provider.ValueSupplier$Value::of (22 bytes)
Event: 13.669 Thread 0x00000170582fc000 nmethod 5055 0x00000170428c9c90 code [0x00000170428c9e80, 0x00000170428ca228]
Event: 13.669 Thread 0x00000170582fc000 5053       3       org.gradle.internal.instantiation.generator.ManagedObjectFactory$ManagedPropertyName::<init> (15 bytes)
Event: 13.669 Thread 0x00000170582fc000 nmethod 5053 0x00000170428ca390 code [0x00000170428ca540, 0x00000170428ca758]
Event: 13.669 Thread 0x00000170582fc000 5054       3       org.gradle.api.internal.provider.AbstractProperty::attachOwner (6 bytes)
Event: 13.670 Thread 0x00000170582fc000 nmethod 5054 0x00000170428ca810 code [0x00000170428ca9c0, 0x00000170428cab18]
Event: 13.670 Thread 0x00000170582fc000 5056       3       org.gradle.cache.internal.DefaultCrossBuildInMemoryCacheFactory$DefaultClassMap::getCacheScope (37 bytes)
Event: 13.671 Thread 0x00000170582fc000 nmethod 5056 0x00000170428cab90 code [0x00000170428cae20, 0x00000170428cbc48]
Event: 13.671 Thread 0x00000170582fc000 5058       3       java.util.LinkedHashMap::get (33 bytes)
Event: 13.672 Thread 0x00000170582fc000 nmethod 5058 0x00000170428cc010 code [0x00000170428cc200, 0x00000170428cc628]
Event: 13.672 Thread 0x00000170582fc000 5057 %     3       org.gradle.internal.instantiation.generator.AbstractClassGenerator::inspectType @ 107 (560 bytes)
Event: 13.678 Thread 0x00000170582fc000 nmethod 5057% 0x00000170428cc790 code [0x00000170428ccfc0, 0x00000170428d25a8]
Event: 13.678 Thread 0x00000170582fc000 5059       3       org.gradle.api.internal.provider.Providers$FixedValueProvider::calculateOwnValue (8 bytes)
Event: 13.679 Thread 0x00000170582fc000 nmethod 5059 0x00000170428d3f90 code [0x00000170428d4180, 0x00000170428d45a8]

GC Heap History (16 events):
Event: 1.177 GC heap before
{Heap before GC invocations=0 (full 0):
 garbage-first heap   total 129024K, used 29696K [0x0000000080000000, 0x0000000100000000)
  region size 1024K, 24 young (24576K), 0 survivors (0K)
 Metaspace       used 10410K, capacity 10644K, committed 11008K, reserved 1058816K
  class space    used 1098K, capacity 1164K, committed 1280K, reserved 1048576K
}
Event: 1.185 GC heap after
{Heap after GC invocations=1 (full 0):
 garbage-first heap   total 129024K, used 8516K [0x0000000080000000, 0x0000000100000000)
  region size 1024K, 3 young (3072K), 3 survivors (3072K)
 Metaspace       used 10410K, capacity 10644K, committed 11008K, reserved 1058816K
  class space    used 1098K, capacity 1164K, committed 1280K, reserved 1048576K
}
Event: 3.938 GC heap before
{Heap before GC invocations=1 (full 0):
 garbage-first heap   total 129024K, used 81220K [0x0000000080000000, 0x0000000100000000)
  region size 1024K, 75 young (76800K), 3 survivors (3072K)
 Metaspace       used 18926K, capacity 19340K, committed 19456K, reserved 1067008K
  class space    used 2295K, capacity 2456K, committed 2560K, reserved 1048576K
}
Event: 3.949 GC heap after
{Heap after GC invocations=2 (full 0):
 garbage-first heap   total 129024K, used 15410K [0x0000000080000000, 0x0000000100000000)
  region size 1024K, 10 young (10240K), 10 survivors (10240K)
 Metaspace       used 18926K, capacity 19340K, committed 19456K, reserved 1067008K
  class space    used 2295K, capacity 2456K, committed 2560K, reserved 1048576K
}
Event: 4.155 GC heap before
{Heap before GC invocations=2 (full 0):
 garbage-first heap   total 129024K, used 27698K [0x0000000080000000, 0x0000000100000000)
  region size 1024K, 23 young (23552K), 10 survivors (10240K)
 Metaspace       used 20616K, capacity 21109K, committed 21248K, reserved 1067008K
  class space    used 2532K, capacity 2710K, committed 2816K, reserved 1048576K
}
Event: 4.166 GC heap after
{Heap after GC invocations=3 (full 0):
 garbage-first heap   total 129024K, used 16404K [0x0000000080000000, 0x0000000100000000)
  region size 1024K, 1 young (1024K), 1 survivors (1024K)
 Metaspace       used 20616K, capacity 21109K, committed 21248K, reserved 1067008K
  class space    used 2532K, capacity 2710K, committed 2816K, reserved 1048576K
}
Event: 5.142 GC heap before
{Heap before GC invocations=4 (full 0):
 garbage-first heap   total 129024K, used 66580K [0x0000000080000000, 0x0000000100000000)
  region size 1024K, 50 young (51200K), 1 survivors (1024K)
 Metaspace       used 26207K, capacity 26803K, committed 27008K, reserved 1073152K
  class space    used 3434K, capacity 3632K, committed 3712K, reserved 1048576K
}
Event: 5.148 GC heap after
{Heap after GC invocations=5 (full 0):
 garbage-first heap   total 129024K, used 18087K [0x0000000080000000, 0x0000000100000000)
  region size 1024K, 3 young (3072K), 3 survivors (3072K)
 Metaspace       used 26207K, capacity 26803K, committed 27008K, reserved 1073152K
  class space    used 3434K, capacity 3632K, committed 3712K, reserved 1048576K
}
Event: 6.400 GC heap before
{Heap before GC invocations=5 (full 0):
 garbage-first heap   total 129024K, used 65191K [0x0000000080000000, 0x0000000100000000)
  region size 1024K, 50 young (51200K), 3 survivors (3072K)
 Metaspace       used 35009K, capacity 35737K, committed 35840K, reserved 1081344K
  class space    used 4558K, capacity 4824K, committed 4864K, reserved 1048576K
}
Event: 6.415 GC heap after
{Heap after GC invocations=6 (full 0):
 garbage-first heap   total 129024K, used 21316K [0x0000000080000000, 0x0000000100000000)
  region size 1024K, 6 young (6144K), 6 survivors (6144K)
 Metaspace       used 35009K, capacity 35737K, committed 35840K, reserved 1081344K
  class space    used 4558K, capacity 4824K, committed 4864K, reserved 1048576K
}
Event: 7.738 GC heap before
{Heap before GC invocations=7 (full 0):
 garbage-first heap   total 129024K, used 82756K [0x0000000080000000, 0x0000000100000000)
  region size 1024K, 63 young (64512K), 6 survivors (6144K)
 Metaspace       used 40800K, capacity 41734K, committed 41984K, reserved 1085440K
  class space    used 5216K, capacity 5536K, committed 5632K, reserved 1048576K
}
Event: 7.751 GC heap after
{Heap after GC invocations=8 (full 0):
 garbage-first heap   total 129024K, used 24400K [0x0000000080000000, 0x0000000100000000)
  region size 1024K, 7 young (7168K), 7 survivors (7168K)
 Metaspace       used 40800K, capacity 41734K, committed 41984K, reserved 1085440K
  class space    used 5216K, capacity 5536K, committed 5632K, reserved 1048576K
}
Event: 9.150 GC heap before
{Heap before GC invocations=8 (full 0):
 garbage-first heap   total 129024K, used 83792K [0x0000000080000000, 0x0000000100000000)
  region size 1024K, 65 young (66560K), 7 survivors (7168K)
 Metaspace       used 44202K, capacity 45234K, committed 45568K, reserved 1089536K
  class space    used 5672K, capacity 6023K, committed 6144K, reserved 1048576K
}
Event: 9.168 GC heap after
{Heap after GC invocations=9 (full 0):
 garbage-first heap   total 155648K, used 27312K [0x0000000080000000, 0x0000000100000000)
  region size 1024K, 6 young (6144K), 6 survivors (6144K)
 Metaspace       used 44202K, capacity 45234K, committed 45568K, reserved 1089536K
  class space    used 5672K, capacity 6023K, committed 6144K, reserved 1048576K
}
Event: 12.010 GC heap before
{Heap before GC invocations=9 (full 0):
 garbage-first heap   total 155648K, used 104112K [0x0000000080000000, 0x0000000100000000)
  region size 1024K, 79 young (80896K), 6 survivors (6144K)
 Metaspace       used 53181K, capacity 54423K, committed 54656K, reserved 1097728K
  class space    used 6766K, capacity 7191K, committed 7296K, reserved 1048576K
}
Event: 12.029 GC heap after
{Heap after GC invocations=10 (full 0):
 garbage-first heap   total 155648K, used 37956K [0x0000000080000000, 0x0000000100000000)
  region size 1024K, 10 young (10240K), 10 survivors (10240K)
 Metaspace       used 53181K, capacity 54423K, committed 54656K, reserved 1097728K
  class space    used 6766K, capacity 7191K, committed 7296K, reserved 1048576K
}

Deoptimization events (20 events):
Event: 13.605 Thread 0x000001705a441800 DEOPT PACKING pc=0x00000170428b4572 sp=0x0000004e10ef4660
Event: 13.605 Thread 0x000001705a441800 DEOPT UNPACKING pc=0x00000170419872ce sp=0x0000004e10ef3ad8 mode 0
Event: 13.605 Thread 0x000001705a441800 DEOPT PACKING pc=0x00000170428b4572 sp=0x0000004e10ef4660
Event: 13.605 Thread 0x000001705a441800 DEOPT UNPACKING pc=0x00000170419872ce sp=0x0000004e10ef3ad8 mode 0
Event: 13.606 Thread 0x000001705a441800 DEOPT PACKING pc=0x00000170428b4572 sp=0x0000004e10ef4660
Event: 13.606 Thread 0x000001705a441800 DEOPT UNPACKING pc=0x00000170419872ce sp=0x0000004e10ef3ad8 mode 0
Event: 13.606 Thread 0x000001705a441800 DEOPT PACKING pc=0x00000170428b4572 sp=0x0000004e10ef4660
Event: 13.606 Thread 0x000001705a441800 DEOPT UNPACKING pc=0x00000170419872ce sp=0x0000004e10ef3ad8 mode 0
Event: 13.607 Thread 0x000001705a441800 DEOPT PACKING pc=0x00000170428b4572 sp=0x0000004e10ef4660
Event: 13.607 Thread 0x000001705a441800 DEOPT UNPACKING pc=0x00000170419872ce sp=0x0000004e10ef3ad8 mode 0
Event: 13.607 Thread 0x000001705a441800 DEOPT PACKING pc=0x00000170428b4572 sp=0x0000004e10ef4660
Event: 13.607 Thread 0x000001705a441800 DEOPT UNPACKING pc=0x00000170419872ce sp=0x0000004e10ef3ad8 mode 0
Event: 13.607 Thread 0x000001705a441800 DEOPT PACKING pc=0x00000170428b4572 sp=0x0000004e10ef4660
Event: 13.607 Thread 0x000001705a441800 DEOPT UNPACKING pc=0x00000170419872ce sp=0x0000004e10ef3ad8 mode 0
Event: 13.608 Thread 0x000001705a441800 DEOPT PACKING pc=0x00000170428b4572 sp=0x0000004e10ef4660
Event: 13.608 Thread 0x000001705a441800 DEOPT UNPACKING pc=0x00000170419872ce sp=0x0000004e10ef3ad8 mode 0
Event: 13.608 Thread 0x000001705a441800 Uncommon trap: trap_request=0xffffff4d fr.pc=0x00000170496401ac relative=0x000000000000026c
Event: 13.608 Thread 0x000001705a441800 Uncommon trap: reason=unstable_if action=reinterpret pc=0x00000170496401ac method=java.util.LinkedHashMap.get(Ljava/lang/Object;)Ljava/lang/Object; @ 20 c2
Event: 13.608 Thread 0x000001705a441800 DEOPT PACKING pc=0x00000170496401ac sp=0x0000004e10ef4240
Event: 13.608 Thread 0x000001705a441800 DEOPT UNPACKING pc=0x00000170419874af sp=0x0000004e10ef41f8 mode 2

Classes redefined (0 events):
No events

Internal exceptions (20 events):
Event: 9.685 Thread 0x000001705b777800 Exception <a 'java/lang/NoSuchMethodError'{0x00000000887b4368}: <clinit>> (0x00000000887b4368) thrown at [./src/hotspot/share/prims/jni.cpp, line 1362]
Event: 9.692 Thread 0x000001705b777800 Exception <a 'java/lang/NoSuchMethodError'{0x00000000887c7ea0}: <clinit>> (0x00000000887c7ea0) thrown at [./src/hotspot/share/prims/jni.cpp, line 1362]
Event: 9.718 Thread 0x000001705a441800 Exception <a 'java/lang/ClassNotFoundException'{0x00000000887e7390}: build_g13w60kcvvxs6uj6o7joax66BeanInfo> (0x00000000887e7390) thrown at [./src/hotspot/share/classfile/systemDictionary.cpp, line 231]
Event: 9.719 Thread 0x000001705a441800 Exception <a 'java/lang/ClassNotFoundException'{0x00000000887f0178}: build_g13w60kcvvxs6uj6o7joax66Customizer> (0x00000000887f0178) thrown at [./src/hotspot/share/classfile/systemDictionary.cpp, line 231]
Event: 9.738 Thread 0x000001705a441800 Exception <a 'java/lang/ClassNotFoundException'{0x000000008865f498}: org/gradle/plugin/use/internal/PluginRequestCollector$PluginDependenciesSpecImplBeanInfo> (0x000000008865f498) thrown at [./src/hotspot/share/classfile/systemDictionary.cpp, line 231]
Event: 9.740 Thread 0x000001705a441800 Exception <a 'java/lang/ClassNotFoundException'{0x0000000088685490}: org/gradle/plugin/use/internal/PluginRequestCollector$PluginDependenciesSpecImplCustomizer> (0x0000000088685490) thrown at [./src/hotspot/share/classfile/systemDictionary.cpp, line 231]
Event: 9.755 Thread 0x000001705a441800 Exception <a 'java/lang/NoSuchMethodError'{0x00000000886f6de8}: 'void java.lang.invoke.DirectMethodHandle$Holder.invokeInterface(java.lang.Object, java.lang.Object)'> (0x00000000886f6de8) thrown at [./src/hotspot/share/interpreter/linkResolver.cpp, line 773]
Event: 9.802 Thread 0x000001705a441800 Exception <a 'java/lang/ClassNotFoundException'{0x00000000884b4c30}: org/gradle/api/internal/plugins/DefaultObjectConfigurationActionBeanInfo> (0x00000000884b4c30) thrown at [./src/hotspot/share/classfile/systemDictionary.cpp, line 231]
Event: 9.804 Thread 0x000001705a441800 Exception <a 'java/lang/ClassNotFoundException'{0x00000000884e0a50}: org/gradle/api/internal/plugins/DefaultObjectConfigurationActionCustomizer> (0x00000000884e0a50) thrown at [./src/hotspot/share/classfile/systemDictionary.cpp, line 231]
Event: 10.248 Thread 0x000001705a441800 Exception <a 'java/lang/NoSuchMethodError'{0x0000000087ba5fe0}: 'java.lang.Object java.lang.invoke.DirectMethodHandle$Holder.invokeStatic(java.lang.Object, java.lang.Object, java.lang.Object, java.lang.Object, int)'> (0x0000000087ba5fe0) thrown at [./src/hotspot/share/interpreter/linkResolver.cpp, line 773]
Event: 10.248 Thread 0x000001705a441800 Exception <a 'java/lang/NoSuchMethodError'{0x0000000087baa9d8}: 'java.lang.Object java.lang.invoke.DirectMethodHandle$Holder.invokeSpecial(java.lang.Object, java.lang.Object, java.lang.Object, java.lang.Object, java.lang.Object, int)'> (0x0000000087baa9d8) thrown at [./src/hotspot/share/interpreter/linkResolver.cpp, line 773]
Event: 10.249 Thread 0x000001705a441800 Exception <a 'java/lang/NoSuchMethodError'{0x0000000087baf018}: 'java.lang.Object java.lang.invoke.Invokers$Holder.linkToTargetMethod(java.lang.Object, java.lang.Object, java.lang.Object, int, java.lang.Object)'> (0x0000000087baf018) thrown at [./src/hotspot/share/interpreter/linkResolver.cpp, line 773]
Event: 10.826 Thread 0x000001705a441800 Exception <a 'java/lang/NoSuchMethodError'{0x00000000867387a8}: 'java.lang.Object java.lang.invoke.DirectMethodHandle$Holder.invokeSpecial(java.lang.Object, java.lang.Object, int, int, java.lang.Object, java.lang.Object, java.lang.Object)'> (0x00000000867387a8) thrown at [./src/hotspot/share/interpreter/linkResolver.cpp, line 773]
Event: 10.826 Thread 0x000001705a441800 Exception <a 'java/lang/NoSuchMethodError'{0x000000008673cd28}: 'java.lang.Object java.lang.invoke.DelegatingMethodHandle$Holder.reinvoke_L(java.lang.Object, int, int, java.lang.Object, java.lang.Object, java.lang.Object)'> (0x000000008673cd28) thrown at [./src/hotspot/share/interpreter/linkResolver.cpp, line 773]
Event: 11.301 Thread 0x000001705a441800 Exception <a 'java/lang/NoSuchMethodError'{0x0000000085ba2af0}: 'int java.lang.invoke.DirectMethodHandle$Holder.invokeInterface(java.lang.Object, java.lang.Object, java.lang.Object, java.lang.Object)'> (0x0000000085ba2af0) thrown at [./src/hotspot/share/interpreter/linkResolver.cpp, line 773]
Event: 11.857 Thread 0x000001705a441800 Exception <a 'java/lang/NoSuchMethodError'{0x000000008518ef20}: 'void java.lang.invoke.DirectMethodHandle$Holder.invokeInterface(java.lang.Object, java.lang.Object, java.lang.Object, java.lang.Object)'> (0x000000008518ef20) thrown at [./src/hotspot/share/interpreter/linkResolver.cpp, line 773]
Event: 12.460 Thread 0x000001705a441800 Exception <a 'java/lang/IncompatibleClassChangeError'{0x0000000089235dc0}: Found class java.lang.Object, but interface was expected> (0x0000000089235dc0) thrown at [./src/hotspot/share/interpreter/linkResolver.cpp, line 839]
Event: 12.676 Thread 0x000001705a441800 Exception <a 'java/lang/NoSuchMethodError'{0x00000000892d1a48}: 'void java.lang.invoke.DirectMethodHandle$Holder.invokeStatic(java.lang.Object, java.lang.Object, java.lang.Object, java.lang.Object, java.lang.Object)'> (0x00000000892d1a48) thrown at [./src/hotspot/share/interpreter/linkResolver.cpp, line 773]
Event: 12.829 Thread 0x000001705a441800 Implicit null exception at 0x00000170495ecd3b to 0x00000170495ee7fc
Event: 13.240 Thread 0x000001705a441800 Implicit null exception at 0x00000170495ce70b to 0x00000170495ce7e4

Events (20 events):
Event: 13.716 loading class com/android/build/api/dsl/Shaders
Event: 13.716 loading class com/android/build/api/dsl/Shaders done
Event: 13.716 loading class com/android/build/gradle/internal/dsl/CoreNdkOptions
Event: 13.716 loading class com/android/build/gradle/internal/dsl/CoreNdkOptions done
Event: 13.717 loading class com/android/build/gradle/internal/dsl/NdkOptions
Event: 13.717 loading class com/android/build/gradle/internal/dsl/NdkOptions done
Event: 13.733 loading class com/android/build/api/dsl/Ndk
Event: 13.733 loading class com/android/build/api/dsl/Ndk done
Event: 13.734 loading class com/android/build/gradle/internal/dsl/VectorDrawablesOptions
Event: 13.734 loading class com/android/build/gradle/internal/dsl/VectorDrawablesOptions done
Event: 13.735 loading class com/android/build/api/dsl/VectorDrawables
Event: 13.735 loading class com/android/build/api/dsl/VectorDrawables done
Event: 13.735 loading class com/android/builder/core/DefaultVectorDrawablesOptions
Event: 13.735 loading class com/android/builder/core/DefaultVectorDrawablesOptions done
Event: 13.765 loading class com/android/builder/model/VectorDrawablesOptions
Event: 13.765 loading class com/android/builder/model/VectorDrawablesOptions done
Event: 13.775 loading class com/android/builder/model/ApiVersion
Event: 13.775 loading class com/android/builder/model/ApiVersion done
Event: 13.776 loading class com/android/build/gradle/internal/dsl/AarMetadata
Event: 13.776 loading class com/android/build/gradle/internal/dsl/AarMetadata done


Dynamic libraries:
0x00007ff7d4d30000 - 0x00007ff7d4d3a000 	C:\Program Files\Android\Android Studio\jre\bin\java.exe
0x00007ffcd1ea0000 - 0x00007ffcd20a7000 	C:\WINDOWS\SYSTEM32\ntdll.dll
0x00007ffcd0010000 - 0x00007ffcd00cd000 	C:\WINDOWS\System32\KERNEL32.DLL
0x00007ffccf540000 - 0x00007ffccf8b2000 	C:\WINDOWS\System32\KERNELBASE.dll
0x00007ffcc88b0000 - 0x00007ffcc8942000 	C:\WINDOWS\SYSTEM32\apphelp.dll
0x00007ffccfa80000 - 0x00007ffccfb91000 	C:\WINDOWS\System32\ucrtbase.dll
0x00007ffcb6b50000 - 0x00007ffcb6b69000 	C:\Program Files\Android\Android Studio\jre\bin\jli.dll
0x00007ffcb35b0000 - 0x00007ffcb35c7000 	C:\Program Files\Android\Android Studio\jre\bin\VCRUNTIME140.dll
0x00007ffcd0990000 - 0x00007ffcd0b3c000 	C:\WINDOWS\System32\USER32.dll
0x00007ffcb2080000 - 0x00007ffcb2325000 	C:\WINDOWS\WinSxS\amd64_microsoft.windows.common-controls_6595b64144ccf1df_6.0.21390.1_none_71fe35e189dc7366\COMCTL32.dll
0x00007ffccf3d0000 - 0x00007ffccf3f6000 	C:\WINDOWS\System32\win32u.dll
0x00007ffcd13d0000 - 0x00007ffcd1473000 	C:\WINDOWS\System32\msvcrt.dll
0x00007ffcd0fb0000 - 0x00007ffcd0fd9000 	C:\WINDOWS\System32\GDI32.dll
0x00007ffccf960000 - 0x00007ffccfa72000 	C:\WINDOWS\System32\gdi32full.dll
0x00007ffccf8c0000 - 0x00007ffccf95d000 	C:\WINDOWS\System32\msvcp_win.dll
0x00007ffcd1e10000 - 0x00007ffcd1e41000 	C:\WINDOWS\System32\IMM32.DLL
0x00007ffca5980000 - 0x00007ffca5a1d000 	C:\Program Files\Android\Android Studio\jre\bin\msvcp140.dll
0x00007ffc8bf60000 - 0x00007ffc8ca1c000 	C:\Program Files\Android\Android Studio\jre\bin\server\jvm.dll
0x00007ffcd0fe0000 - 0x00007ffcd108c000 	C:\WINDOWS\System32\ADVAPI32.dll
0x00007ffcd12d0000 - 0x00007ffcd136d000 	C:\WINDOWS\System32\sechost.dll
0x00007ffcd1130000 - 0x00007ffcd1251000 	C:\WINDOWS\System32\RPCRT4.dll
0x00007ffccff50000 - 0x00007ffccff58000 	C:\WINDOWS\System32\PSAPI.DLL
0x00007ffcbbf60000 - 0x00007ffcbbf69000 	C:\WINDOWS\SYSTEM32\WSOCK32.dll
0x00007ffcc6720000 - 0x00007ffcc672a000 	C:\WINDOWS\SYSTEM32\VERSION.dll
0x00007ffcc6d40000 - 0x00007ffcc6d71000 	C:\WINDOWS\SYSTEM32\WINMM.dll
0x00007ffcd1260000 - 0x00007ffcd12cf000 	C:\WINDOWS\System32\WS2_32.dll
0x00007ffcce5f0000 - 0x00007ffcce607000 	C:\WINDOWS\SYSTEM32\kernel.appcore.dll
0x00007ffcbb4b0000 - 0x00007ffcbb4c1000 	C:\Program Files\Android\Android Studio\jre\bin\verify.dll
0x00007ffccce40000 - 0x00007ffccd061000 	C:\WINDOWS\SYSTEM32\DBGHELP.DLL
0x00007ffcb4980000 - 0x00007ffcb49b1000 	C:\WINDOWS\SYSTEM32\dbgcore.DLL
0x00007ffccf400000 - 0x00007ffccf480000 	C:\WINDOWS\System32\bcryptPrimitives.dll
0x00007ffcba600000 - 0x00007ffcba629000 	C:\Program Files\Android\Android Studio\jre\bin\java.dll
0x00007ffcbbf50000 - 0x00007ffcbbf5b000 	C:\Program Files\Android\Android Studio\jre\bin\jimage.dll
0x00007ffcbb490000 - 0x00007ffcbb4a8000 	C:\Program Files\Android\Android Studio\jre\bin\zip.dll
0x00007ffcd1640000 - 0x00007ffcd1d92000 	C:\WINDOWS\System32\SHELL32.dll
0x00007ffccd510000 - 0x00007ffccdd68000 	C:\WINDOWS\SYSTEM32\windows.storage.dll
0x00007ffcd0520000 - 0x00007ffcd0895000 	C:\WINDOWS\System32\combase.dll
0x00007ffccd3a0000 - 0x00007ffccd506000 	C:\WINDOWS\SYSTEM32\wintypes.dll
0x00007ffcd08a0000 - 0x00007ffcd098a000 	C:\WINDOWS\System32\SHCORE.dll
0x00007ffcd04c0000 - 0x00007ffcd051d000 	C:\WINDOWS\System32\shlwapi.dll
0x00007ffccf300000 - 0x00007ffccf321000 	C:\WINDOWS\SYSTEM32\profapi.dll
0x00007ffcbaed0000 - 0x00007ffcbaeea000 	C:\Program Files\Android\Android Studio\jre\bin\net.dll
0x00007ffcc6290000 - 0x00007ffcc639c000 	C:\WINDOWS\SYSTEM32\WINHTTP.dll
0x00007ffccea00000 - 0x00007ffccea67000 	C:\WINDOWS\system32\mswsock.dll
0x00007ffcba6c0000 - 0x00007ffcba6d4000 	C:\Program Files\Android\Android Studio\jre\bin\nio.dll
0x00007ffcbb280000 - 0x00007ffcbb2a6000 	C:\Users\ddroy\.gradle\native\fdc75f09e3144964f2cf3f50f0aa648679c211496f362492102eb8c894070792\windows-amd64\native-platform.dll
0x00007ffc8d8d0000 - 0x00007ffc8da61000 	C:\Users\ddroy\.gradle\native\12488b8bf47d2d4c9fbf2f6322a914ad602e24e48041cd04a747c6da556b65c4\windows-amd64\native-platform-file-events.dll
0x00007ffcbb460000 - 0x00007ffcbb46a000 	C:\Program Files\Android\Android Studio\jre\bin\management.dll
0x00007ffcbb2b0000 - 0x00007ffcbb2bc000 	C:\Program Files\Android\Android Studio\jre\bin\management_ext.dll
0x00007ffccec40000 - 0x00007ffccec58000 	C:\WINDOWS\SYSTEM32\CRYPTSP.dll
0x00007ffcce550000 - 0x00007ffcce585000 	C:\WINDOWS\system32\rsaenh.dll
0x00007ffcceaf0000 - 0x00007ffcceb19000 	C:\WINDOWS\SYSTEM32\USERENV.dll
0x00007ffccedc0000 - 0x00007ffccede7000 	C:\WINDOWS\SYSTEM32\bcrypt.dll
0x00007ffccec60000 - 0x00007ffccec6c000 	C:\WINDOWS\SYSTEM32\CRYPTBASE.dll
0x00007ffcce130000 - 0x00007ffcce15d000 	C:\WINDOWS\SYSTEM32\IPHLPAPI.DLL
0x00007ffcd1090000 - 0x00007ffcd1099000 	C:\WINDOWS\System32\NSI.dll
0x00007ffcc6540000 - 0x00007ffcc6559000 	C:\WINDOWS\SYSTEM32\dhcpcsvc6.DLL
0x00007ffcc6960000 - 0x00007ffcc697e000 	C:\WINDOWS\SYSTEM32\dhcpcsvc.DLL
0x00007ffcce160000 - 0x00007ffcce245000 	C:\WINDOWS\SYSTEM32\DNSAPI.dll
0x00007ffcc6530000 - 0x00007ffcc653c000 	C:\WINDOWS\SYSTEM32\WINNSI.DLL

dbghelp: loaded successfully - version: 4.0.5 - missing functions: none
symbol engine: initialized successfully - sym options: 0x614 - pdb path: .;C:\Program Files\Android\Android Studio\jre\bin;C:\WINDOWS\SYSTEM32;C:\WINDOWS\WinSxS\amd64_microsoft.windows.common-controls_6595b64144ccf1df_6.0.21390.1_none_71fe35e189dc7366;C:\Program Files\Android\Android Studio\jre\bin\server;C:\Users\ddroy\.gradle\native\fdc75f09e3144964f2cf3f50f0aa648679c211496f362492102eb8c894070792\windows-amd64;C:\Users\ddroy\.gradle\native\12488b8bf47d2d4c9fbf2f6322a914ad602e24e48041cd04a747c6da556b65c4\windows-amd64

VM Arguments:
jvm_args: --add-opens=java.base/java.util=ALL-UNNAMED --add-opens=java.base/java.lang=ALL-UNNAMED --add-opens=java.base/java.lang.invoke=ALL-UNNAMED --add-opens=java.prefs/java.util.prefs=ALL-UNNAMED -Xmx2048m -Dfile.encoding=UTF-8 -Duser.country=US -Duser.language=en -Duser.variant 
java_command: org.gradle.launcher.daemon.bootstrap.GradleDaemon 6.7.1
java_class_path (initial): C:\Users\ddroy\.gradle\wrapper\dists\gradle-6.7.1-bin\bwlcbys1h7rz3272sye1xwiv6\gradle-6.7.1\lib\gradle-launcher-6.7.1.jar
Launcher Type: SUN_STANDARD

[Global flags]
     intx CICompilerCount                          = 4                                         {product} {ergonomic}
     uint ConcGCThreads                            = 2                                         {product} {ergonomic}
     uint G1ConcRefinementThreads                  = 8                                         {product} {ergonomic}
   size_t G1HeapRegionSize                         = 1048576                                   {product} {ergonomic}
    uintx GCDrainStackTargetSize                   = 64                                        {product} {ergonomic}
   size_t InitialHeapSize                          = 132120576                                 {product} {ergonomic}
   size_t MarkStackSize                            = 4194304                                   {product} {ergonomic}
   size_t MaxHeapSize                              = 2147483648                                {product} {command line}
   size_t MaxNewSize                               = 1287651328                                {product} {ergonomic}
   size_t MinHeapDeltaBytes                        = 1048576                                   {product} {ergonomic}
    uintx NonNMethodCodeHeapSize                   = 5836300                                {pd product} {ergonomic}
    uintx NonProfiledCodeHeapSize                  = 122910970                              {pd product} {ergonomic}
    uintx ProfiledCodeHeapSize                     = 122910970                              {pd product} {ergonomic}
    uintx ReservedCodeCacheSize                    = 251658240                              {pd product} {ergonomic}
     bool SegmentedCodeCache                       = true                                      {product} {ergonomic}
     bool UseCompressedClassPointers               = true                                 {lp64_product} {ergonomic}
     bool UseCompressedOops                        = true                                 {lp64_product} {ergonomic}
     bool UseG1GC                                  = true                                      {product} {ergonomic}
     bool UseLargePagesIndividualAllocation        = false                                  {pd product} {ergonomic}

Logging:
Log output configuration:
 #0: stdout all=warning uptime,level,tags
 #1: stderr all=off uptime,level,tags

Environment Variables:
PATH=C:\Program Files (x86)\Common Files\Oracle\Java\javapath;C:\Program Files\Common Files\Oracle\Java\javapath;C:\Windows\system32;C:\Windows;C:\Windows\System32\Wbem;C:\Windows\System32\WindowsPowerShell\v1.0\;C:\Windows\System32\OpenSSH\;C:\Program Files (x86)\NVIDIA Corporation\PhysX\Common;C:\Program Files\Intel\WiFi\bin\;C:\Program Files\Common Files\Intel\WirelessCommon\;C:\WINDOWS\system32;C:\WINDOWS;C:\WINDOWS\System32\Wbem;C:\WINDOWS\System32\WindowsPowerShell\v1.0\;C:\Program Files\Microsoft VS Code\bin;C:\MinGW\bin;C:\Program Files\Git\cmd;C:\Program Files (x86)\Microsoft SQL Server\100\Tools\Binn\;C:\Program Files\Microsoft SQL Server\100\Tools\Binn\;C:\Program Files\Microsoft SQL Server\100\DTS\Binn\;C:\Program Files\dotnet\;C:\WINDOWS\System32\OpenSSH\;C:\Users\ddroy\AppData\Local\Programs\Python\Python37-32\Scripts\;C:\Users\ddroy\AppData\Local\Programs\Python\Python37-32\;C:\Users\ddroy\AppData\Local\Microsoft\WindowsApps;;C:\Program Files\JetBrains\IntelliJ IDEA 2020.3.1\bin;
USERNAME=ddroy
OS=Windows_NT
PROCESSOR_IDENTIFIER=Intel64 Family 6 Model 142 Stepping 11, GenuineIntel



---------------  S Y S T E M  ---------------

OS: Windows 10 , 64 bit Build 21390 (10.0.21390.1)
OS uptime: 6 days 3:50 hours

CPU:total 8 (initial active 8) (4 cores per cpu, 2 threads per core) family 6 model 142 stepping 11, cmov, cx8, fxsr, mmx, sse, sse2, sse3, ssse3, sse4.1, sse4.2, popcnt, avx, avx2, aes, clmul, erms, 3dnowpref, lzcnt, ht, tsc, tscinvbit, bmi1, bmi2, adx, fma

Memory: 4k page, system-wide physical 8043M (266M free)
TotalPageFile size 24129M (AvailPageFile size 2M)
current process WorkingSet (physical memory assigned to process): 326M, peak: 328M
current process commit charge ("private bytes"): 376M, peak: 380M

vm_info: OpenJDK 64-Bit Server VM (11.0.8+10-b944.6842174) for windows-amd64 JRE (11.0.8+10-b944.6842174), built on Sep 19 2020 01:11:42 by "builder" with MS VC++ 14.0 (VS2015)

END.
