#
# There is insufficient memory for the Java Runtime Environment to continue.
# Native memory allocation (malloc) failed to allocate 341296 bytes for Chunk::new
# Possible reasons:
#   The system is out of physical RAM or swap space
#   The process is running with CompressedOops enabled, and the Java Heap may be blocking the growth of the native heap
# Possible solutions:
#   Reduce memory load on the system
#   Increase physical memory or swap space
#   Check if swap backing store is full
#   Decrease Java heap size (-Xmx/-Xms)
#   Decrease number of Java threads
#   Decrease Java thread stack sizes (-Xss)
#   Set larger code cache with -XX:ReservedCodeCacheSize=
#   JVM is running with Unscaled Compressed Oops mode in which the Java heap is
#     placed in the first 4GB address space. The Java Heap base address is the
#     maximum limit for the native heap growth. Please use -XX:HeapBaseMinAddress
#     to set the Java Heap base and to place the Java Heap above 4GB virtual address.
# This output file may be truncated or incomplete.
#
#  Out of Memory Error (./src/hotspot/share/memory/arena.cpp:197), pid=9168, tid=2396
#
# JRE version: OpenJDK Runtime Environment (11.0.8+10) (build 11.0.8+10-b944.6842174)
# Java VM: OpenJDK 64-Bit Server VM (11.0.8+10-b944.6842174, mixed mode, tiered, compressed oops, g1 gc, windows-amd64)
# No core dump will be written. Minidumps are not enabled by default on client versions of Windows
#

---------------  S U M M A R Y ------------

Command Line: --add-opens=java.base/java.util=ALL-UNNAMED --add-opens=java.base/java.lang=ALL-UNNAMED --add-opens=java.base/java.lang.invoke=ALL-UNNAMED --add-opens=java.prefs/java.util.prefs=ALL-UNNAMED -Xmx2048m -Dfile.encoding=UTF-8 -Duser.country=US -Duser.language=en -Duser.variant org.gradle.launcher.daemon.bootstrap.GradleDaemon 6.7.1

Host: Intel(R) Core(TM) i7-8565U CPU @ 1.80GHz, 8 cores, 7G,  Windows 10 , 64 bit Build 21390 (10.0.21390.1)
Time: Fri Jun 25 01:14:42 2021 Bangladesh Standard Time elapsed time: 2071 seconds (0d 0h 34m 31s)

---------------  T H R E A D  ---------------

Current thread (0x00000234db6cf800):  JavaThread "C2 CompilerThread0" daemon [_thread_in_native, id=2396, stack(0x000000a995200000,0x000000a995300000)]


Current CompileTask:
C2:2071981 14089       4       org.gradle.api.internal.artifacts.transform.ConsumerProvidedVariantFinder::matchAttributes (68 bytes)

Stack: [0x000000a995200000,0x000000a995300000]
Native frames: (J=compiled Java code, j=interpreted, Vv=VM code, C=native code)
V  [jvm.dll+0x5de50a]
V  [jvm.dll+0x7122f5]
V  [jvm.dll+0x71384d]
V  [jvm.dll+0x713f03]
V  [jvm.dll+0x23e728]
V  [jvm.dll+0xb899c]
V  [jvm.dll+0xb8e9c]
V  [jvm.dll+0x35024d]
V  [jvm.dll+0x193920]
V  [jvm.dll+0x1f780e]
V  [jvm.dll+0x1f68d4]
V  [jvm.dll+0x17f32c]
V  [jvm.dll+0x205047]
V  [jvm.dll+0x203891]
V  [jvm.dll+0x6dad3f]
V  [jvm.dll+0x6d3895]
V  [jvm.dll+0x5dd4a6]
C  [ucrtbase.dll+0x26c0c]
C  [KERNEL32.DLL+0x154e0]
C  [ntdll.dll+0x485b]


---------------  P R O C E S S  ---------------

Threads class SMR info:
_java_thread_list=0x00000234e15ee990, length=146, elements={
0x00000234c0a5e000, 0x00000234dad55000, 0x00000234dad5e800, 0x00000234db6c5800,
0x00000234db6c6800, 0x00000234db6cf800, 0x00000234dad6c000, 0x00000234dad6e800,
0x00000234db81a800, 0x00000234db827000, 0x00000234dcb09000, 0x00000234dc170000,
0x00000234dcb53800, 0x00000234dd6ed000, 0x00000234dd6ee000, 0x00000234dd6ea000,
0x00000234dd6e9000, 0x00000234dfda2800, 0x00000234dd82a800, 0x00000234dd82d800,
0x00000234dd82e800, 0x00000234dfd9e800, 0x00000234dfda3000, 0x00000234dfd9d800,
0x00000234dfda4000, 0x00000234dfda5000, 0x00000234dfda5800, 0x00000234dfda0000,
0x00000234dfdaa000, 0x00000234dfda8000, 0x00000234dfda9000, 0x00000234dfdab800,
0x00000234dfdac000, 0x00000234dfda6800, 0x00000234dfda7800, 0x00000234dfdaa800,
0x00000234dd6ef000, 0x00000234dd6ea800, 0x00000234dd6eb800, 0x00000234dd6ef800,
0x00000234dd6ec800, 0x00000234e240a000, 0x00000234e2404000, 0x00000234e2406800,
0x00000234e240a800, 0x00000234e2406000, 0x00000234e2409000, 0x00000234e2407800,
0x00000234e2408800, 0x00000234e2405000, 0x00000234e240f800, 0x00000234e2410800,
0x00000234e2411800, 0x00000234e240e000, 0x00000234e240b800, 0x00000234e240d000,
0x00000234e240f000, 0x00000234e2412000, 0x00000234e240c800, 0x00000234e2413000,
0x00000234db9bd800, 0x00000234db9c0800, 0x00000234db9be000, 0x00000234db9bf800,
0x00000234db9c1800, 0x00000234db9bb800, 0x00000234db9c2000, 0x00000234db9bc800,
0x00000234db9c3000, 0x00000234db9c4000, 0x00000234db9c4800, 0x00000234db9bf000,
0x00000234db9c5800, 0x00000234db9c7000, 0x00000234db9ca800, 0x00000234db9c6000,
0x00000234db9c8800, 0x00000234db9c8000, 0x00000234db9c9800, 0x00000234dfa69800,
0x00000234dfa6d000, 0x00000234dfa6b800, 0x00000234dfa6c000, 0x00000234dfa6d800,
0x00000234dfa6e800, 0x00000234dfa6f800, 0x00000234dfa70000, 0x00000234dfa6a800,
0x00000234dfa73800, 0x00000234dfa74800, 0x00000234dfa75000, 0x00000234dfa76000,
0x00000234dfa76800, 0x00000234dfa71000, 0x00000234dfa77800, 0x00000234dfa72000,
0x00000234dfa78800, 0x00000234dfa72800, 0x00000234e50f5800, 0x00000234e50f7000,
0x00000234e50f6800, 0x00000234e50f8000, 0x00000234e50f9000, 0x00000234e50f3000,
0x00000234e50f9800, 0x00000234e50f4000, 0x00000234e50fa800, 0x00000234e50f4800,
0x00000234e5100000, 0x00000234e50fd000, 0x00000234e50fc000, 0x00000234e5101000,
0x00000234e50fe800, 0x00000234e50fb000, 0x00000234e50ff800, 0x00000234e5101800,
0x00000234e50fd800, 0x00000234e50e3000, 0x00000234e50e7000, 0x00000234e50e4800,
0x00000234e50e8000, 0x00000234e50e8800, 0x00000234e50e6800, 0x00000234e50e9800,
0x00000234e50e5800, 0x00000234e50e4000, 0x00000234e50ee800, 0x00000234e50ed800,
0x00000234e50ea800, 0x00000234e50ec000, 0x00000234e50ed000, 0x00000234e50f1000,
0x00000234e50ef800, 0x00000234e50f0000, 0x00000234e50eb000, 0x00000234e50f1800,
0x00000234dd828000, 0x00000234dd829800, 0x00000234dd82b000, 0x00000234dd828800,
0x00000234dd82c800, 0x00000234dd82f000, 0x00000234dd831800, 0x00000234dd82c000,
0x00000234dd835800, 0x00000234dd831000
}

Java Threads: ( => current thread )
  0x00000234c0a5e000 JavaThread "main" [_thread_blocked, id=5264, stack(0x000000a994700000,0x000000a994800000)]
  0x00000234dad55000 JavaThread "Reference Handler" daemon [_thread_blocked, id=10152, stack(0x000000a994e00000,0x000000a994f00000)]
  0x00000234dad5e800 JavaThread "Finalizer" daemon [_thread_blocked, id=12624, stack(0x000000a994f00000,0x000000a995000000)]
  0x00000234db6c5800 JavaThread "Signal Dispatcher" daemon [_thread_blocked, id=10732, stack(0x000000a995000000,0x000000a995100000)]
  0x00000234db6c6800 JavaThread "Attach Listener" daemon [_thread_blocked, id=6932, stack(0x000000a995100000,0x000000a995200000)]
=>0x00000234db6cf800 JavaThread "C2 CompilerThread0" daemon [_thread_in_native, id=2396, stack(0x000000a995200000,0x000000a995300000)]
  0x00000234dad6c000 JavaThread "C1 CompilerThread0" daemon [_thread_blocked, id=8904, stack(0x000000a995300000,0x000000a995400000)]
  0x00000234dad6e800 JavaThread "Sweeper thread" daemon [_thread_blocked, id=10176, stack(0x000000a995400000,0x000000a995500000)]
  0x00000234db81a800 JavaThread "Common-Cleaner" daemon [_thread_blocked, id=9604, stack(0x000000a995500000,0x000000a995600000)]
  0x00000234db827000 JavaThread "Service Thread" daemon [_thread_blocked, id=7612, stack(0x000000a995600000,0x000000a995700000)]
  0x00000234dcb09000 JavaThread "Daemon health stats" [_thread_blocked, id=18628, stack(0x000000a995c00000,0x000000a995d00000)]
  0x00000234dc170000 JavaThread "Incoming local TCP Connector on port 12878" [_thread_in_native, id=11904, stack(0x000000a995d00000,0x000000a995e00000)]
  0x00000234dcb53800 JavaThread "Daemon periodic checks" [_thread_blocked, id=14296, stack(0x000000a995e00000,0x000000a995f00000)]
  0x00000234dd6ed000 JavaThread "Cache worker for file hash cache (C:\Users\ddroy\.gradle\caches\6.7.1\fileHashes)" [_thread_blocked, id=14600, stack(0x000000a996b00000,0x000000a996c00000)]
  0x00000234dd6ee000 JavaThread "File lock request listener" [_thread_in_native, id=16368, stack(0x000000a996c00000,0x000000a996d00000)]
  0x00000234dd6ea000 JavaThread "Cache worker for journal cache (C:\Users\ddroy\.gradle\caches\journal-1)" [_thread_blocked, id=16488, stack(0x000000a996e00000,0x000000a996f00000)]
  0x00000234dd6e9000 JavaThread "Cache worker for execution history cache (C:\Users\ddroy\.gradle\caches\6.7.1\executionHistory)" [_thread_blocked, id=12092, stack(0x000000a997500000,0x000000a997600000)]
  0x00000234dfda2800 JavaThread "Cache worker for file content cache (C:\Users\ddroy\.gradle\caches\6.7.1\fileContent)" [_thread_blocked, id=5064, stack(0x000000a997600000,0x000000a997700000)]
  0x00000234dd82a800 JavaThread "Memory manager" [_thread_blocked, id=19020, stack(0x000000a99e100000,0x000000a99e200000)]
  0x00000234dd82d800 JavaThread "Daemon Thread 2" [_thread_blocked, id=12600, stack(0x000000a994600000,0x000000a994700000)]
  0x00000234dd82e800 JavaThread "Daemon worker Thread 2" [_thread_blocked, id=12404, stack(0x000000a995f00000,0x000000a996000000)]
  0x00000234dfd9e800 JavaThread "jar transforms Thread 98" [_thread_blocked, id=18376, stack(0x000000a997c00000,0x000000a997d00000)]
  0x00000234dfda3000 JavaThread "jar transforms Thread 99" [_thread_blocked, id=14652, stack(0x000000a997d00000,0x000000a997e00000)]
  0x00000234dfd9d800 JavaThread "jar transforms Thread 100" [_thread_blocked, id=3664, stack(0x000000a997e00000,0x000000a997f00000)]
  0x00000234dfda4000 JavaThread "jar transforms Thread 101" [_thread_blocked, id=13584, stack(0x000000a997f00000,0x000000a998000000)]
  0x00000234dfda5000 JavaThread "jar transforms Thread 102" [_thread_blocked, id=1064, stack(0x000000a998000000,0x000000a998100000)]
  0x00000234dfda5800 JavaThread "jar transforms Thread 103" [_thread_blocked, id=7440, stack(0x000000a998100000,0x000000a998200000)]
  0x00000234dfda0000 JavaThread "jar transforms Thread 104" [_thread_blocked, id=13200, stack(0x000000a998200000,0x000000a998300000)]
  0x00000234dfdaa000 JavaThread "jar transforms Thread 105" [_thread_blocked, id=4036, stack(0x000000a998300000,0x000000a998400000)]
  0x00000234dfda8000 JavaThread "jar transforms Thread 106" [_thread_blocked, id=13456, stack(0x000000a998400000,0x000000a998500000)]
  0x00000234dfda9000 JavaThread "jar transforms Thread 107" [_thread_blocked, id=15496, stack(0x000000a998500000,0x000000a998600000)]
  0x00000234dfdab800 JavaThread "jar transforms Thread 108" [_thread_blocked, id=10056, stack(0x000000a998600000,0x000000a998700000)]
  0x00000234dfdac000 JavaThread "jar transforms Thread 109" [_thread_blocked, id=14252, stack(0x000000a998700000,0x000000a998800000)]
  0x00000234dfda6800 JavaThread "jar transforms Thread 110" [_thread_blocked, id=7788, stack(0x000000a998800000,0x000000a998900000)]
  0x00000234dfda7800 JavaThread "jar transforms Thread 111" [_thread_blocked, id=10184, stack(0x000000a998900000,0x000000a998a00000)]
  0x00000234dfdaa800 JavaThread "jar transforms Thread 112" [_thread_blocked, id=4956, stack(0x000000a998a00000,0x000000a998b00000)]
  0x00000234dd6ef000 JavaThread "jar transforms Thread 113" [_thread_blocked, id=6836, stack(0x000000a998b00000,0x000000a998c00000)]
  0x00000234dd6ea800 JavaThread "jar transforms Thread 114" [_thread_blocked, id=17140, stack(0x000000a998c00000,0x000000a998d00000)]
  0x00000234dd6eb800 JavaThread "jar transforms Thread 115" [_thread_blocked, id=11408, stack(0x000000a998d00000,0x000000a998e00000)]
  0x00000234dd6ef800 JavaThread "jar transforms Thread 116" [_thread_blocked, id=7092, stack(0x000000a998e00000,0x000000a998f00000)]
  0x00000234dd6ec800 JavaThread "jar transforms Thread 117" [_thread_blocked, id=12516, stack(0x000000a998f00000,0x000000a999000000)]
  0x00000234e240a000 JavaThread "jar transforms Thread 118" [_thread_blocked, id=16152, stack(0x000000a999000000,0x000000a999100000)]
  0x00000234e2404000 JavaThread "jar transforms Thread 119" [_thread_blocked, id=9528, stack(0x000000a999100000,0x000000a999200000)]
  0x00000234e2406800 JavaThread "jar transforms Thread 120" [_thread_blocked, id=9024, stack(0x000000a999200000,0x000000a999300000)]
  0x00000234e240a800 JavaThread "jar transforms Thread 121" [_thread_blocked, id=5972, stack(0x000000a999300000,0x000000a999400000)]
  0x00000234e2406000 JavaThread "jar transforms Thread 122" [_thread_blocked, id=6764, stack(0x000000a999400000,0x000000a999500000)]
  0x00000234e2409000 JavaThread "jar transforms Thread 123" [_thread_blocked, id=11272, stack(0x000000a999500000,0x000000a999600000)]
  0x00000234e2407800 JavaThread "jar transforms Thread 124" [_thread_blocked, id=16940, stack(0x000000a999600000,0x000000a999700000)]
  0x00000234e2408800 JavaThread "jar transforms Thread 125" [_thread_blocked, id=12872, stack(0x000000a999700000,0x000000a999800000)]
  0x00000234e2405000 JavaThread "jar transforms Thread 126" [_thread_blocked, id=18692, stack(0x000000a999800000,0x000000a999900000)]
  0x00000234e240f800 JavaThread "jar transforms Thread 127" [_thread_blocked, id=6716, stack(0x000000a999900000,0x000000a999a00000)]
  0x00000234e2410800 JavaThread "jar transforms Thread 128" [_thread_blocked, id=12580, stack(0x000000a999a00000,0x000000a999b00000)]
  0x00000234e2411800 JavaThread "jar transforms Thread 129" [_thread_blocked, id=15868, stack(0x000000a999b00000,0x000000a999c00000)]
  0x00000234e240e000 JavaThread "jar transforms Thread 130" [_thread_blocked, id=8356, stack(0x000000a999c00000,0x000000a999d00000)]
  0x00000234e240b800 JavaThread "jar transforms Thread 131" [_thread_blocked, id=18616, stack(0x000000a999d00000,0x000000a999e00000)]
  0x00000234e240d000 JavaThread "jar transforms Thread 132" [_thread_blocked, id=18812, stack(0x000000a999e00000,0x000000a999f00000)]
  0x00000234e240f000 JavaThread "jar transforms Thread 133" [_thread_blocked, id=3460, stack(0x000000a999f00000,0x000000a99a000000)]
  0x00000234e2412000 JavaThread "jar transforms Thread 134" [_thread_blocked, id=18352, stack(0x000000a99a000000,0x000000a99a100000)]
  0x00000234e240c800 JavaThread "jar transforms Thread 135" [_thread_blocked, id=7956, stack(0x000000a99a100000,0x000000a99a200000)]
  0x00000234e2413000 JavaThread "jar transforms Thread 136" [_thread_blocked, id=12532, stack(0x000000a99a200000,0x000000a99a300000)]
  0x00000234db9bd800 JavaThread "jar transforms Thread 137" [_thread_blocked, id=18872, stack(0x000000a99a300000,0x000000a99a400000)]
  0x00000234db9c0800 JavaThread "jar transforms Thread 138" [_thread_blocked, id=6788, stack(0x000000a99a400000,0x000000a99a500000)]
  0x00000234db9be000 JavaThread "jar transforms Thread 139" [_thread_blocked, id=10880, stack(0x000000a99a500000,0x000000a99a600000)]
  0x00000234db9bf800 JavaThread "jar transforms Thread 140" [_thread_blocked, id=18980, stack(0x000000a99a600000,0x000000a99a700000)]
  0x00000234db9c1800 JavaThread "jar transforms Thread 141" [_thread_blocked, id=12336, stack(0x000000a99a700000,0x000000a99a800000)]
  0x00000234db9bb800 JavaThread "jar transforms Thread 142" [_thread_blocked, id=12212, stack(0x000000a99a800000,0x000000a99a900000)]
  0x00000234db9c2000 JavaThread "jar transforms Thread 143" [_thread_blocked, id=19200, stack(0x000000a99a900000,0x000000a99aa00000)]
  0x00000234db9bc800 JavaThread "jar transforms Thread 144" [_thread_blocked, id=19328, stack(0x000000a99aa00000,0x000000a99ab00000)]
  0x00000234db9c3000 JavaThread "jar transforms Thread 145" [_thread_blocked, id=16392, stack(0x000000a99ab00000,0x000000a99ac00000)]
  0x00000234db9c4000 JavaThread "jar transforms Thread 146" [_thread_blocked, id=16920, stack(0x000000a99ac00000,0x000000a99ad00000)]
  0x00000234db9c4800 JavaThread "jar transforms Thread 147" [_thread_blocked, id=10652, stack(0x000000a99ad00000,0x000000a99ae00000)]
  0x00000234db9bf000 JavaThread "jar transforms Thread 148" [_thread_blocked, id=12332, stack(0x000000a99ae00000,0x000000a99af00000)]
  0x00000234db9c5800 JavaThread "jar transforms Thread 149" [_thread_blocked, id=13988, stack(0x000000a99af00000,0x000000a99b000000)]
  0x00000234db9c7000 JavaThread "jar transforms Thread 150" [_thread_blocked, id=7632, stack(0x000000a99b000000,0x000000a99b100000)]
  0x00000234db9ca800 JavaThread "jar transforms Thread 151" [_thread_blocked, id=15448, stack(0x000000a99b100000,0x000000a99b200000)]
  0x00000234db9c6000 JavaThread "jar transforms Thread 152" [_thread_blocked, id=4500, stack(0x000000a99b200000,0x000000a99b300000)]
  0x00000234db9c8800 JavaThread "jar transforms Thread 153" [_thread_blocked, id=8052, stack(0x000000a99b300000,0x000000a99b400000)]
  0x00000234db9c8000 JavaThread "jar transforms Thread 154" [_thread_blocked, id=14640, stack(0x000000a99b400000,0x000000a99b500000)]
  0x00000234db9c9800 JavaThread "jar transforms Thread 155" [_thread_blocked, id=7872, stack(0x000000a99b500000,0x000000a99b600000)]
  0x00000234dfa69800 JavaThread "jar transforms Thread 156" [_thread_blocked, id=16632, stack(0x000000a99b600000,0x000000a99b700000)]
  0x00000234dfa6d000 JavaThread "jar transforms Thread 157" [_thread_blocked, id=18344, stack(0x000000a99b700000,0x000000a99b800000)]
  0x00000234dfa6b800 JavaThread "jar transforms Thread 158" [_thread_blocked, id=15664, stack(0x000000a99b800000,0x000000a99b900000)]
  0x00000234dfa6c000 JavaThread "jar transforms Thread 159" [_thread_blocked, id=7936, stack(0x000000a99b900000,0x000000a99ba00000)]
  0x00000234dfa6d800 JavaThread "jar transforms Thread 160" [_thread_blocked, id=12284, stack(0x000000a99ba00000,0x000000a99bb00000)]
  0x00000234dfa6e800 JavaThread "jar transforms Thread 161" [_thread_blocked, id=4384, stack(0x000000a99bb00000,0x000000a99bc00000)]
  0x00000234dfa6f800 JavaThread "jar transforms Thread 162" [_thread_blocked, id=15964, stack(0x000000a99bc00000,0x000000a99bd00000)]
  0x00000234dfa70000 JavaThread "jar transforms Thread 163" [_thread_blocked, id=19240, stack(0x000000a99bd00000,0x000000a99be00000)]
  0x00000234dfa6a800 JavaThread "jar transforms Thread 164" [_thread_blocked, id=18040, stack(0x000000a99be00000,0x000000a99bf00000)]
  0x00000234dfa73800 JavaThread "jar transforms Thread 165" [_thread_blocked, id=17296, stack(0x000000a99bf00000,0x000000a99c000000)]
  0x00000234dfa74800 JavaThread "jar transforms Thread 166" [_thread_blocked, id=14348, stack(0x000000a99c000000,0x000000a99c100000)]
  0x00000234dfa75000 JavaThread "jar transforms Thread 167" [_thread_blocked, id=8536, stack(0x000000a99c100000,0x000000a99c200000)]
  0x00000234dfa76000 JavaThread "jar transforms Thread 168" [_thread_blocked, id=3108, stack(0x000000a99c200000,0x000000a99c300000)]
  0x00000234dfa76800 JavaThread "jar transforms Thread 169" [_thread_blocked, id=13596, stack(0x000000a99c300000,0x000000a99c400000)]
  0x00000234dfa71000 JavaThread "jar transforms Thread 170" [_thread_blocked, id=12932, stack(0x000000a99c400000,0x000000a99c500000)]
  0x00000234dfa77800 JavaThread "jar transforms Thread 171" [_thread_blocked, id=5208, stack(0x000000a99c500000,0x000000a99c600000)]
  0x00000234dfa72000 JavaThread "jar transforms Thread 172" [_thread_blocked, id=4640, stack(0x000000a99c600000,0x000000a99c700000)]
  0x00000234dfa78800 JavaThread "jar transforms Thread 173" [_thread_blocked, id=10208, stack(0x000000a99c700000,0x000000a99c800000)]
  0x00000234dfa72800 JavaThread "jar transforms Thread 174" [_thread_blocked, id=1796, stack(0x000000a99c800000,0x000000a99c900000)]
  0x00000234e50f5800 JavaThread "jar transforms Thread 175" [_thread_blocked, id=1160, stack(0x000000a99c900000,0x000000a99ca00000)]
  0x00000234e50f7000 JavaThread "jar transforms Thread 176" [_thread_blocked, id=18332, stack(0x000000a99ca00000,0x000000a99cb00000)]
  0x00000234e50f6800 JavaThread "jar transforms Thread 177" [_thread_blocked, id=15228, stack(0x000000a99cb00000,0x000000a99cc00000)]
  0x00000234e50f8000 JavaThread "jar transforms Thread 178" [_thread_blocked, id=11856, stack(0x000000a99cd00000,0x000000a99ce00000)]
  0x00000234e50f9000 JavaThread "jar transforms Thread 179" [_thread_blocked, id=2112, stack(0x000000a99ce00000,0x000000a99cf00000)]
  0x00000234e50f3000 JavaThread "jar transforms Thread 180" [_thread_blocked, id=4564, stack(0x000000a99cf00000,0x000000a99d000000)]
  0x00000234e50f9800 JavaThread "jar transforms Thread 181" [_thread_blocked, id=2404, stack(0x000000a99d000000,0x000000a99d100000)]
  0x00000234e50f4000 JavaThread "jar transforms Thread 182" [_thread_blocked, id=1964, stack(0x000000a99d100000,0x000000a99d200000)]
  0x00000234e50fa800 JavaThread "jar transforms Thread 183" [_thread_blocked, id=17616, stack(0x000000a99d200000,0x000000a99d300000)]
  0x00000234e50f4800 JavaThread "jar transforms Thread 184" [_thread_blocked, id=12264, stack(0x000000a99d300000,0x000000a99d400000)]
  0x00000234e5100000 JavaThread "jar transforms Thread 185" [_thread_blocked, id=18136, stack(0x000000a99d400000,0x000000a99d500000)]
  0x00000234e50fd000 JavaThread "jar transforms Thread 186" [_thread_blocked, id=1056, stack(0x000000a99d500000,0x000000a99d600000)]
  0x00000234e50fc000 JavaThread "jar transforms Thread 187" [_thread_blocked, id=17732, stack(0x000000a99d600000,0x000000a99d700000)]
  0x00000234e5101000 JavaThread "jar transforms Thread 188" [_thread_blocked, id=17084, stack(0x000000a99d700000,0x000000a99d800000)]
  0x00000234e50fe800 JavaThread "jar transforms Thread 189" [_thread_blocked, id=16896, stack(0x000000a99d800000,0x000000a99d900000)]
  0x00000234e50fb000 JavaThread "jar transforms Thread 190" [_thread_blocked, id=2064, stack(0x000000a99d900000,0x000000a99da00000)]
  0x00000234e50ff800 JavaThread "jar transforms Thread 191" [_thread_blocked, id=16340, stack(0x000000a99da00000,0x000000a99db00000)]
  0x00000234e5101800 JavaThread "jar transforms Thread 192" [_thread_blocked, id=10788, stack(0x000000a99db00000,0x000000a99dc00000)]
  0x00000234e50fd800 JavaThread "jar transforms Thread 193" [_thread_blocked, id=7368, stack(0x000000a99dc00000,0x000000a99dd00000)]
  0x00000234e50e3000 JavaThread "jar transforms Thread 194" [_thread_blocked, id=14344, stack(0x000000a99dd00000,0x000000a99de00000)]
  0x00000234e50e7000 JavaThread "Handler for socket connection from /127.0.0.1:12878 to /127.0.0.1:13498" [_thread_in_native, id=2104, stack(0x000000a995800000,0x000000a995900000)]
  0x00000234e50e4800 JavaThread "Cancel handler" [_thread_blocked, id=15544, stack(0x000000a995b00000,0x000000a995c00000)]
  0x00000234e50e8000 JavaThread "Asynchronous log dispatcher for DefaultDaemonConnection: socket connection from /127.0.0.1:12878 to /127.0.0.1:13498" [_thread_blocked, id=10660, stack(0x000000a996000000,0x000000a996100000)]
  0x00000234e50e8800 JavaThread "Stdin handler" [_thread_blocked, id=1320, stack(0x000000a996100000,0x000000a996200000)]
  0x00000234e50e6800 JavaThread "Thread-273" [_thread_blocked, id=6984, stack(0x000000a996200000,0x000000a996300000)]
  0x00000234e50e9800 JavaThread "Cache worker for file hash cache (C:\Users\ddroy\AndroidStudioProjects\CSE2200_offline1\.gradle\6.7.1\fileHashes)" [_thread_blocked, id=15840, stack(0x000000a996300000,0x000000a996400000)]
  0x00000234e50e5800 JavaThread "Cache worker for checksums cache (C:\Users\ddroy\AndroidStudioProjects\CSE2200_offline1\.gradle\checksums)" [_thread_blocked, id=1116, stack(0x000000a996400000,0x000000a996500000)]
  0x00000234e50e4000 JavaThread "Cache worker for cache directory md-supplier (C:\Users\ddroy\.gradle\caches\6.7.1\md-supplier)" [_thread_blocked, id=11496, stack(0x000000a996500000,0x000000a996600000)]
  0x00000234e50ee800 JavaThread "Cache worker for cache directory md-rule (C:\Users\ddroy\.gradle\caches\6.7.1\md-rule)" [_thread_blocked, id=7732, stack(0x000000a996f00000,0x000000a997000000)]
  0x00000234e50ed800 JavaThread "Cache worker for Build Output Cleanup Cache (C:\Users\ddroy\AndroidStudioProjects\CSE2200_offline1\.gradle\buildOutputCleanup)" [_thread_blocked, id=14132, stack(0x000000a997000000,0x000000a997100000)]
  0x00000234e50ea800 JavaThread "Build operations" [_thread_blocked, id=15468, stack(0x000000a997100000,0x000000a997200000)]
  0x00000234e50ec000 JavaThread "Build operations Thread 2" [_thread_blocked, id=7336, stack(0x000000a997200000,0x000000a997300000)]
  0x00000234e50ed000 JavaThread "Build operations Thread 3" [_thread_blocked, id=4728, stack(0x000000a997300000,0x000000a997400000)]
  0x00000234e50f1000 JavaThread "Build operations Thread 4" [_thread_blocked, id=12796, stack(0x000000a997400000,0x000000a997500000)]
  0x00000234e50ef800 JavaThread "Build operations Thread 5" [_thread_blocked, id=8200, stack(0x000000a997700000,0x000000a997800000)]
  0x00000234e50f0000 JavaThread "Build operations Thread 6" [_thread_blocked, id=11452, stack(0x000000a997800000,0x000000a997900000)]
  0x00000234e50eb000 JavaThread "Build operations Thread 7" [_thread_blocked, id=12852, stack(0x000000a997900000,0x000000a997a00000)]
  0x00000234e50f1800 JavaThread "Build operations Thread 8" [_thread_blocked, id=1080, stack(0x000000a997a00000,0x000000a997b00000)]
  0x00000234dd828000 JavaThread "build event listener" [_thread_blocked, id=9852, stack(0x000000a997b00000,0x000000a997c00000)]
  0x00000234dd829800 JavaThread "build event listener" [_thread_blocked, id=15000, stack(0x000000a99cc00000,0x000000a99cd00000)]
  0x00000234dd82b000 JavaThread "Execution worker for ':'" [_thread_in_Java, id=19396, stack(0x000000a99de00000,0x000000a99df00000)]
  0x00000234dd828800 JavaThread "Execution worker for ':' Thread 2" [_thread_blocked, id=10024, stack(0x000000a99df00000,0x000000a99e000000)]
  0x00000234dd82c800 JavaThread "Execution worker for ':' Thread 3" [_thread_blocked, id=7852, stack(0x000000a99e000000,0x000000a99e100000)]
  0x00000234dd82f000 JavaThread "Execution worker for ':' Thread 4" [_thread_blocked, id=17412, stack(0x000000a99e200000,0x000000a99e300000)]
  0x00000234dd831800 JavaThread "Execution worker for ':' Thread 5" [_thread_blocked, id=13464, stack(0x000000a99e300000,0x000000a99e400000)]
  0x00000234dd82c000 JavaThread "Execution worker for ':' Thread 6" [_thread_blocked, id=8232, stack(0x000000a99e400000,0x000000a99e500000)]
  0x00000234dd835800 JavaThread "Execution worker for ':' Thread 7" [_thread_blocked, id=13564, stack(0x000000a99e500000,0x000000a99e600000)]
  0x00000234dd831000 JavaThread "Cache worker for execution history cache (C:\Users\ddroy\AndroidStudioProjects\CSE2200_offline1\.gradle\6.7.1\executionHistory)" [_thread_blocked, id=14128, stack(0x000000a99e600000,0x000000a99e700000)]

Other Threads:
  0x00000234dad4f000 VMThread "VM Thread" [stack: 0x000000a994d00000,0x000000a994e00000] [id=7596]
  0x00000234db828000 WatcherThread [stack: 0x000000a995700000,0x000000a995800000] [id=15240]
  0x00000234c0a74000 GCTaskThread "GC Thread#0" [stack: 0x000000a994800000,0x000000a994900000] [id=16768]
  0x00000234dc7a0000 GCTaskThread "GC Thread#1" [stack: 0x000000a995900000,0x000000a995a00000] [id=8216]
  0x00000234dc6a1800 GCTaskThread "GC Thread#2" [stack: 0x000000a995a00000,0x000000a995b00000] [id=14876]
  0x00000234dd21c800 GCTaskThread "GC Thread#3" [stack: 0x000000a996600000,0x000000a996700000] [id=17256]
  0x00000234dda72000 GCTaskThread "GC Thread#4" [stack: 0x000000a996700000,0x000000a996800000] [id=14088]
  0x00000234dce6b800 GCTaskThread "GC Thread#5" [stack: 0x000000a996800000,0x000000a996900000] [id=1568]
  0x00000234dd4f8800 GCTaskThread "GC Thread#6" [stack: 0x000000a996900000,0x000000a996a00000] [id=16668]
  0x00000234dd701000 GCTaskThread "GC Thread#7" [stack: 0x000000a996a00000,0x000000a996b00000] [id=14972]
  0x00000234c0aa5800 ConcurrentGCThread "G1 Main Marker" [stack: 0x000000a994900000,0x000000a994a00000] [id=5532]
  0x00000234c0aa9000 ConcurrentGCThread "G1 Conc#0" [stack: 0x000000a994a00000,0x000000a994b00000] [id=7444]
  0x00000234dce87000 ConcurrentGCThread "G1 Conc#1" [stack: 0x000000a996d00000,0x000000a996e00000] [id=17964]
  0x00000234daba0800 ConcurrentGCThread "G1 Refine#0" [stack: 0x000000a994b00000,0x000000a994c00000] [id=15100]
  0x00000234dfaa0800 ConcurrentGCThread "G1 Refine#1" [stack: 0x000000a994400000,0x000000a994500000] [id=12916]
  0x00000234dfaa1000 ConcurrentGCThread "G1 Refine#2" [stack: 0x000000a994500000,0x000000a994600000] [id=4876]
  0x00000234daba1800 ConcurrentGCThread "G1 Young RemSet Sampling" [stack: 0x000000a994c00000,0x000000a994d00000] [id=9060]

Threads with active compile tasks:
C2 CompilerThread02072073 14089       4       org.gradle.api.internal.artifacts.transform.ConsumerProvidedVariantFinder::matchAttributes (68 bytes)

VM state:not at safepoint (normal execution)

VM Mutex/Monitor currently owned by a thread: None

Heap address: 0x0000000080000000, size: 2048 MB, Compressed Oops mode: 32-bit
Narrow klass base: 0x0000000000000000, Narrow klass shift: 3
Compressed class space size: 1073741824 Address: 0x0000000100000000

Heap:
 garbage-first heap   total 187392K, used 125811K [0x0000000080000000, 0x0000000100000000)
  region size 1024K, 60 young (61440K), 5 survivors (5120K)
 Metaspace       used 91413K, capacity 93558K, committed 93900K, reserved 1130496K
  class space    used 11188K, capacity 11893K, committed 12032K, reserved 1048576K
Heap Regions: E=young(eden), S=young(survivor), O=old, HS=humongous(starts), HC=humongous(continues), CS=collection set, F=free, A=archive, TAMS=top-at-mark-start (previous, next)
|   0|0x0000000080000000, 0x0000000080100000, 0x0000000080100000|100%| O|  |TAMS 0x0000000080100000, 0x0000000080000000| Untracked 
|   1|0x0000000080100000, 0x0000000080200000, 0x0000000080200000|100%| O|  |TAMS 0x0000000080200000, 0x0000000080100000| Untracked 
|   2|0x0000000080200000, 0x0000000080300000, 0x0000000080300000|100%| O|  |TAMS 0x0000000080300000, 0x0000000080200000| Untracked 
|   3|0x0000000080300000, 0x0000000080400000, 0x0000000080400000|100%|HS|  |TAMS 0x0000000080400000, 0x0000000080300000| Complete 
|   4|0x0000000080400000, 0x0000000080500000, 0x0000000080500000|100%|HC|  |TAMS 0x0000000080500000, 0x0000000080400000| Complete 
|   5|0x0000000080500000, 0x0000000080600000, 0x0000000080600000|100%|HC|  |TAMS 0x0000000080600000, 0x0000000080500000| Complete 
|   6|0x0000000080600000, 0x0000000080700000, 0x0000000080700000|100%| O|  |TAMS 0x0000000080700000, 0x0000000080600000| Untracked 
|   7|0x0000000080700000, 0x0000000080800000, 0x0000000080800000|100%| O|  |TAMS 0x0000000080800000, 0x0000000080700000| Untracked 
|   8|0x0000000080800000, 0x0000000080900000, 0x0000000080900000|100%| O|  |TAMS 0x0000000080900000, 0x0000000080800000| Untracked 
|   9|0x0000000080900000, 0x0000000080a00000, 0x0000000080a00000|100%| O|  |TAMS 0x0000000080a00000, 0x0000000080900000| Untracked 
|  10|0x0000000080a00000, 0x0000000080b00000, 0x0000000080b00000|100%| O|  |TAMS 0x0000000080b00000, 0x0000000080a00000| Untracked 
|  11|0x0000000080b00000, 0x0000000080c00000, 0x0000000080c00000|100%| O|  |TAMS 0x0000000080c00000, 0x0000000080b00000| Untracked 
|  12|0x0000000080c00000, 0x0000000080d00000, 0x0000000080d00000|100%| O|  |TAMS 0x0000000080d00000, 0x0000000080c00000| Untracked 
|  13|0x0000000080d00000, 0x0000000080e00000, 0x0000000080e00000|100%| O|  |TAMS 0x0000000080e00000, 0x0000000080d00000| Untracked 
|  14|0x0000000080e00000, 0x0000000080f00000, 0x0000000080f00000|100%| O|  |TAMS 0x0000000080f00000, 0x0000000080e00000| Untracked 
|  15|0x0000000080f00000, 0x0000000081000000, 0x0000000081000000|100%| O|  |TAMS 0x0000000081000000, 0x0000000080f00000| Untracked 
|  16|0x0000000081000000, 0x0000000081100000, 0x0000000081100000|100%| O|  |TAMS 0x0000000081100000, 0x0000000081000000| Untracked 
|  17|0x0000000081100000, 0x0000000081200000, 0x0000000081200000|100%| O|  |TAMS 0x0000000081200000, 0x0000000081100000| Untracked 
|  18|0x0000000081200000, 0x0000000081300000, 0x0000000081300000|100%|HS|  |TAMS 0x0000000081300000, 0x0000000081200000| Complete 
|  19|0x0000000081300000, 0x0000000081400000, 0x0000000081400000|100%| O|  |TAMS 0x0000000081400000, 0x0000000081300000| Untracked 
|  20|0x0000000081400000, 0x0000000081500000, 0x0000000081500000|100%| O|  |TAMS 0x0000000081500000, 0x0000000081400000| Untracked 
|  21|0x0000000081500000, 0x0000000081600000, 0x0000000081600000|100%| O|  |TAMS 0x0000000081600000, 0x0000000081500000| Untracked 
|  22|0x0000000081600000, 0x0000000081700000, 0x0000000081700000|100%|HS|  |TAMS 0x0000000081700000, 0x0000000081600000| Complete 
|  23|0x0000000081700000, 0x0000000081800000, 0x0000000081800000|100%|HC|  |TAMS 0x0000000081800000, 0x0000000081700000| Complete 
|  24|0x0000000081800000, 0x0000000081900000, 0x0000000081900000|100%| O|  |TAMS 0x0000000081900000, 0x0000000081800000| Untracked 
|  25|0x0000000081900000, 0x0000000081a00000, 0x0000000081a00000|100%| O|  |TAMS 0x0000000081a00000, 0x0000000081900000| Untracked 
|  26|0x0000000081a00000, 0x0000000081a00000, 0x0000000081b00000|  0%| F|  |TAMS 0x0000000081a00000, 0x0000000081a00000| Untracked 
|  27|0x0000000081b00000, 0x0000000081c00000, 0x0000000081c00000|100%| O|  |TAMS 0x0000000081c00000, 0x0000000081b00000| Untracked 
|  28|0x0000000081c00000, 0x0000000081d00000, 0x0000000081d00000|100%| O|  |TAMS 0x0000000081d00000, 0x0000000081c00000| Untracked 
|  29|0x0000000081d00000, 0x0000000081e00000, 0x0000000081e00000|100%| O|  |TAMS 0x0000000081e00000, 0x0000000081d00000| Untracked 
|  30|0x0000000081e00000, 0x0000000081f00000, 0x0000000081f00000|100%| O|  |TAMS 0x0000000081f00000, 0x0000000081e00000| Untracked 
|  31|0x0000000081f00000, 0x0000000082000000, 0x0000000082000000|100%| O|  |TAMS 0x0000000082000000, 0x0000000081f00000| Untracked 
|  32|0x0000000082000000, 0x0000000082100000, 0x0000000082100000|100%| O|  |TAMS 0x0000000082100000, 0x0000000082000000| Untracked 
|  33|0x0000000082100000, 0x0000000082200000, 0x0000000082200000|100%| O|  |TAMS 0x0000000082200000, 0x0000000082100000| Untracked 
|  34|0x0000000082200000, 0x0000000082300000, 0x0000000082300000|100%| O|  |TAMS 0x0000000082300000, 0x0000000082200000| Untracked 
|  35|0x0000000082300000, 0x0000000082400000, 0x0000000082400000|100%| O|  |TAMS 0x0000000082400000, 0x0000000082300000| Untracked 
|  36|0x0000000082400000, 0x0000000082500000, 0x0000000082500000|100%| O|  |TAMS 0x0000000082500000, 0x0000000082400000| Untracked 
|  37|0x0000000082500000, 0x0000000082600000, 0x0000000082600000|100%| O|  |TAMS 0x0000000082500000, 0x0000000082500000| Untracked 
|  38|0x0000000082600000, 0x0000000082700000, 0x0000000082700000|100%| O|  |TAMS 0x0000000082700000, 0x0000000082600000| Untracked 
|  39|0x0000000082700000, 0x0000000082800000, 0x0000000082800000|100%| O|  |TAMS 0x0000000082700000, 0x0000000082700000| Untracked 
|  40|0x0000000082800000, 0x0000000082900000, 0x0000000082900000|100%| O|  |TAMS 0x0000000082800000, 0x0000000082800000| Untracked 
|  41|0x0000000082900000, 0x0000000082a00000, 0x0000000082a00000|100%| O|  |TAMS 0x0000000082a00000, 0x0000000082900000| Untracked 
|  42|0x0000000082a00000, 0x0000000082b00000, 0x0000000082b00000|100%| O|  |TAMS 0x0000000082b00000, 0x0000000082a00000| Untracked 
|  43|0x0000000082b00000, 0x0000000082c00000, 0x0000000082c00000|100%| O|  |TAMS 0x0000000082c00000, 0x0000000082b00000| Untracked 
|  44|0x0000000082c00000, 0x0000000082d00000, 0x0000000082d00000|100%| O|  |TAMS 0x0000000082d00000, 0x0000000082c00000| Untracked 
|  45|0x0000000082d00000, 0x0000000082e00000, 0x0000000082e00000|100%| O|  |TAMS 0x0000000082e00000, 0x0000000082d00000| Untracked 
|  46|0x0000000082e00000, 0x0000000082f00000, 0x0000000082f00000|100%| O|  |TAMS 0x0000000082e00000, 0x0000000082e00000| Untracked 
|  47|0x0000000082f00000, 0x0000000082f43c00, 0x0000000083000000| 26%| O|  |TAMS 0x0000000082f00000, 0x0000000082f00000| Untracked 
|  48|0x0000000083000000, 0x0000000083100000, 0x0000000083100000|100%| O|  |TAMS 0x0000000083100000, 0x0000000083000000| Untracked 
|  49|0x0000000083100000, 0x0000000083200000, 0x0000000083200000|100%| O|  |TAMS 0x0000000083200000, 0x0000000083100000| Untracked 
|  50|0x0000000083200000, 0x0000000083300000, 0x0000000083300000|100%| O|  |TAMS 0x0000000083200000, 0x0000000083200000| Untracked 
|  51|0x0000000083300000, 0x0000000083400000, 0x0000000083400000|100%| O|  |TAMS 0x0000000083400000, 0x0000000083300000| Untracked 
|  52|0x0000000083400000, 0x0000000083500000, 0x0000000083500000|100%| O|  |TAMS 0x0000000083400000, 0x0000000083400000| Untracked 
|  53|0x0000000083500000, 0x0000000083600000, 0x0000000083600000|100%| O|  |TAMS 0x0000000083600000, 0x0000000083500000| Untracked 
|  54|0x0000000083600000, 0x0000000083700000, 0x0000000083700000|100%| O|  |TAMS 0x0000000083700000, 0x0000000083600000| Untracked 
|  55|0x0000000083700000, 0x0000000083800000, 0x0000000083800000|100%| O|  |TAMS 0x0000000083800000, 0x0000000083700000| Untracked 
|  56|0x0000000083800000, 0x0000000083800000, 0x0000000083900000|  0%| F|  |TAMS 0x0000000083800000, 0x0000000083800000| Untracked 
|  57|0x0000000083900000, 0x0000000083a00000, 0x0000000083a00000|100%| O|  |TAMS 0x0000000083900000, 0x0000000083900000| Untracked 
|  58|0x0000000083a00000, 0x0000000083b00000, 0x0000000083b00000|100%| O|  |TAMS 0x0000000083a00000, 0x0000000083a00000| Untracked 
|  59|0x0000000083b00000, 0x0000000083b00000, 0x0000000083c00000|  0%| F|  |TAMS 0x0000000083b00000, 0x0000000083b00000| Untracked 
|  60|0x0000000083c00000, 0x0000000083d00000, 0x0000000083d00000|100%| O|  |TAMS 0x0000000083d00000, 0x0000000083c00000| Untracked 
|  61|0x0000000083d00000, 0x0000000083e00000, 0x0000000083e00000|100%| O|  |TAMS 0x0000000083e00000, 0x0000000083d00000| Untracked 
|  62|0x0000000083e00000, 0x0000000083e00000, 0x0000000083f00000|  0%| F|  |TAMS 0x0000000083e00000, 0x0000000083e00000| Untracked 
|  63|0x0000000083f00000, 0x0000000084000000, 0x0000000084000000|100%| O|  |TAMS 0x0000000084000000, 0x0000000083f00000| Untracked 
|  64|0x0000000084000000, 0x0000000084100000, 0x0000000084100000|100%| O|  |TAMS 0x0000000084100000, 0x0000000084000000| Untracked 
|  65|0x0000000084100000, 0x0000000084200000, 0x0000000084200000|100%|HS|  |TAMS 0x0000000084100000, 0x0000000084100000| Complete 
|  66|0x0000000084200000, 0x0000000084300000, 0x0000000084300000|100%|HC|  |TAMS 0x0000000084200000, 0x0000000084200000| Complete 
|  67|0x0000000084300000, 0x0000000084300000, 0x0000000084400000|  0%| F|  |TAMS 0x0000000084300000, 0x0000000084300000| Untracked 
|  68|0x0000000084400000, 0x0000000084400000, 0x0000000084500000|  0%| F|  |TAMS 0x0000000084400000, 0x0000000084400000| Untracked 
|  69|0x0000000084500000, 0x0000000084500000, 0x0000000084600000|  0%| F|  |TAMS 0x0000000084500000, 0x0000000084500000| Untracked 
|  70|0x0000000084600000, 0x0000000084600000, 0x0000000084700000|  0%| F|  |TAMS 0x0000000084600000, 0x0000000084600000| Untracked 
|  71|0x0000000084700000, 0x0000000084700000, 0x0000000084800000|  0%| F|  |TAMS 0x0000000084700000, 0x0000000084700000| Untracked 
|  72|0x0000000084800000, 0x0000000084800000, 0x0000000084900000|  0%| F|  |TAMS 0x0000000084800000, 0x0000000084800000| Untracked 
|  73|0x0000000084900000, 0x0000000084a00000, 0x0000000084a00000|100%| O|  |TAMS 0x0000000084a00000, 0x0000000084900000| Untracked 
|  74|0x0000000084a00000, 0x0000000084a00000, 0x0000000084b00000|  0%| F|  |TAMS 0x0000000084a00000, 0x0000000084a00000| Untracked 
|  75|0x0000000084b00000, 0x0000000084b00000, 0x0000000084c00000|  0%| F|  |TAMS 0x0000000084b00000, 0x0000000084b00000| Untracked 
|  76|0x0000000084c00000, 0x0000000084d00000, 0x0000000084d00000|100%| O|  |TAMS 0x0000000084d00000, 0x0000000084c00000| Untracked 
|  77|0x0000000084d00000, 0x0000000084d00000, 0x0000000084e00000|  0%| F|  |TAMS 0x0000000084d00000, 0x0000000084d00000| Untracked 
|  78|0x0000000084e00000, 0x0000000084e00000, 0x0000000084f00000|  0%| F|  |TAMS 0x0000000084e00000, 0x0000000084e00000| Untracked 
|  79|0x0000000084f00000, 0x0000000085000000, 0x0000000085000000|100%| O|  |TAMS 0x0000000085000000, 0x0000000084f00000| Untracked 
|  80|0x0000000085000000, 0x0000000085100000, 0x0000000085100000|100%| O|  |TAMS 0x0000000085100000, 0x0000000085000000| Untracked 
|  81|0x0000000085100000, 0x0000000085200000, 0x0000000085200000|100%| O|  |TAMS 0x00000000851ccc00, 0x0000000085100000| Untracked 
|  82|0x0000000085200000, 0x0000000085200000, 0x0000000085300000|  0%| F|  |TAMS 0x0000000085200000, 0x0000000085200000| Untracked 
|  83|0x0000000085300000, 0x0000000085300000, 0x0000000085400000|  0%| F|  |TAMS 0x0000000085300000, 0x0000000085300000| Untracked 
|  84|0x0000000085400000, 0x0000000085400000, 0x0000000085500000|  0%| F|  |TAMS 0x0000000085400000, 0x0000000085400000| Untracked 
|  85|0x0000000085500000, 0x0000000085500000, 0x0000000085600000|  0%| F|  |TAMS 0x0000000085500000, 0x0000000085500000| Untracked 
|  86|0x0000000085600000, 0x0000000085600000, 0x0000000085700000|  0%| F|  |TAMS 0x0000000085600000, 0x0000000085600000| Untracked 
|  87|0x0000000085700000, 0x0000000085700000, 0x0000000085800000|  0%| F|  |TAMS 0x0000000085700000, 0x0000000085700000| Untracked 
|  88|0x0000000085800000, 0x0000000085800000, 0x0000000085900000|  0%| F|  |TAMS 0x0000000085800000, 0x0000000085800000| Untracked 
|  89|0x0000000085900000, 0x0000000085900000, 0x0000000085a00000|  0%| F|  |TAMS 0x0000000085900000, 0x0000000085900000| Untracked 
|  90|0x0000000085a00000, 0x0000000085a00000, 0x0000000085b00000|  0%| F|  |TAMS 0x0000000085a00000, 0x0000000085a00000| Untracked 
|  91|0x0000000085b00000, 0x0000000085b00000, 0x0000000085c00000|  0%| F|  |TAMS 0x0000000085b00000, 0x0000000085b00000| Untracked 
|  92|0x0000000085c00000, 0x0000000085c00000, 0x0000000085d00000|  0%| F|  |TAMS 0x0000000085c00000, 0x0000000085c00000| Untracked 
|  93|0x0000000085d00000, 0x0000000085d00000, 0x0000000085e00000|  0%| F|  |TAMS 0x0000000085d00000, 0x0000000085d00000| Untracked 
|  94|0x0000000085e00000, 0x0000000085e00000, 0x0000000085f00000|  0%| F|  |TAMS 0x0000000085e00000, 0x0000000085e00000| Untracked 
|  95|0x0000000085f00000, 0x0000000085f00000, 0x0000000086000000|  0%| F|  |TAMS 0x0000000085f00000, 0x0000000085f00000| Untracked 
|  96|0x0000000086000000, 0x0000000086000000, 0x0000000086100000|  0%| F|  |TAMS 0x0000000086000000, 0x0000000086000000| Untracked 
|  97|0x0000000086100000, 0x0000000086100000, 0x0000000086200000|  0%| F|  |TAMS 0x0000000086100000, 0x0000000086100000| Untracked 
|  98|0x0000000086200000, 0x0000000086200000, 0x0000000086300000|  0%| F|  |TAMS 0x0000000086200000, 0x0000000086200000| Untracked 
|  99|0x0000000086300000, 0x0000000086300000, 0x0000000086400000|  0%| F|  |TAMS 0x0000000086300000, 0x0000000086300000| Untracked 
| 100|0x0000000086400000, 0x0000000086400000, 0x0000000086500000|  0%| F|  |TAMS 0x0000000086400000, 0x0000000086400000| Untracked 
| 101|0x0000000086500000, 0x0000000086500000, 0x0000000086600000|  0%| F|  |TAMS 0x0000000086500000, 0x0000000086500000| Untracked 
| 102|0x0000000086600000, 0x0000000086600000, 0x0000000086700000|  0%| F|  |TAMS 0x0000000086600000, 0x0000000086600000| Untracked 
| 103|0x0000000086700000, 0x0000000086700000, 0x0000000086800000|  0%| F|  |TAMS 0x0000000086700000, 0x0000000086700000| Untracked 
| 104|0x0000000086800000, 0x0000000086800000, 0x0000000086900000|  0%| F|  |TAMS 0x0000000086800000, 0x0000000086800000| Untracked 
| 105|0x0000000086900000, 0x0000000086900000, 0x0000000086a00000|  0%| F|  |TAMS 0x0000000086900000, 0x0000000086900000| Untracked 
| 106|0x0000000086a00000, 0x0000000086a00000, 0x0000000086b00000|  0%| F|  |TAMS 0x0000000086a00000, 0x0000000086a00000| Untracked 
| 107|0x0000000086b00000, 0x0000000086b00000, 0x0000000086c00000|  0%| F|  |TAMS 0x0000000086b00000, 0x0000000086b00000| Untracked 
| 108|0x0000000086c00000, 0x0000000086c992c8, 0x0000000086d00000| 59%| S|CS|TAMS 0x0000000086c00000, 0x0000000086c00000| Complete 
| 109|0x0000000086d00000, 0x0000000086e00000, 0x0000000086e00000|100%| S|CS|TAMS 0x0000000086d00000, 0x0000000086d00000| Complete 
| 110|0x0000000086e00000, 0x0000000086f00000, 0x0000000086f00000|100%| S|CS|TAMS 0x0000000086e00000, 0x0000000086e00000| Complete 
| 111|0x0000000086f00000, 0x0000000087000000, 0x0000000087000000|100%| S|CS|TAMS 0x0000000086f00000, 0x0000000086f00000| Complete 
| 112|0x0000000087000000, 0x0000000087100000, 0x0000000087100000|100%| S|CS|TAMS 0x0000000087000000, 0x0000000087000000| Complete 
| 113|0x0000000087100000, 0x0000000087100000, 0x0000000087200000|  0%| F|  |TAMS 0x0000000087100000, 0x0000000087100000| Untracked 
| 114|0x0000000087200000, 0x0000000087200000, 0x0000000087300000|  0%| F|  |TAMS 0x0000000087200000, 0x0000000087200000| Untracked 
| 115|0x0000000087300000, 0x0000000087300000, 0x0000000087400000|  0%| F|  |TAMS 0x0000000087300000, 0x0000000087300000| Untracked 
| 116|0x0000000087400000, 0x0000000087400000, 0x0000000087500000|  0%| F|  |TAMS 0x0000000087400000, 0x0000000087400000| Untracked 
| 117|0x0000000087500000, 0x0000000087500000, 0x0000000087600000|  0%| F|  |TAMS 0x0000000087500000, 0x0000000087500000| Untracked 
| 118|0x0000000087600000, 0x0000000087600000, 0x0000000087700000|  0%| F|  |TAMS 0x0000000087600000, 0x0000000087600000| Untracked 
| 119|0x0000000087700000, 0x0000000087700000, 0x0000000087800000|  0%| F|  |TAMS 0x0000000087700000, 0x0000000087700000| Untracked 
| 120|0x0000000087800000, 0x0000000087800000, 0x0000000087900000|  0%| F|  |TAMS 0x0000000087800000, 0x0000000087800000| Untracked 
| 121|0x0000000087900000, 0x0000000087900000, 0x0000000087a00000|  0%| F|  |TAMS 0x0000000087900000, 0x0000000087900000| Untracked 
| 122|0x0000000087a00000, 0x0000000087a00000, 0x0000000087b00000|  0%| F|  |TAMS 0x0000000087a00000, 0x0000000087a00000| Untracked 
| 123|0x0000000087b00000, 0x0000000087b00000, 0x0000000087c00000|  0%| F|  |TAMS 0x0000000087b00000, 0x0000000087b00000| Untracked 
| 124|0x0000000087c00000, 0x0000000087c00000, 0x0000000087d00000|  0%| F|  |TAMS 0x0000000087c00000, 0x0000000087c00000| Untracked 
| 125|0x0000000087d00000, 0x0000000087d00000, 0x0000000087e00000|  0%| F|  |TAMS 0x0000000087d00000, 0x0000000087d00000| Untracked 
| 126|0x0000000087e00000, 0x0000000087e00000, 0x0000000087f00000|  0%| F|  |TAMS 0x0000000087e00000, 0x0000000087e00000| Untracked 
| 127|0x0000000087f00000, 0x0000000087f00000, 0x0000000088000000|  0%| F|  |TAMS 0x0000000087f00000, 0x0000000087f00000| Untracked 
| 128|0x0000000088000000, 0x0000000088075938, 0x0000000088100000| 45%| E|  |TAMS 0x0000000088000000, 0x0000000088000000| Complete 
| 129|0x0000000088100000, 0x0000000088200000, 0x0000000088200000|100%| E|CS|TAMS 0x0000000088100000, 0x0000000088100000| Complete 
| 130|0x0000000088200000, 0x0000000088300000, 0x0000000088300000|100%| E|CS|TAMS 0x0000000088200000, 0x0000000088200000| Complete 
| 131|0x0000000088300000, 0x0000000088400000, 0x0000000088400000|100%| E|CS|TAMS 0x0000000088300000, 0x0000000088300000| Complete 
| 132|0x0000000088400000, 0x0000000088500000, 0x0000000088500000|100%| E|CS|TAMS 0x0000000088400000, 0x0000000088400000| Complete 
| 133|0x0000000088500000, 0x0000000088600000, 0x0000000088600000|100%| E|CS|TAMS 0x0000000088500000, 0x0000000088500000| Complete 
| 134|0x0000000088600000, 0x0000000088700000, 0x0000000088700000|100%| E|CS|TAMS 0x0000000088600000, 0x0000000088600000| Complete 
| 135|0x0000000088700000, 0x0000000088800000, 0x0000000088800000|100%| E|CS|TAMS 0x0000000088700000, 0x0000000088700000| Complete 
| 136|0x0000000088800000, 0x0000000088900000, 0x0000000088900000|100%| E|CS|TAMS 0x0000000088800000, 0x0000000088800000| Complete 
| 137|0x0000000088900000, 0x0000000088a00000, 0x0000000088a00000|100%| E|CS|TAMS 0x0000000088900000, 0x0000000088900000| Complete 
| 138|0x0000000088a00000, 0x0000000088b00000, 0x0000000088b00000|100%| E|  |TAMS 0x0000000088a00000, 0x0000000088a00000| Complete 
| 139|0x0000000088b00000, 0x0000000088c00000, 0x0000000088c00000|100%| E|CS|TAMS 0x0000000088b00000, 0x0000000088b00000| Complete 
| 140|0x0000000088c00000, 0x0000000088d00000, 0x0000000088d00000|100%| E|CS|TAMS 0x0000000088c00000, 0x0000000088c00000| Complete 
| 141|0x0000000088d00000, 0x0000000088e00000, 0x0000000088e00000|100%| E|CS|TAMS 0x0000000088d00000, 0x0000000088d00000| Complete 
| 142|0x0000000088e00000, 0x0000000088f00000, 0x0000000088f00000|100%| E|CS|TAMS 0x0000000088e00000, 0x0000000088e00000| Complete 
| 143|0x0000000088f00000, 0x0000000089000000, 0x0000000089000000|100%| E|CS|TAMS 0x0000000088f00000, 0x0000000088f00000| Complete 
| 144|0x0000000089000000, 0x0000000089100000, 0x0000000089100000|100%| E|CS|TAMS 0x0000000089000000, 0x0000000089000000| Complete 
| 145|0x0000000089100000, 0x0000000089200000, 0x0000000089200000|100%| E|CS|TAMS 0x0000000089100000, 0x0000000089100000| Complete 
| 146|0x0000000089200000, 0x0000000089300000, 0x0000000089300000|100%| E|CS|TAMS 0x0000000089200000, 0x0000000089200000| Complete 
| 147|0x0000000089300000, 0x0000000089400000, 0x0000000089400000|100%| E|CS|TAMS 0x0000000089300000, 0x0000000089300000| Complete 
| 148|0x0000000089400000, 0x0000000089500000, 0x0000000089500000|100%| E|CS|TAMS 0x0000000089400000, 0x0000000089400000| Complete 
| 149|0x0000000089500000, 0x0000000089600000, 0x0000000089600000|100%| E|CS|TAMS 0x0000000089500000, 0x0000000089500000| Complete 
| 150|0x0000000089600000, 0x0000000089700000, 0x0000000089700000|100%| E|CS|TAMS 0x0000000089600000, 0x0000000089600000| Complete 
| 151|0x0000000089700000, 0x0000000089800000, 0x0000000089800000|100%| E|CS|TAMS 0x0000000089700000, 0x0000000089700000| Complete 
| 152|0x0000000089800000, 0x0000000089900000, 0x0000000089900000|100%| E|CS|TAMS 0x0000000089800000, 0x0000000089800000| Complete 
| 153|0x0000000089900000, 0x0000000089a00000, 0x0000000089a00000|100%| E|CS|TAMS 0x0000000089900000, 0x0000000089900000| Complete 
| 154|0x0000000089a00000, 0x0000000089b00000, 0x0000000089b00000|100%| E|CS|TAMS 0x0000000089a00000, 0x0000000089a00000| Complete 
| 155|0x0000000089b00000, 0x0000000089c00000, 0x0000000089c00000|100%| E|CS|TAMS 0x0000000089b00000, 0x0000000089b00000| Complete 
| 156|0x0000000089c00000, 0x0000000089d00000, 0x0000000089d00000|100%| E|CS|TAMS 0x0000000089c00000, 0x0000000089c00000| Complete 
| 157|0x0000000089d00000, 0x0000000089e00000, 0x0000000089e00000|100%| E|CS|TAMS 0x0000000089d00000, 0x0000000089d00000| Complete 
| 158|0x0000000089e00000, 0x0000000089f00000, 0x0000000089f00000|100%| E|CS|TAMS 0x0000000089e00000, 0x0000000089e00000| Complete 
| 159|0x0000000089f00000, 0x000000008a000000, 0x000000008a000000|100%| E|CS|TAMS 0x0000000089f00000, 0x0000000089f00000| Complete 
| 160|0x000000008a000000, 0x000000008a100000, 0x000000008a100000|100%| E|CS|TAMS 0x000000008a000000, 0x000000008a000000| Complete 
| 161|0x000000008a100000, 0x000000008a200000, 0x000000008a200000|100%| E|CS|TAMS 0x000000008a100000, 0x000000008a100000| Complete 
| 162|0x000000008a200000, 0x000000008a300000, 0x000000008a300000|100%| E|CS|TAMS 0x000000008a200000, 0x000000008a200000| Complete 
| 163|0x000000008a300000, 0x000000008a400000, 0x000000008a400000|100%| E|CS|TAMS 0x000000008a300000, 0x000000008a300000| Complete 
| 164|0x000000008a400000, 0x000000008a500000, 0x000000008a500000|100%| E|CS|TAMS 0x000000008a400000, 0x000000008a400000| Complete 
| 165|0x000000008a500000, 0x000000008a600000, 0x000000008a600000|100%| E|CS|TAMS 0x000000008a500000, 0x000000008a500000| Complete 
| 166|0x000000008a600000, 0x000000008a700000, 0x000000008a700000|100%| E|CS|TAMS 0x000000008a600000, 0x000000008a600000| Complete 
| 167|0x000000008a700000, 0x000000008a800000, 0x000000008a800000|100%| E|CS|TAMS 0x000000008a700000, 0x000000008a700000| Complete 
| 168|0x000000008a800000, 0x000000008a900000, 0x000000008a900000|100%| E|CS|TAMS 0x000000008a800000, 0x000000008a800000| Complete 
| 169|0x000000008a900000, 0x000000008aa00000, 0x000000008aa00000|100%| E|CS|TAMS 0x000000008a900000, 0x000000008a900000| Complete 
| 170|0x000000008aa00000, 0x000000008ab00000, 0x000000008ab00000|100%| E|CS|TAMS 0x000000008aa00000, 0x000000008aa00000| Complete 
| 171|0x000000008ab00000, 0x000000008ac00000, 0x000000008ac00000|100%| E|CS|TAMS 0x000000008ab00000, 0x000000008ab00000| Complete 
| 172|0x000000008ac00000, 0x000000008ad00000, 0x000000008ad00000|100%| E|CS|TAMS 0x000000008ac00000, 0x000000008ac00000| Complete 
| 173|0x000000008ad00000, 0x000000008ae00000, 0x000000008ae00000|100%| E|CS|TAMS 0x000000008ad00000, 0x000000008ad00000| Complete 
| 174|0x000000008ae00000, 0x000000008af00000, 0x000000008af00000|100%| E|CS|TAMS 0x000000008ae00000, 0x000000008ae00000| Complete 
| 175|0x000000008af00000, 0x000000008b000000, 0x000000008b000000|100%| E|CS|TAMS 0x000000008af00000, 0x000000008af00000| Complete 
| 176|0x000000008b000000, 0x000000008b100000, 0x000000008b100000|100%| E|CS|TAMS 0x000000008b000000, 0x000000008b000000| Complete 
| 177|0x000000008b100000, 0x000000008b200000, 0x000000008b200000|100%| E|CS|TAMS 0x000000008b100000, 0x000000008b100000| Complete 
| 178|0x000000008b200000, 0x000000008b300000, 0x000000008b300000|100%| E|CS|TAMS 0x000000008b200000, 0x000000008b200000| Complete 
| 179|0x000000008b300000, 0x000000008b400000, 0x000000008b400000|100%| E|CS|TAMS 0x000000008b300000, 0x000000008b300000| Complete 
| 180|0x000000008b400000, 0x000000008b500000, 0x000000008b500000|100%| E|CS|TAMS 0x000000008b400000, 0x000000008b400000| Complete 
| 181|0x000000008b500000, 0x000000008b600000, 0x000000008b600000|100%| E|CS|TAMS 0x000000008b500000, 0x000000008b500000| Complete 
| 182|0x000000008b600000, 0x000000008b700000, 0x000000008b700000|100%| E|CS|TAMS 0x000000008b600000, 0x000000008b600000| Complete 

Card table byte_map: [0x00000234d3b00000,0x00000234d3f00000] _byte_map_base: 0x00000234d3700000

Marking Bits (Prev, Next): (CMBitMap*) 0x00000234c0a9cbf0, (CMBitMap*) 0x00000234c0a9cbb8
 Prev Bits: [0x00000234d6300000, 0x00000234d8300000)
 Next Bits: [0x00000234d4300000, 0x00000234d6300000)

Polling page: 0x00000234bea00000

Metaspace:

Usage:
  Non-class:     79.75 MB capacity,    78.35 MB ( 98%) used,     1.19 MB (  1%) free+waste,   219.88 KB ( <1%) overhead. 
      Class:     11.61 MB capacity,    10.93 MB ( 94%) used,   610.25 KB (  5%) free+waste,    94.56 KB ( <1%) overhead. 
       Both:     91.37 MB capacity,    89.27 MB ( 98%) used,     1.79 MB (  2%) free+waste,   314.44 KB ( <1%) overhead. 

Virtual space:
  Non-class space:       80.00 MB reserved,      79.95 MB (>99%) committed 
      Class space:        1.00 GB reserved,      11.75 MB (  1%) committed 
             Both:        1.08 GB reserved,      91.70 MB (  8%) committed 

Chunk freelists:
   Non-Class:  11.00 KB
       Class:  75.00 KB
        Both:  86.00 KB

MaxMetaspaceSize: 17179869184.00 GB
CompressedClassSpaceSize: 1.00 GB

CodeHeap 'non-profiled nmethods': size=120000Kb used=8166Kb max_used=8545Kb free=111833Kb
 bounds [0x00000234cbea0000, 0x00000234cc700000, 0x00000234d33d0000]
CodeHeap 'profiled nmethods': size=120000Kb used=28286Kb max_used=29039Kb free=91713Kb
 bounds [0x00000234c4970000, 0x00000234c65d0000, 0x00000234cbea0000]
CodeHeap 'non-nmethods': size=5760Kb used=2267Kb max_used=2342Kb free=3492Kb
 bounds [0x00000234c43d0000, 0x00000234c4640000, 0x00000234c4970000]
 total_blobs=14059 nmethods=13199 adapters=771
 compilation: enabled
              stopped_count=0, restarted_count=0
 full_count=0

Compilation events (20 events):
Event: 2071.864 Thread 0x00000234dad6c000 14115       3       org.gradle.internal.execution.history.changes.ImplementationChanges::<init> (32 bytes)
Event: 2071.865 Thread 0x00000234dad6c000 nmethod 14115 0x00000234c4b90d90 code [0x00000234c4b90f60, 0x00000234c4b91298]
Event: 2071.865 Thread 0x00000234dad6c000 14116       3       org.gradle.internal.execution.history.changes.CachingChangeContainer::accept (121 bytes)
Event: 2071.866 Thread 0x00000234dad6c000 nmethod 14116 0x00000234c4bfde90 code [0x00000234c4bfe100, 0x00000234c4bfec88]
Event: 2071.867 Thread 0x00000234dad6c000 14117       3       org.gradle.internal.execution.history.changes.DefaultExecutionStateChangeDetector$IncrementalDetectedExecutionStateChanges::<init> (14 bytes)
Event: 2071.867 Thread 0x00000234dad6c000 nmethod 14117 0x00000234c4bd4790 code [0x00000234c4bd4960, 0x00000234c4bd4c98]
Event: 2071.867 Thread 0x00000234dad6c000 14118       3       org.gradle.internal.execution.history.changes.DefaultExecutionStateChangeDetector::caching (20 bytes)
Event: 2071.868 Thread 0x00000234dad6c000 nmethod 14118 0x00000234c4bea190 code [0x00000234c4bea3a0, 0x00000234c4beaa78]
Event: 2071.868 Thread 0x00000234dad6c000 14119       3       org.gradle.internal.execution.history.changes.CachingChangeContainer::<init> (26 bytes)
Event: 2071.869 Thread 0x00000234dad6c000 nmethod 14119 0x00000234c4be2290 code [0x00000234c4be2480, 0x00000234c4be28d8]
Event: 2071.869 Thread 0x00000234dad6c000 14120       3       org.gradle.internal.execution.history.changes.DefaultExecutionStateChangeDetector::errorHandling (20 bytes)
Event: 2071.869 Thread 0x00000234dad6c000 nmethod 14120 0x00000234c4bfd690 code [0x00000234c4bfd880, 0x00000234c4bfdcf8]
Event: 2071.869 Thread 0x00000234dad6c000 14122       3       org.gradle.internal.execution.steps.ResolveChangesStep$$Lambda$633/0x0000000100a28040::<init> (15 bytes)
Event: 2071.870 Thread 0x00000234dad6c000 nmethod 14122 0x00000234c4b31090 code [0x00000234c4b31240, 0x00000234c4b31458]
Event: 2071.870 Thread 0x00000234dad6c000 14123       3       org.gradle.internal.execution.steps.SkipUpToDateStep::execute (9 bytes)
Event: 2071.870 Thread 0x00000234dad6c000 nmethod 14123 0x00000234c4bd4190 code [0x00000234c4bd4360, 0x00000234c4bd4588]
Event: 2071.890 Thread 0x00000234dad6c000 14125       1       org.gradle.execution.plan.Node::getExecutionFailure (5 bytes)
Event: 2071.890 Thread 0x00000234dad6c000 nmethod 14125 0x00000234cbf69390 code [0x00000234cbf69540, 0x00000234cbf695f8]
Event: 2071.893 Thread 0x00000234dad6c000 14126       3       org.gradle.api.internal.provider.AbstractProperty::implicitFinalizeValue (15 bytes)
Event: 2071.893 Thread 0x00000234dad6c000 nmethod 14126 0x00000234c4bf4410 code [0x00000234c4bf45e0, 0x00000234c4bf4878]

GC Heap History (20 events):
Event: 2018.713 GC heap before
{Heap before GC invocations=17 (full 0):
 garbage-first heap   total 187392K, used 148012K [0x0000000080000000, 0x0000000100000000)
  region size 1024K, 93 young (95232K), 9 survivors (9216K)
 Metaspace       used 81424K, capacity 83547K, committed 83788K, reserved 1122304K
  class space    used 10283K, capacity 11023K, committed 11136K, reserved 1048576K
}
Event: 2018.781 GC heap after
{Heap after GC invocations=18 (full 0):
 garbage-first heap   total 187392K, used 71494K [0x0000000080000000, 0x0000000100000000)
  region size 1024K, 12 young (12288K), 12 survivors (12288K)
 Metaspace       used 81424K, capacity 83547K, committed 83788K, reserved 1122304K
  class space    used 10283K, capacity 11023K, committed 11136K, reserved 1048576K
}
Event: 2022.190 GC heap before
{Heap before GC invocations=18 (full 0):
 garbage-first heap   total 187392K, used 147270K [0x0000000080000000, 0x0000000100000000)
  region size 1024K, 82 young (83968K), 12 survivors (12288K)
 Metaspace       used 81863K, capacity 83976K, committed 84300K, reserved 1122304K
  class space    used 10313K, capacity 11059K, committed 11136K, reserved 1048576K
}
Event: 2022.255 GC heap after
{Heap after GC invocations=19 (full 0):
 garbage-first heap   total 187392K, used 83504K [0x0000000080000000, 0x0000000100000000)
  region size 1024K, 11 young (11264K), 11 survivors (11264K)
 Metaspace       used 81863K, capacity 83976K, committed 84300K, reserved 1122304K
  class space    used 10313K, capacity 11059K, committed 11136K, reserved 1048576K
}
Event: 2022.531 GC heap before
{Heap before GC invocations=19 (full 0):
 garbage-first heap   total 187392K, used 99888K [0x0000000080000000, 0x0000000100000000)
  region size 1024K, 16 young (16384K), 11 survivors (11264K)
 Metaspace       used 81866K, capacity 83976K, committed 84300K, reserved 1122304K
  class space    used 10313K, capacity 11059K, committed 11136K, reserved 1048576K
}
Event: 2022.559 GC heap after
{Heap after GC invocations=20 (full 0):
 garbage-first heap   total 187392K, used 89595K [0x0000000080000000, 0x0000000100000000)
  region size 1024K, 4 young (4096K), 4 survivors (4096K)
 Metaspace       used 81866K, capacity 83976K, committed 84300K, reserved 1122304K
  class space    used 10313K, capacity 11059K, committed 11136K, reserved 1048576K
}
Event: 2024.199 GC heap before
{Heap before GC invocations=21 (full 0):
 garbage-first heap   total 187392K, used 141819K [0x0000000080000000, 0x0000000100000000)
  region size 1024K, 53 young (54272K), 4 survivors (4096K)
 Metaspace       used 85080K, capacity 86922K, committed 87628K, reserved 1126400K
  class space    used 10514K, capacity 11144K, committed 11392K, reserved 1048576K
}
Event: 2024.220 GC heap after
{Heap after GC invocations=22 (full 0):
 garbage-first heap   total 187392K, used 92134K [0x0000000080000000, 0x0000000100000000)
  region size 1024K, 7 young (7168K), 7 survivors (7168K)
 Metaspace       used 85080K, capacity 86922K, committed 87628K, reserved 1126400K
  class space    used 10514K, capacity 11144K, committed 11392K, reserved 1048576K
}
Event: 2024.254 GC heap before
{Heap before GC invocations=22 (full 0):
 garbage-first heap   total 187392K, used 94182K [0x0000000080000000, 0x0000000100000000)
  region size 1024K, 9 young (9216K), 7 survivors (7168K)
 Metaspace       used 85080K, capacity 86922K, committed 87628K, reserved 1126400K
  class space    used 10514K, capacity 11144K, committed 11392K, reserved 1048576K
}
Event: 2024.271 GC heap after
{Heap after GC invocations=23 (full 0):
 garbage-first heap   total 187392K, used 90064K [0x0000000080000000, 0x0000000100000000)
  region size 1024K, 2 young (2048K), 2 survivors (2048K)
 Metaspace       used 85080K, capacity 86922K, committed 87628K, reserved 1126400K
  class space    used 10514K, capacity 11144K, committed 11392K, reserved 1048576K
}
Event: 2024.989 GC heap before
{Heap before GC invocations=23 (full 0):
 garbage-first heap   total 187392K, used 141264K [0x0000000080000000, 0x0000000100000000)
  region size 1024K, 53 young (54272K), 2 survivors (2048K)
 Metaspace       used 85844K, capacity 87775K, committed 88396K, reserved 1126400K
  class space    used 10571K, capacity 11214K, committed 11392K, reserved 1048576K
}
Event: 2025.005 GC heap after
{Heap after GC invocations=24 (full 0):
 garbage-first heap   total 187392K, used 91955K [0x0000000080000000, 0x0000000100000000)
  region size 1024K, 3 young (3072K), 3 survivors (3072K)
 Metaspace       used 85844K, capacity 87775K, committed 88396K, reserved 1126400K
  class space    used 10571K, capacity 11214K, committed 11392K, reserved 1048576K
}
Event: 2026.131 GC heap before
{Heap before GC invocations=25 (full 0):
 garbage-first heap   total 187392K, used 135987K [0x0000000080000000, 0x0000000100000000)
  region size 1024K, 56 young (57344K), 3 survivors (3072K)
 Metaspace       used 86537K, capacity 88448K, committed 89036K, reserved 1126400K
  class space    used 10615K, capacity 11257K, committed 11520K, reserved 1048576K
}
Event: 2026.141 GC heap after
{Heap after GC invocations=26 (full 0):
 garbage-first heap   total 187392K, used 83263K [0x0000000080000000, 0x0000000100000000)
  region size 1024K, 4 young (4096K), 4 survivors (4096K)
 Metaspace       used 86537K, capacity 88448K, committed 89036K, reserved 1126400K
  class space    used 10615K, capacity 11257K, committed 11520K, reserved 1048576K
}
Event: 2026.257 GC heap before
{Heap before GC invocations=26 (full 0):
 garbage-first heap   total 187392K, used 87359K [0x0000000080000000, 0x0000000100000000)
  region size 1024K, 9 young (9216K), 4 survivors (4096K)
 Metaspace       used 86575K, capacity 88490K, committed 89036K, reserved 1126400K
  class space    used 10619K, capacity 11264K, committed 11520K, reserved 1048576K
}
Event: 2026.281 GC heap after
{Heap after GC invocations=27 (full 0):
 garbage-first heap   total 187392K, used 68413K [0x0000000080000000, 0x0000000100000000)
  region size 1024K, 1 young (1024K), 1 survivors (1024K)
 Metaspace       used 86575K, capacity 88490K, committed 89036K, reserved 1126400K
  class space    used 10619K, capacity 11264K, committed 11520K, reserved 1048576K
}
Event: 2026.406 GC heap before
{Heap before GC invocations=27 (full 0):
 garbage-first heap   total 187392K, used 75581K [0x0000000080000000, 0x0000000100000000)
  region size 1024K, 9 young (9216K), 1 survivors (1024K)
 Metaspace       used 86622K, capacity 88572K, committed 89292K, reserved 1126400K
  class space    used 10624K, capacity 11267K, committed 11520K, reserved 1048576K
}
Event: 2026.418 GC heap after
{Heap after GC invocations=28 (full 0):
 garbage-first heap   total 187392K, used 67966K [0x0000000080000000, 0x0000000100000000)
  region size 1024K, 2 young (2048K), 2 survivors (2048K)
 Metaspace       used 86622K, capacity 88572K, committed 89292K, reserved 1126400K
  class space    used 10624K, capacity 11267K, committed 11520K, reserved 1048576K
}
Event: 2034.417 GC heap before
{Heap before GC invocations=28 (full 0):
 garbage-first heap   total 187392K, used 136574K [0x0000000080000000, 0x0000000100000000)
  region size 1024K, 70 young (71680K), 2 survivors (2048K)
 Metaspace       used 90735K, capacity 92706K, committed 93132K, reserved 1130496K
  class space    used 11143K, capacity 11821K, committed 12032K, reserved 1048576K
}
Event: 2034.431 GC heap after
{Heap after GC invocations=29 (full 0):
 garbage-first heap   total 187392K, used 71539K [0x0000000080000000, 0x0000000100000000)
  region size 1024K, 5 young (5120K), 5 survivors (5120K)
 Metaspace       used 90735K, capacity 92706K, committed 93132K, reserved 1130496K
  class space    used 11143K, capacity 11821K, committed 12032K, reserved 1048576K
}

Deoptimization events (20 events):
Event: 2070.534 Thread 0x00000234dd82e800 Uncommon trap: trap_request=0xffffffbe fr.pc=0x00000234cc6f81c0 relative=0x0000000000000220
Event: 2070.534 Thread 0x00000234dd82e800 Uncommon trap: reason=profile_predicate action=maybe_recompile pc=0x00000234cc6f81c0 method=org.apache.commons.lang.StringUtils.containsAny(Ljava/lang/String;[C)Z @ 40 c2
Event: 2070.534 Thread 0x00000234dd82e800 DEOPT PACKING pc=0x00000234cc6f81c0 sp=0x000000a995ff9e40
Event: 2070.534 Thread 0x00000234dd82e800 DEOPT UNPACKING pc=0x00000234c43f74af sp=0x000000a995ff9db0 mode 2
Event: 2070.612 Thread 0x00000234dd82e800 Uncommon trap: trap_request=0xffffffbe fr.pc=0x00000234cc6f81c0 relative=0x0000000000000220
Event: 2070.612 Thread 0x00000234dd82e800 Uncommon trap: reason=profile_predicate action=maybe_recompile pc=0x00000234cc6f81c0 method=org.apache.commons.lang.StringUtils.containsAny(Ljava/lang/String;[C)Z @ 40 c2
Event: 2070.612 Thread 0x00000234dd82e800 DEOPT PACKING pc=0x00000234cc6f81c0 sp=0x000000a995ffaee0
Event: 2070.612 Thread 0x00000234dd82e800 DEOPT UNPACKING pc=0x00000234c43f74af sp=0x000000a995ffae50 mode 2
Event: 2070.634 Thread 0x00000234dd82e800 Uncommon trap: trap_request=0xffffffbe fr.pc=0x00000234cc6f81c0 relative=0x0000000000000220
Event: 2070.634 Thread 0x00000234dd82e800 Uncommon trap: reason=profile_predicate action=maybe_recompile pc=0x00000234cc6f81c0 method=org.apache.commons.lang.StringUtils.containsAny(Ljava/lang/String;[C)Z @ 40 c2
Event: 2070.634 Thread 0x00000234dd82e800 DEOPT PACKING pc=0x00000234cc6f81c0 sp=0x000000a995ffa620
Event: 2070.634 Thread 0x00000234dd82e800 DEOPT UNPACKING pc=0x00000234c43f74af sp=0x000000a995ffa590 mode 2
Event: 2070.648 Thread 0x00000234dd82e800 Uncommon trap: trap_request=0xffffffbe fr.pc=0x00000234cc6f81c0 relative=0x0000000000000220
Event: 2070.648 Thread 0x00000234dd82e800 Uncommon trap: reason=profile_predicate action=maybe_recompile pc=0x00000234cc6f81c0 method=org.apache.commons.lang.StringUtils.containsAny(Ljava/lang/String;[C)Z @ 40 c2
Event: 2070.648 Thread 0x00000234dd82e800 DEOPT PACKING pc=0x00000234cc6f81c0 sp=0x000000a995ffa810
Event: 2070.648 Thread 0x00000234dd82e800 DEOPT UNPACKING pc=0x00000234c43f74af sp=0x000000a995ffa780 mode 2
Event: 2071.818 Thread 0x00000234e50ea800 Uncommon trap: trap_request=0xffffff4d fr.pc=0x00000234cc43dcf4 relative=0x0000000000000f34
Event: 2071.818 Thread 0x00000234e50ea800 Uncommon trap: reason=unstable_if action=reinterpret pc=0x00000234cc43dcf4 method=java.util.concurrent.ConcurrentLinkedQueue.poll()Ljava/lang/Object; @ 24 c2
Event: 2071.819 Thread 0x00000234e50ea800 DEOPT PACKING pc=0x00000234cc43dcf4 sp=0x000000a9971fd620
Event: 2071.819 Thread 0x00000234e50ea800 DEOPT UNPACKING pc=0x00000234c43f74af sp=0x000000a9971fd578 mode 2

Classes redefined (0 events):
No events

Internal exceptions (20 events):
Event: 2027.009 Thread 0x00000234e50eb000 Exception <a 'java/lang/NoSuchMethodError'{0x0000000089809348}: 'int java.lang.invoke.DirectMethodHandle$Holder.invokeSpecial(java.lang.Object, java.lang.Object, java.lang.Object, java.lang.Object, java.lang.Object)'> (0x0000000089809348) thrown at [./src/hotspot/share/interpreter/linkResolver.cpp, line 773]
Event: 2028.259 Thread 0x00000234e50ee800 Exception <a 'java/lang/NoSuchMethodError'{0x0000000087891200}: 'void java.lang.invoke.DirectMethodHandle$Holder.invokeStatic(java.lang.Object, long)'> (0x0000000087891200) thrown at [./src/hotspot/share/interpreter/linkResolver.cpp, line 773]
Event: 2028.260 Thread 0x00000234e50ee800 Exception <a 'java/lang/NoSuchMethodError'{0x0000000087896418}: 'java.lang.Object java.lang.invoke.DirectMethodHandle$Holder.invokeStatic(java.lang.Object, long)'> (0x0000000087896418) thrown at [./src/hotspot/share/interpreter/linkResolver.cpp, line 773]
Event: 2028.264 Thread 0x00000234e50ee800 Exception <a 'java/lang/NoSuchMethodError'{0x00000000878a77a0}: 'java.lang.Object java.lang.invoke.DirectMethodHandle$Holder.invokeStaticInit(java.lang.Object, java.lang.Object, long, java.lang.Object)'> (0x00000000878a77a0) thrown at [./src/hotspot/share/interpreter/linkResolver.cpp, line 773]
Event: 2028.265 Thread 0x00000234e50ee800 Exception <a 'java/lang/NoSuchMethodError'{0x00000000878adbf8}: 'java.lang.Object java.lang.invoke.DirectMethodHandle$Holder.invokeStatic(java.lang.Object, java.lang.Object, long)'> (0x00000000878adbf8) thrown at [./src/hotspot/share/interpreter/linkResolver.cpp, line 773]
Event: 2028.266 Thread 0x00000234e50ee800 Exception <a 'java/lang/NoSuchMethodError'{0x00000000878b4170}: 'java.lang.Object java.lang.invoke.Invokers$Holder.linkToTargetMethod(java.lang.Object, long, java.lang.Object)'> (0x00000000878b4170) thrown at [./src/hotspot/share/interpreter/linkResolver.cpp, line 773]
Event: 2029.112 Thread 0x00000234e50ee800 Exception <a 'java/lang/NoSuchMethodError'{0x00000000877cd9c0}: 'int java.lang.invoke.DirectMethodHandle$Holder.invokeSpecialIFC(java.lang.Object, java.lang.Object, java.lang.Object)'> (0x00000000877cd9c0) thrown at [./src/hotspot/share/interpreter/linkResolver.cpp, line 773]
Event: 2034.102 Thread 0x00000234e50ee800 Exception <a 'sun/nio/fs/WindowsException'{0x00000000877dab90}> (0x00000000877dab90) thrown at [./src/hotspot/share/prims/jni.cpp, line 615]
Event: 2034.103 Thread 0x00000234e50ee800 Exception <a 'sun/nio/fs/WindowsException'{0x00000000877db188}> (0x00000000877db188) thrown at [./src/hotspot/share/prims/jni.cpp, line 615]
Event: 2034.331 Thread 0x00000234dd830000 Exception <a 'java/lang/NoSuchMethodError'{0x000000008712d958}: <clinit>> (0x000000008712d958) thrown at [./src/hotspot/share/prims/jni.cpp, line 1362]
Event: 2034.340 Thread 0x00000234dd830000 Exception <a 'java/lang/NoSuchMethodError'{0x0000000087171c88}: <clinit>> (0x0000000087171c88) thrown at [./src/hotspot/share/prims/jni.cpp, line 1362]
Event: 2034.689 Thread 0x00000234dd82d800 Exception <a 'java/lang/NoSuchMethodError'{0x000000008b4e1510}: <clinit>> (0x000000008b4e1510) thrown at [./src/hotspot/share/prims/jni.cpp, line 1362]
Event: 2034.695 Thread 0x00000234dd82d800 Exception <a 'java/lang/NoSuchMethodError'{0x000000008b4f2790}: <clinit>> (0x000000008b4f2790) thrown at [./src/hotspot/share/prims/jni.cpp, line 1362]
Event: 2034.695 Thread 0x00000234dd82d800 Exception <a 'java/lang/NoSuchMethodError'{0x000000008b4f3e78}: <clinit>> (0x000000008b4f3e78) thrown at [./src/hotspot/share/prims/jni.cpp, line 1362]
Event: 2034.700 Thread 0x00000234dd82d800 Exception <a 'java/lang/NoSuchMethodError'{0x000000008b308de0}: <clinit>> (0x000000008b308de0) thrown at [./src/hotspot/share/prims/jni.cpp, line 1362]
Event: 2034.704 Thread 0x00000234dd82d800 Exception <a 'java/lang/NoSuchMethodError'{0x000000008b3151a0}: <clinit>> (0x000000008b3151a0) thrown at [./src/hotspot/share/prims/jni.cpp, line 1362]
Event: 2034.709 Thread 0x00000234dd82d800 Exception <a 'java/lang/NoSuchMethodError'{0x000000008b327d60}: <clinit>> (0x000000008b327d60) thrown at [./src/hotspot/share/prims/jni.cpp, line 1362]
Event: 2034.788 Thread 0x00000234dd82d800 Exception <a 'java/lang/NoSuchMethodError'{0x000000008b3421b8}: <clinit>> (0x000000008b3421b8) thrown at [./src/hotspot/share/prims/jni.cpp, line 1362]
Event: 2034.790 Thread 0x00000234dd82d800 Exception <a 'java/lang/NoSuchMethodError'{0x000000008b350bf8}: <clinit>> (0x000000008b350bf8) thrown at [./src/hotspot/share/prims/jni.cpp, line 1362]
Event: 2070.957 Thread 0x00000234dd82e800 Exception <a 'sun/nio/fs/WindowsException'{0x0000000089ac7c68}> (0x0000000089ac7c68) thrown at [./src/hotspot/share/prims/jni.cpp, line 615]

Events (20 events):
Event: 2071.363 Thread 0x00000234dd82c800 Thread added: 0x00000234dd82c800
Event: 2071.363 Thread 0x00000234dd82f000 Thread added: 0x00000234dd82f000
Event: 2071.363 Executing VM operation: RevokeBias
Event: 2071.366 Executing VM operation: RevokeBias done
Event: 2071.366 Thread 0x00000234dd831800 Thread added: 0x00000234dd831800
Event: 2071.367 Thread 0x00000234dd82c000 Thread added: 0x00000234dd82c000
Event: 2071.367 Thread 0x00000234dd835800 Thread added: 0x00000234dd835800
Event: 2071.370 Thread 0x00000234dd831000 Thread added: 0x00000234dd831000
Event: 2071.386 Executing VM operation: RevokeBias
Event: 2071.388 Executing VM operation: RevokeBias done
Event: 2071.391 Executing VM operation: RevokeBias
Event: 2071.392 Executing VM operation: RevokeBias done
Event: 2071.392 Executing VM operation: RevokeBias
Event: 2071.395 Executing VM operation: RevokeBias done
Event: 2071.480 Executing VM operation: RevokeBias
Event: 2071.482 Executing VM operation: RevokeBias done
Event: 2071.487 Executing VM operation: RevokeBias
Event: 2071.488 Executing VM operation: RevokeBias done
Event: 2071.499 Executing VM operation: RevokeBias
Event: 2071.500 Executing VM operation: RevokeBias done


Dynamic libraries:
0x00007ff7d4d30000 - 0x00007ff7d4d3a000 	C:\Program Files\Android\Android Studio\jre\bin\java.exe
0x00007ffcd1ea0000 - 0x00007ffcd20a7000 	C:\WINDOWS\SYSTEM32\ntdll.dll
0x00007ffcd0010000 - 0x00007ffcd00cd000 	C:\WINDOWS\System32\KERNEL32.DLL
0x00007ffccf540000 - 0x00007ffccf8b2000 	C:\WINDOWS\System32\KERNELBASE.dll
0x00007ffcc88b0000 - 0x00007ffcc8942000 	C:\WINDOWS\SYSTEM32\apphelp.dll
0x00007ffccfa80000 - 0x00007ffccfb91000 	C:\WINDOWS\System32\ucrtbase.dll
0x00007ffcb6b50000 - 0x00007ffcb6b67000 	C:\Program Files\Android\Android Studio\jre\bin\VCRUNTIME140.dll
0x00007ffcbb250000 - 0x00007ffcbb269000 	C:\Program Files\Android\Android Studio\jre\bin\jli.dll
0x00007ffcd0990000 - 0x00007ffcd0b3c000 	C:\WINDOWS\System32\USER32.dll
0x00007ffcb2080000 - 0x00007ffcb2325000 	C:\WINDOWS\WinSxS\amd64_microsoft.windows.common-controls_6595b64144ccf1df_6.0.21390.1_none_71fe35e189dc7366\COMCTL32.dll
0x00007ffccf3d0000 - 0x00007ffccf3f6000 	C:\WINDOWS\System32\win32u.dll
0x00007ffcd13d0000 - 0x00007ffcd1473000 	C:\WINDOWS\System32\msvcrt.dll
0x00007ffcd0fb0000 - 0x00007ffcd0fd9000 	C:\WINDOWS\System32\GDI32.dll
0x00007ffccf960000 - 0x00007ffccfa72000 	C:\WINDOWS\System32\gdi32full.dll
0x00007ffccf8c0000 - 0x00007ffccf95d000 	C:\WINDOWS\System32\msvcp_win.dll
0x00007ffcd1e10000 - 0x00007ffcd1e41000 	C:\WINDOWS\System32\IMM32.DLL
0x00007ffca5980000 - 0x00007ffca5a1d000 	C:\Program Files\Android\Android Studio\jre\bin\msvcp140.dll
0x00007ffc8bf60000 - 0x00007ffc8ca1c000 	C:\Program Files\Android\Android Studio\jre\bin\server\jvm.dll
0x00007ffcd0fe0000 - 0x00007ffcd108c000 	C:\WINDOWS\System32\ADVAPI32.dll
0x00007ffcd12d0000 - 0x00007ffcd136d000 	C:\WINDOWS\System32\sechost.dll
0x00007ffcd1130000 - 0x00007ffcd1251000 	C:\WINDOWS\System32\RPCRT4.dll
0x00007ffccff50000 - 0x00007ffccff58000 	C:\WINDOWS\System32\PSAPI.DLL
0x00007ffcc6d40000 - 0x00007ffcc6d71000 	C:\WINDOWS\SYSTEM32\WINMM.dll
0x00007ffcbbf60000 - 0x00007ffcbbf69000 	C:\WINDOWS\SYSTEM32\WSOCK32.dll
0x00007ffcc6720000 - 0x00007ffcc672a000 	C:\WINDOWS\SYSTEM32\VERSION.dll
0x00007ffcd1260000 - 0x00007ffcd12cf000 	C:\WINDOWS\System32\WS2_32.dll
0x00007ffcce5f0000 - 0x00007ffcce607000 	C:\WINDOWS\SYSTEM32\kernel.appcore.dll
0x00007ffcbb4b0000 - 0x00007ffcbb4c1000 	C:\Program Files\Android\Android Studio\jre\bin\verify.dll
0x00007ffccce40000 - 0x00007ffccd061000 	C:\WINDOWS\SYSTEM32\DBGHELP.DLL
0x00007ffcb4980000 - 0x00007ffcb49b1000 	C:\WINDOWS\SYSTEM32\dbgcore.DLL
0x00007ffccf400000 - 0x00007ffccf480000 	C:\WINDOWS\System32\bcryptPrimitives.dll
0x00007ffcba600000 - 0x00007ffcba629000 	C:\Program Files\Android\Android Studio\jre\bin\java.dll
0x00007ffcbbf50000 - 0x00007ffcbbf5b000 	C:\Program Files\Android\Android Studio\jre\bin\jimage.dll
0x00007ffcbb490000 - 0x00007ffcbb4a8000 	C:\Program Files\Android\Android Studio\jre\bin\zip.dll
0x00007ffcd1640000 - 0x00007ffcd1d92000 	C:\WINDOWS\System32\SHELL32.dll
0x00007ffccd510000 - 0x00007ffccdd68000 	C:\WINDOWS\SYSTEM32\windows.storage.dll
0x00007ffcd0520000 - 0x00007ffcd0895000 	C:\WINDOWS\System32\combase.dll
0x00007ffccd3a0000 - 0x00007ffccd506000 	C:\WINDOWS\SYSTEM32\wintypes.dll
0x00007ffcd08a0000 - 0x00007ffcd098a000 	C:\WINDOWS\System32\SHCORE.dll
0x00007ffcd04c0000 - 0x00007ffcd051d000 	C:\WINDOWS\System32\shlwapi.dll
0x00007ffccf300000 - 0x00007ffccf321000 	C:\WINDOWS\SYSTEM32\profapi.dll
0x00007ffcbaed0000 - 0x00007ffcbaeea000 	C:\Program Files\Android\Android Studio\jre\bin\net.dll
0x00007ffcc6290000 - 0x00007ffcc639c000 	C:\WINDOWS\SYSTEM32\WINHTTP.dll
0x00007ffccea00000 - 0x00007ffccea67000 	C:\WINDOWS\system32\mswsock.dll
0x00007ffcba6c0000 - 0x00007ffcba6d4000 	C:\Program Files\Android\Android Studio\jre\bin\nio.dll
0x00007ffcbb280000 - 0x00007ffcbb2a6000 	C:\Users\ddroy\.gradle\native\fdc75f09e3144964f2cf3f50f0aa648679c211496f362492102eb8c894070792\windows-amd64\native-platform.dll
0x00007ffc8d8d0000 - 0x00007ffc8da61000 	C:\Users\ddroy\.gradle\native\12488b8bf47d2d4c9fbf2f6322a914ad602e24e48041cd04a747c6da556b65c4\windows-amd64\native-platform-file-events.dll
0x00007ffcbb460000 - 0x00007ffcbb46a000 	C:\Program Files\Android\Android Studio\jre\bin\management.dll
0x00007ffcbb2b0000 - 0x00007ffcbb2bc000 	C:\Program Files\Android\Android Studio\jre\bin\management_ext.dll
0x00007ffccec40000 - 0x00007ffccec58000 	C:\WINDOWS\SYSTEM32\CRYPTSP.dll
0x00007ffcce550000 - 0x00007ffcce585000 	C:\WINDOWS\system32\rsaenh.dll
0x00007ffcceaf0000 - 0x00007ffcceb19000 	C:\WINDOWS\SYSTEM32\USERENV.dll
0x00007ffccedc0000 - 0x00007ffccede7000 	C:\WINDOWS\SYSTEM32\bcrypt.dll
0x00007ffccec60000 - 0x00007ffccec6c000 	C:\WINDOWS\SYSTEM32\CRYPTBASE.dll
0x00007ffcce130000 - 0x00007ffcce15d000 	C:\WINDOWS\SYSTEM32\IPHLPAPI.DLL
0x00007ffcd1090000 - 0x00007ffcd1099000 	C:\WINDOWS\System32\NSI.dll
0x00007ffcc6540000 - 0x00007ffcc6559000 	C:\WINDOWS\SYSTEM32\dhcpcsvc6.DLL
0x00007ffcc6960000 - 0x00007ffcc697e000 	C:\WINDOWS\SYSTEM32\dhcpcsvc.DLL
0x00007ffcce160000 - 0x00007ffcce245000 	C:\WINDOWS\SYSTEM32\DNSAPI.dll
0x00007ffcc6530000 - 0x00007ffcc653c000 	C:\WINDOWS\SYSTEM32\WINNSI.DLL

dbghelp: loaded successfully - version: 4.0.5 - missing functions: none
symbol engine: initialized successfully - sym options: 0x614 - pdb path: .;C:\Program Files\Android\Android Studio\jre\bin;C:\WINDOWS\SYSTEM32;C:\WINDOWS\WinSxS\amd64_microsoft.windows.common-controls_6595b64144ccf1df_6.0.21390.1_none_71fe35e189dc7366;C:\Program Files\Android\Android Studio\jre\bin\server;C:\Users\ddroy\.gradle\native\fdc75f09e3144964f2cf3f50f0aa648679c211496f362492102eb8c894070792\windows-amd64;C:\Users\ddroy\.gradle\native\12488b8bf47d2d4c9fbf2f6322a914ad602e24e48041cd04a747c6da556b65c4\windows-amd64

VM Arguments:
jvm_args: --add-opens=java.base/java.util=ALL-UNNAMED --add-opens=java.base/java.lang=ALL-UNNAMED --add-opens=java.base/java.lang.invoke=ALL-UNNAMED --add-opens=java.prefs/java.util.prefs=ALL-UNNAMED -Xmx2048m -Dfile.encoding=UTF-8 -Duser.country=US -Duser.language=en -Duser.variant 
java_command: org.gradle.launcher.daemon.bootstrap.GradleDaemon 6.7.1
java_class_path (initial): C:\Users\ddroy\.gradle\wrapper\dists\gradle-6.7.1-bin\bwlcbys1h7rz3272sye1xwiv6\gradle-6.7.1\lib\gradle-launcher-6.7.1.jar
Launcher Type: SUN_STANDARD

[Global flags]
     intx CICompilerCount                          = 4                                         {product} {ergonomic}
     uint ConcGCThreads                            = 2                                         {product} {ergonomic}
     uint G1ConcRefinementThreads                  = 8                                         {product} {ergonomic}
   size_t G1HeapRegionSize                         = 1048576                                   {product} {ergonomic}
    uintx GCDrainStackTargetSize                   = 64                                        {product} {ergonomic}
   size_t InitialHeapSize                          = 132120576                                 {product} {ergonomic}
   size_t MarkStackSize                            = 4194304                                   {product} {ergonomic}
   size_t MaxHeapSize                              = 2147483648                                {product} {command line}
   size_t MaxNewSize                               = 1287651328                                {product} {ergonomic}
   size_t MinHeapDeltaBytes                        = 1048576                                   {product} {ergonomic}
    uintx NonNMethodCodeHeapSize                   = 5836300                                {pd product} {ergonomic}
    uintx NonProfiledCodeHeapSize                  = 122910970                              {pd product} {ergonomic}
    uintx ProfiledCodeHeapSize                     = 122910970                              {pd product} {ergonomic}
    uintx ReservedCodeCacheSize                    = 251658240                              {pd product} {ergonomic}
     bool SegmentedCodeCache                       = true                                      {product} {ergonomic}
     bool UseCompressedClassPointers               = true                                 {lp64_product} {ergonomic}
     bool UseCompressedOops                        = true                                 {lp64_product} {ergonomic}
     bool UseG1GC                                  = true                                      {product} {ergonomic}
     bool UseLargePagesIndividualAllocation        = false                                  {pd product} {ergonomic}

Logging:
Log output configuration:
 #0: stdout all=warning uptime,level,tags
 #1: stderr all=off uptime,level,tags

Environment Variables:
PATH=C:\Program Files (x86)\Common Files\Oracle\Java\javapath;C:\Program Files\Common Files\Oracle\Java\javapath;C:\Windows\system32;C:\Windows;C:\Windows\System32\Wbem;C:\Windows\System32\WindowsPowerShell\v1.0\;C:\Windows\System32\OpenSSH\;C:\Program Files (x86)\NVIDIA Corporation\PhysX\Common;C:\Program Files\Intel\WiFi\bin\;C:\Program Files\Common Files\Intel\WirelessCommon\;C:\WINDOWS\system32;C:\WINDOWS;C:\WINDOWS\System32\Wbem;C:\WINDOWS\System32\WindowsPowerShell\v1.0\;C:\Program Files\Microsoft VS Code\bin;C:\MinGW\bin;C:\Program Files\Git\cmd;C:\Program Files (x86)\Microsoft SQL Server\100\Tools\Binn\;C:\Program Files\Microsoft SQL Server\100\Tools\Binn\;C:\Program Files\Microsoft SQL Server\100\DTS\Binn\;C:\Program Files\dotnet\;C:\WINDOWS\System32\OpenSSH\;C:\Users\ddroy\AppData\Local\Programs\Python\Python37-32\Scripts\;C:\Users\ddroy\AppData\Local\Programs\Python\Python37-32\;C:\Users\ddroy\AppData\Local\Microsoft\WindowsApps;;C:\Program Files\JetBrains\IntelliJ IDEA 2020.3.1\bin;
USERNAME=ddroy
OS=Windows_NT
PROCESSOR_IDENTIFIER=Intel64 Family 6 Model 142 Stepping 11, GenuineIntel



---------------  S Y S T E M  ---------------

OS: Windows 10 , 64 bit Build 21390 (10.0.21390.1)
OS uptime: 6 days 4:25 hours

CPU:total 8 (initial active 8) (4 cores per cpu, 2 threads per core) family 6 model 142 stepping 11, cmov, cx8, fxsr, mmx, sse, sse2, sse3, ssse3, sse4.1, sse4.2, popcnt, avx, avx2, aes, clmul, erms, 3dnowpref, lzcnt, ht, tsc, tscinvbit, bmi1, bmi2, adx, fma

Memory: 4k page, system-wide physical 8043M (297M free)
TotalPageFile size 24129M (AvailPageFile size 1M)
current process WorkingSet (physical memory assigned to process): 284M, peak: 435M
current process commit charge ("private bytes"): 491M, peak: 518M

vm_info: OpenJDK 64-Bit Server VM (11.0.8+10-b944.6842174) for windows-amd64 JRE (11.0.8+10-b944.6842174), built on Sep 19 2020 01:11:42 by "builder" with MS VC++ 14.0 (VS2015)

END.
